{"numFailedTestSuites":27,"numFailedTests":145,"numPassedTestSuites":4,"numPassedTests":68,"numPendingTestSuites":0,"numPendingTests":0,"numRuntimeErrorTestSuites":12,"numTodoTests":4,"numTotalTestSuites":31,"numTotalTests":217,"openHandles":[],"snapshot":{"added":0,"didUpdate":false,"failure":false,"filesAdded":0,"filesRemoved":0,"filesRemovedList":[],"filesUnmatched":0,"filesUpdated":0,"matched":0,"total":0,"unchecked":0,"uncheckedKeysByFile":[],"unmatched":0,"updated":0},"startTime":1755625247484,"success":false,"testResults":[{"assertionResults":[],"coverage":{},"endTime":1755625648200,"message":"  \u001b[1m● \u001b[22mTest suite failed to run\n\n    \u001b[1m\u001b[31mJest encountered an unexpected token\u001b[39m\u001b[22m\n\n    Jest failed to parse a file. This happens e.g. when your code or its dependencies use non-standard JavaScript syntax, or when Jest is not configured to support such syntax.\n\n    Out of the box Jest supports Babel, which will be used to transform your files into valid JS based on your Babel configuration.\n\n    By default \"node_modules\" folder is ignored by transformers.\n\n    Here's what you can do:\n     • If you are trying to use ECMAScript Modules, see \u001b[4mhttps://jestjs.io/docs/ecmascript-modules\u001b[24m for how to enable it.\n     • If you are trying to use TypeScript, see \u001b[4mhttps://jestjs.io/docs/getting-started#using-typescript\u001b[24m\n     • To have some of your \"node_modules\" files transformed, you can specify a custom \u001b[1m\"transformIgnorePatterns\"\u001b[22m in your config.\n     • If you need a custom transformation specify a \u001b[1m\"transform\"\u001b[22m option in your config.\n     • If you simply want to mock your non-JS modules (e.g. binary assets) you can stub them out with the \u001b[1m\"moduleNameMapper\"\u001b[22m config option.\n\n    You'll find more details and examples of these config options in the docs:\n    \u001b[36mhttps://jestjs.io/docs/configuration\u001b[39m\n    For information about custom transformations, see:\n    \u001b[36mhttps://jestjs.io/docs/code-transformation\u001b[39m\n\n    \u001b[1m\u001b[31mDetails:\u001b[39m\u001b[22m\n\n    /home/carlossprekelsen/CameraRecorder/MediaMTX-Camera-Service-Client/client/tests/integration/test_sprint_3_integration.js:25\n    import WebSocket from 'ws';\n    ^^^^^^\n\n    SyntaxError: Cannot use import statement outside a module\n\n      \u001b[2mat Runtime.createScriptFromCode (\u001b[22mnode_modules/jest-runtime/build/index.js\u001b[2m:1505:14)\u001b[22m\n","name":"/home/carlossprekelsen/CameraRecorder/MediaMTX-Camera-Service-Client/client/tests/integration/test_sprint_3_integration.js","startTime":1755625648200,"status":"failed","summary":""},{"assertionResults":[],"coverage":{},"endTime":1755625648200,"message":"  \u001b[1m● \u001b[22mTest suite failed to run\n\n    \u001b[1m\u001b[31mJest encountered an unexpected token\u001b[39m\u001b[22m\n\n    Jest failed to parse a file. This happens e.g. when your code or its dependencies use non-standard JavaScript syntax, or when Jest is not configured to support such syntax.\n\n    Out of the box Jest supports Babel, which will be used to transform your files into valid JS based on your Babel configuration.\n\n    By default \"node_modules\" folder is ignored by transformers.\n\n    Here's what you can do:\n     • If you are trying to use ECMAScript Modules, see \u001b[4mhttps://jestjs.io/docs/ecmascript-modules\u001b[24m for how to enable it.\n     • If you are trying to use TypeScript, see \u001b[4mhttps://jestjs.io/docs/getting-started#using-typescript\u001b[24m\n     • To have some of your \"node_modules\" files transformed, you can specify a custom \u001b[1m\"transformIgnorePatterns\"\u001b[22m in your config.\n     • If you need a custom transformation specify a \u001b[1m\"transform\"\u001b[22m option in your config.\n     • If you simply want to mock your non-JS modules (e.g. binary assets) you can stub them out with the \u001b[1m\"moduleNameMapper\"\u001b[22m config option.\n\n    You'll find more details and examples of these config options in the docs:\n    \u001b[36mhttps://jestjs.io/docs/configuration\u001b[39m\n    For information about custom transformations, see:\n    \u001b[36mhttps://jestjs.io/docs/code-transformation\u001b[39m\n\n    \u001b[1m\u001b[31mDetails:\u001b[39m\u001b[22m\n\n    /home/carlossprekelsen/CameraRecorder/MediaMTX-Camera-Service-Client/client/tests/integration/test_sprint_3_day_9_integration.js:25\n    import WebSocket from 'ws';\n    ^^^^^^\n\n    SyntaxError: Cannot use import statement outside a module\n\n      \u001b[2mat Runtime.createScriptFromCode (\u001b[22mnode_modules/jest-runtime/build/index.js\u001b[2m:1505:14)\u001b[22m\n","name":"/home/carlossprekelsen/CameraRecorder/MediaMTX-Camera-Service-Client/client/tests/integration/test_sprint_3_day_9_integration.js","startTime":1755625648200,"status":"failed","summary":""},{"assertionResults":[],"coverage":{},"endTime":1755625648200,"message":"  \u001b[1m● \u001b[22mTest suite failed to run\n\n    \u001b[1m\u001b[31mJest encountered an unexpected token\u001b[39m\u001b[22m\n\n    Jest failed to parse a file. This happens e.g. when your code or its dependencies use non-standard JavaScript syntax, or when Jest is not configured to support such syntax.\n\n    Out of the box Jest supports Babel, which will be used to transform your files into valid JS based on your Babel configuration.\n\n    By default \"node_modules\" folder is ignored by transformers.\n\n    Here's what you can do:\n     • If you are trying to use ECMAScript Modules, see \u001b[4mhttps://jestjs.io/docs/ecmascript-modules\u001b[24m for how to enable it.\n     • If you are trying to use TypeScript, see \u001b[4mhttps://jestjs.io/docs/getting-started#using-typescript\u001b[24m\n     • To have some of your \"node_modules\" files transformed, you can specify a custom \u001b[1m\"transformIgnorePatterns\"\u001b[22m in your config.\n     • If you need a custom transformation specify a \u001b[1m\"transform\"\u001b[22m option in your config.\n     • If you simply want to mock your non-JS modules (e.g. binary assets) you can stub them out with the \u001b[1m\"moduleNameMapper\"\u001b[22m config option.\n\n    You'll find more details and examples of these config options in the docs:\n    \u001b[36mhttps://jestjs.io/docs/configuration\u001b[39m\n    For information about custom transformations, see:\n    \u001b[36mhttps://jestjs.io/docs/code-transformation\u001b[39m\n\n    \u001b[1m\u001b[31mDetails:\u001b[39m\u001b[22m\n\n    /home/carlossprekelsen/CameraRecorder/MediaMTX-Camera-Service-Client/client/tests/integration/test_realtime_features_integration.js:10\n    import WebSocket from 'ws';\n    ^^^^^^\n\n    SyntaxError: Cannot use import statement outside a module\n\n      \u001b[2mat Runtime.createScriptFromCode (\u001b[22mnode_modules/jest-runtime/build/index.js\u001b[2m:1505:14)\u001b[22m\n","name":"/home/carlossprekelsen/CameraRecorder/MediaMTX-Camera-Service-Client/client/tests/integration/test_realtime_features_integration.js","startTime":1755625648200,"status":"failed","summary":""},{"assertionResults":[],"coverage":{},"endTime":1755625648200,"message":"  \u001b[1m● \u001b[22mTest suite failed to run\n\n    \u001b[1m\u001b[31mJest encountered an unexpected token\u001b[39m\u001b[22m\n\n    Jest failed to parse a file. This happens e.g. when your code or its dependencies use non-standard JavaScript syntax, or when Jest is not configured to support such syntax.\n\n    Out of the box Jest supports Babel, which will be used to transform your files into valid JS based on your Babel configuration.\n\n    By default \"node_modules\" folder is ignored by transformers.\n\n    Here's what you can do:\n     • If you are trying to use ECMAScript Modules, see \u001b[4mhttps://jestjs.io/docs/ecmascript-modules\u001b[24m for how to enable it.\n     • If you are trying to use TypeScript, see \u001b[4mhttps://jestjs.io/docs/getting-started#using-typescript\u001b[24m\n     • To have some of your \"node_modules\" files transformed, you can specify a custom \u001b[1m\"transformIgnorePatterns\"\u001b[22m in your config.\n     • If you need a custom transformation specify a \u001b[1m\"transform\"\u001b[22m option in your config.\n     • If you simply want to mock your non-JS modules (e.g. binary assets) you can stub them out with the \u001b[1m\"moduleNameMapper\"\u001b[22m config option.\n\n    You'll find more details and examples of these config options in the docs:\n    \u001b[36mhttps://jestjs.io/docs/configuration\u001b[39m\n    For information about custom transformations, see:\n    \u001b[36mhttps://jestjs.io/docs/code-transformation\u001b[39m\n\n    \u001b[1m\u001b[31mDetails:\u001b[39m\u001b[22m\n\n    /home/carlossprekelsen/CameraRecorder/MediaMTX-Camera-Service-Client/client/tests/integration/auth-utils.js:1\n    ({\"Object.<anonymous>\":function(module,exports,require,__dirname,__filename,jest){import jwt from 'jsonwebtoken';\n                                                                                      ^^^^^^\n\n    SyntaxError: Cannot use import statement outside a module\n\n    \u001b[0m \u001b[90m 23 |\u001b[39m \u001b[36mimport\u001b[39m { useCameraStore } \u001b[36mfrom\u001b[39m \u001b[32m'../../src/stores/cameraStore'\u001b[39m\u001b[33m;\u001b[39m\n     \u001b[90m 24 |\u001b[39m \u001b[36mimport\u001b[39m { useUIStore } \u001b[36mfrom\u001b[39m \u001b[32m'../../src/stores/uiStore'\u001b[39m\u001b[33m;\u001b[39m\n    \u001b[31m\u001b[1m>\u001b[22m\u001b[39m\u001b[90m 25 |\u001b[39m \u001b[36mimport\u001b[39m { generateValidToken\u001b[33m,\u001b[39m validateTestEnvironment } \u001b[36mfrom\u001b[39m \u001b[32m'./auth-utils'\u001b[39m\u001b[33m;\u001b[39m\n     \u001b[90m    |\u001b[39m \u001b[31m\u001b[1m^\u001b[22m\u001b[39m\n     \u001b[90m 26 |\u001b[39m\n     \u001b[90m 27 |\u001b[39m describe(\u001b[32m'PDR-2: Server Integration Validation'\u001b[39m\u001b[33m,\u001b[39m () \u001b[33m=>\u001b[39m {\n     \u001b[90m 28 |\u001b[39m   \u001b[36mlet\u001b[39m wsService\u001b[33m:\u001b[39m \u001b[33mWebSocketService\u001b[39m\u001b[33m;\u001b[39m\u001b[0m\n\n      \u001b[2mat Runtime.createScriptFromCode (\u001b[22mnode_modules/jest-runtime/build/index.js\u001b[2m:1505:14)\u001b[22m\n      \u001b[2mat Object.<anonymous> (\u001b[22m\u001b[0m\u001b[36mtests/integration/test_pdr_2_server_integration_validation.ts\u001b[39m\u001b[0m\u001b[2m:25:1)\u001b[22m\n","name":"/home/carlossprekelsen/CameraRecorder/MediaMTX-Camera-Service-Client/client/tests/integration/test_pdr_2_server_integration_validation.ts","startTime":1755625648200,"status":"failed","summary":""},{"assertionResults":[],"coverage":{},"endTime":1755625648200,"message":"  \u001b[1m● \u001b[22mTest suite failed to run\n\n    \u001b[1m\u001b[31mJest encountered an unexpected token\u001b[39m\u001b[22m\n\n    Jest failed to parse a file. This happens e.g. when your code or its dependencies use non-standard JavaScript syntax, or when Jest is not configured to support such syntax.\n\n    Out of the box Jest supports Babel, which will be used to transform your files into valid JS based on your Babel configuration.\n\n    By default \"node_modules\" folder is ignored by transformers.\n\n    Here's what you can do:\n     • If you are trying to use ECMAScript Modules, see \u001b[4mhttps://jestjs.io/docs/ecmascript-modules\u001b[24m for how to enable it.\n     • If you are trying to use TypeScript, see \u001b[4mhttps://jestjs.io/docs/getting-started#using-typescript\u001b[24m\n     • To have some of your \"node_modules\" files transformed, you can specify a custom \u001b[1m\"transformIgnorePatterns\"\u001b[22m in your config.\n     • If you need a custom transformation specify a \u001b[1m\"transform\"\u001b[22m option in your config.\n     • If you simply want to mock your non-JS modules (e.g. binary assets) you can stub them out with the \u001b[1m\"moduleNameMapper\"\u001b[22m config option.\n\n    You'll find more details and examples of these config options in the docs:\n    \u001b[36mhttps://jestjs.io/docs/configuration\u001b[39m\n    For information about custom transformations, see:\n    \u001b[36mhttps://jestjs.io/docs/code-transformation\u001b[39m\n\n    \u001b[1m\u001b[31mDetails:\u001b[39m\u001b[22m\n\n    /home/carlossprekelsen/CameraRecorder/MediaMTX-Camera-Service-Client/client/tests/performance/test_realtime_updates_performance.js:15\n    import WebSocket from 'ws';\n    ^^^^^^\n\n    SyntaxError: Cannot use import statement outside a module\n\n      \u001b[2mat Runtime.createScriptFromCode (\u001b[22mnode_modules/jest-runtime/build/index.js\u001b[2m:1505:14)\u001b[22m\n","name":"/home/carlossprekelsen/CameraRecorder/MediaMTX-Camera-Service-Client/client/tests/performance/test_realtime_updates_performance.js","startTime":1755625648200,"status":"failed","summary":""},{"assertionResults":[{"ancestorTitles":["Authentication Integration Tests","Valid Token Tests"],"duration":13,"failureDetails":[{}],"failureMessages":["Error: ws does not work in the browser. Browser clients must use the native WebSocket object\n    at new Object.<anonymous>.module.exports (/home/carlossprekelsen/CameraRecorder/MediaMTX-Camera-Service-Client/client/node_modules/ws/browser.js:4:9)\n    at Object.<anonymous> (/home/carlossprekelsen/CameraRecorder/MediaMTX-Camera-Service-Client/client/tests/integration/authentication/test_authentication_comprehensive_integration.js:375:10)\n    at Promise.then.completed (/home/carlossprekelsen/CameraRecorder/MediaMTX-Camera-Service-Client/client/node_modules/jest-circus/build/utils.js:298:28)\n    at new Promise (<anonymous>)\n    at callAsyncCircusFn (/home/carlossprekelsen/CameraRecorder/MediaMTX-Camera-Service-Client/client/node_modules/jest-circus/build/utils.js:231:10)\n    at _callCircusHook (/home/carlossprekelsen/CameraRecorder/MediaMTX-Camera-Service-Client/client/node_modules/jest-circus/build/run.js:281:40)\n    at processTicksAndRejections (node:internal/process/task_queues:95:5)\n    at _runTestsForDescribeBlock (/home/carlossprekelsen/CameraRecorder/MediaMTX-Camera-Service-Client/client/node_modules/jest-circus/build/run.js:95:7)\n    at _runTestsForDescribeBlock (/home/carlossprekelsen/CameraRecorder/MediaMTX-Camera-Service-Client/client/node_modules/jest-circus/build/run.js:121:9)\n    at run (/home/carlossprekelsen/CameraRecorder/MediaMTX-Camera-Service-Client/client/node_modules/jest-circus/build/run.js:71:3)\n    at runAndTransformResultsToJestFormat (/home/carlossprekelsen/CameraRecorder/MediaMTX-Camera-Service-Client/client/node_modules/jest-circus/build/legacy-code-todo-rewrite/jestAdapterInit.js:122:21)\n    at jestAdapter (/home/carlossprekelsen/CameraRecorder/MediaMTX-Camera-Service-Client/client/node_modules/jest-circus/build/legacy-code-todo-rewrite/jestAdapter.js:79:19)\n    at runTestInternal (/home/carlossprekelsen/CameraRecorder/MediaMTX-Camera-Service-Client/client/node_modules/jest-runner/build/runTest.js:367:16)\n    at runTest (/home/carlossprekelsen/CameraRecorder/MediaMTX-Camera-Service-Client/client/node_modules/jest-runner/build/runTest.js:444:34)\n    at Object.worker (/home/carlossprekelsen/CameraRecorder/MediaMTX-Camera-Service-Client/client/node_modules/jest-runner/build/testWorker.js:106:12)"],"fullName":"Authentication Integration Tests Valid Token Tests should authenticate with valid token","invocations":1,"location":null,"numPassingAsserts":0,"retryReasons":[],"status":"failed","title":"should authenticate with valid token"},{"ancestorTitles":["Authentication Integration Tests","Invalid Token Tests"],"duration":1,"failureDetails":[{}],"failureMessages":["Error: ws does not work in the browser. Browser clients must use the native WebSocket object\n    at new Object.<anonymous>.module.exports (/home/carlossprekelsen/CameraRecorder/MediaMTX-Camera-Service-Client/client/node_modules/ws/browser.js:4:9)\n    at Object.<anonymous> (/home/carlossprekelsen/CameraRecorder/MediaMTX-Camera-Service-Client/client/tests/integration/authentication/test_authentication_comprehensive_integration.js:375:10)\n    at Promise.then.completed (/home/carlossprekelsen/CameraRecorder/MediaMTX-Camera-Service-Client/client/node_modules/jest-circus/build/utils.js:298:28)\n    at new Promise (<anonymous>)\n    at callAsyncCircusFn (/home/carlossprekelsen/CameraRecorder/MediaMTX-Camera-Service-Client/client/node_modules/jest-circus/build/utils.js:231:10)\n    at _callCircusHook (/home/carlossprekelsen/CameraRecorder/MediaMTX-Camera-Service-Client/client/node_modules/jest-circus/build/run.js:281:40)\n    at processTicksAndRejections (node:internal/process/task_queues:95:5)\n    at _runTestsForDescribeBlock (/home/carlossprekelsen/CameraRecorder/MediaMTX-Camera-Service-Client/client/node_modules/jest-circus/build/run.js:95:7)\n    at _runTestsForDescribeBlock (/home/carlossprekelsen/CameraRecorder/MediaMTX-Camera-Service-Client/client/node_modules/jest-circus/build/run.js:121:9)\n    at run (/home/carlossprekelsen/CameraRecorder/MediaMTX-Camera-Service-Client/client/node_modules/jest-circus/build/run.js:71:3)\n    at runAndTransformResultsToJestFormat (/home/carlossprekelsen/CameraRecorder/MediaMTX-Camera-Service-Client/client/node_modules/jest-circus/build/legacy-code-todo-rewrite/jestAdapterInit.js:122:21)\n    at jestAdapter (/home/carlossprekelsen/CameraRecorder/MediaMTX-Camera-Service-Client/client/node_modules/jest-circus/build/legacy-code-todo-rewrite/jestAdapter.js:79:19)\n    at runTestInternal (/home/carlossprekelsen/CameraRecorder/MediaMTX-Camera-Service-Client/client/node_modules/jest-runner/build/runTest.js:367:16)\n    at runTest (/home/carlossprekelsen/CameraRecorder/MediaMTX-Camera-Service-Client/client/node_modules/jest-runner/build/runTest.js:444:34)\n    at Object.worker (/home/carlossprekelsen/CameraRecorder/MediaMTX-Camera-Service-Client/client/node_modules/jest-runner/build/testWorker.js:106:12)"],"fullName":"Authentication Integration Tests Invalid Token Tests should reject invalid token","invocations":1,"location":null,"numPassingAsserts":0,"retryReasons":[],"status":"failed","title":"should reject invalid token"},{"ancestorTitles":["Authentication Integration Tests","Expired Token Tests"],"duration":2,"failureDetails":[{}],"failureMessages":["Error: ws does not work in the browser. Browser clients must use the native WebSocket object\n    at new Object.<anonymous>.module.exports (/home/carlossprekelsen/CameraRecorder/MediaMTX-Camera-Service-Client/client/node_modules/ws/browser.js:4:9)\n    at Object.<anonymous> (/home/carlossprekelsen/CameraRecorder/MediaMTX-Camera-Service-Client/client/tests/integration/authentication/test_authentication_comprehensive_integration.js:375:10)\n    at Promise.then.completed (/home/carlossprekelsen/CameraRecorder/MediaMTX-Camera-Service-Client/client/node_modules/jest-circus/build/utils.js:298:28)\n    at new Promise (<anonymous>)\n    at callAsyncCircusFn (/home/carlossprekelsen/CameraRecorder/MediaMTX-Camera-Service-Client/client/node_modules/jest-circus/build/utils.js:231:10)\n    at _callCircusHook (/home/carlossprekelsen/CameraRecorder/MediaMTX-Camera-Service-Client/client/node_modules/jest-circus/build/run.js:281:40)\n    at processTicksAndRejections (node:internal/process/task_queues:95:5)\n    at _runTestsForDescribeBlock (/home/carlossprekelsen/CameraRecorder/MediaMTX-Camera-Service-Client/client/node_modules/jest-circus/build/run.js:95:7)\n    at _runTestsForDescribeBlock (/home/carlossprekelsen/CameraRecorder/MediaMTX-Camera-Service-Client/client/node_modules/jest-circus/build/run.js:121:9)\n    at run (/home/carlossprekelsen/CameraRecorder/MediaMTX-Camera-Service-Client/client/node_modules/jest-circus/build/run.js:71:3)\n    at runAndTransformResultsToJestFormat (/home/carlossprekelsen/CameraRecorder/MediaMTX-Camera-Service-Client/client/node_modules/jest-circus/build/legacy-code-todo-rewrite/jestAdapterInit.js:122:21)\n    at jestAdapter (/home/carlossprekelsen/CameraRecorder/MediaMTX-Camera-Service-Client/client/node_modules/jest-circus/build/legacy-code-todo-rewrite/jestAdapter.js:79:19)\n    at runTestInternal (/home/carlossprekelsen/CameraRecorder/MediaMTX-Camera-Service-Client/client/node_modules/jest-runner/build/runTest.js:367:16)\n    at runTest (/home/carlossprekelsen/CameraRecorder/MediaMTX-Camera-Service-Client/client/node_modules/jest-runner/build/runTest.js:444:34)\n    at Object.worker (/home/carlossprekelsen/CameraRecorder/MediaMTX-Camera-Service-Client/client/node_modules/jest-runner/build/testWorker.js:106:12)"],"fullName":"Authentication Integration Tests Expired Token Tests should reject expired token","invocations":1,"location":null,"numPassingAsserts":0,"retryReasons":[],"status":"failed","title":"should reject expired token"},{"ancestorTitles":["Authentication Integration Tests","Malformed Token Tests"],"duration":1,"failureDetails":[{}],"failureMessages":["Error: ws does not work in the browser. Browser clients must use the native WebSocket object\n    at new Object.<anonymous>.module.exports (/home/carlossprekelsen/CameraRecorder/MediaMTX-Camera-Service-Client/client/node_modules/ws/browser.js:4:9)\n    at Object.<anonymous> (/home/carlossprekelsen/CameraRecorder/MediaMTX-Camera-Service-Client/client/tests/integration/authentication/test_authentication_comprehensive_integration.js:375:10)\n    at Promise.then.completed (/home/carlossprekelsen/CameraRecorder/MediaMTX-Camera-Service-Client/client/node_modules/jest-circus/build/utils.js:298:28)\n    at new Promise (<anonymous>)\n    at callAsyncCircusFn (/home/carlossprekelsen/CameraRecorder/MediaMTX-Camera-Service-Client/client/node_modules/jest-circus/build/utils.js:231:10)\n    at _callCircusHook (/home/carlossprekelsen/CameraRecorder/MediaMTX-Camera-Service-Client/client/node_modules/jest-circus/build/run.js:281:40)\n    at processTicksAndRejections (node:internal/process/task_queues:95:5)\n    at _runTestsForDescribeBlock (/home/carlossprekelsen/CameraRecorder/MediaMTX-Camera-Service-Client/client/node_modules/jest-circus/build/run.js:95:7)\n    at _runTestsForDescribeBlock (/home/carlossprekelsen/CameraRecorder/MediaMTX-Camera-Service-Client/client/node_modules/jest-circus/build/run.js:121:9)\n    at run (/home/carlossprekelsen/CameraRecorder/MediaMTX-Camera-Service-Client/client/node_modules/jest-circus/build/run.js:71:3)\n    at runAndTransformResultsToJestFormat (/home/carlossprekelsen/CameraRecorder/MediaMTX-Camera-Service-Client/client/node_modules/jest-circus/build/legacy-code-todo-rewrite/jestAdapterInit.js:122:21)\n    at jestAdapter (/home/carlossprekelsen/CameraRecorder/MediaMTX-Camera-Service-Client/client/node_modules/jest-circus/build/legacy-code-todo-rewrite/jestAdapter.js:79:19)\n    at runTestInternal (/home/carlossprekelsen/CameraRecorder/MediaMTX-Camera-Service-Client/client/node_modules/jest-runner/build/runTest.js:367:16)\n    at runTest (/home/carlossprekelsen/CameraRecorder/MediaMTX-Camera-Service-Client/client/node_modules/jest-runner/build/runTest.js:444:34)\n    at Object.worker (/home/carlossprekelsen/CameraRecorder/MediaMTX-Camera-Service-Client/client/node_modules/jest-runner/build/testWorker.js:106:12)"],"fullName":"Authentication Integration Tests Malformed Token Tests should reject malformed token","invocations":1,"location":null,"numPassingAsserts":0,"retryReasons":[],"status":"failed","title":"should reject malformed token"},{"ancestorTitles":["Authentication Integration Tests","Protected Method Access Tests"],"duration":1,"failureDetails":[{}],"failureMessages":["Error: ws does not work in the browser. Browser clients must use the native WebSocket object\n    at new Object.<anonymous>.module.exports (/home/carlossprekelsen/CameraRecorder/MediaMTX-Camera-Service-Client/client/node_modules/ws/browser.js:4:9)\n    at Object.<anonymous> (/home/carlossprekelsen/CameraRecorder/MediaMTX-Camera-Service-Client/client/tests/integration/authentication/test_authentication_comprehensive_integration.js:375:10)\n    at Promise.then.completed (/home/carlossprekelsen/CameraRecorder/MediaMTX-Camera-Service-Client/client/node_modules/jest-circus/build/utils.js:298:28)\n    at new Promise (<anonymous>)\n    at callAsyncCircusFn (/home/carlossprekelsen/CameraRecorder/MediaMTX-Camera-Service-Client/client/node_modules/jest-circus/build/utils.js:231:10)\n    at _callCircusHook (/home/carlossprekelsen/CameraRecorder/MediaMTX-Camera-Service-Client/client/node_modules/jest-circus/build/run.js:281:40)\n    at processTicksAndRejections (node:internal/process/task_queues:95:5)\n    at _runTestsForDescribeBlock (/home/carlossprekelsen/CameraRecorder/MediaMTX-Camera-Service-Client/client/node_modules/jest-circus/build/run.js:95:7)\n    at _runTestsForDescribeBlock (/home/carlossprekelsen/CameraRecorder/MediaMTX-Camera-Service-Client/client/node_modules/jest-circus/build/run.js:121:9)\n    at run (/home/carlossprekelsen/CameraRecorder/MediaMTX-Camera-Service-Client/client/node_modules/jest-circus/build/run.js:71:3)\n    at runAndTransformResultsToJestFormat (/home/carlossprekelsen/CameraRecorder/MediaMTX-Camera-Service-Client/client/node_modules/jest-circus/build/legacy-code-todo-rewrite/jestAdapterInit.js:122:21)\n    at jestAdapter (/home/carlossprekelsen/CameraRecorder/MediaMTX-Camera-Service-Client/client/node_modules/jest-circus/build/legacy-code-todo-rewrite/jestAdapter.js:79:19)\n    at runTestInternal (/home/carlossprekelsen/CameraRecorder/MediaMTX-Camera-Service-Client/client/node_modules/jest-runner/build/runTest.js:367:16)\n    at runTest (/home/carlossprekelsen/CameraRecorder/MediaMTX-Camera-Service-Client/client/node_modules/jest-runner/build/runTest.js:444:34)\n    at Object.worker (/home/carlossprekelsen/CameraRecorder/MediaMTX-Camera-Service-Client/client/node_modules/jest-runner/build/testWorker.js:106:12)"],"fullName":"Authentication Integration Tests Protected Method Access Tests should require authentication for protected methods","invocations":1,"location":null,"numPassingAsserts":0,"retryReasons":[],"status":"failed","title":"should require authentication for protected methods"},{"ancestorTitles":["Authentication Integration Tests","Unauthenticated Access Tests"],"duration":4,"failureDetails":[{}],"failureMessages":["Error: ws does not work in the browser. Browser clients must use the native WebSocket object\n    at new Object.<anonymous>.module.exports (/home/carlossprekelsen/CameraRecorder/MediaMTX-Camera-Service-Client/client/node_modules/ws/browser.js:4:9)\n    at Object.<anonymous> (/home/carlossprekelsen/CameraRecorder/MediaMTX-Camera-Service-Client/client/tests/integration/authentication/test_authentication_comprehensive_integration.js:375:10)\n    at Promise.then.completed (/home/carlossprekelsen/CameraRecorder/MediaMTX-Camera-Service-Client/client/node_modules/jest-circus/build/utils.js:298:28)\n    at new Promise (<anonymous>)\n    at callAsyncCircusFn (/home/carlossprekelsen/CameraRecorder/MediaMTX-Camera-Service-Client/client/node_modules/jest-circus/build/utils.js:231:10)\n    at _callCircusHook (/home/carlossprekelsen/CameraRecorder/MediaMTX-Camera-Service-Client/client/node_modules/jest-circus/build/run.js:281:40)\n    at processTicksAndRejections (node:internal/process/task_queues:95:5)\n    at _runTestsForDescribeBlock (/home/carlossprekelsen/CameraRecorder/MediaMTX-Camera-Service-Client/client/node_modules/jest-circus/build/run.js:95:7)\n    at _runTestsForDescribeBlock (/home/carlossprekelsen/CameraRecorder/MediaMTX-Camera-Service-Client/client/node_modules/jest-circus/build/run.js:121:9)\n    at run (/home/carlossprekelsen/CameraRecorder/MediaMTX-Camera-Service-Client/client/node_modules/jest-circus/build/run.js:71:3)\n    at runAndTransformResultsToJestFormat (/home/carlossprekelsen/CameraRecorder/MediaMTX-Camera-Service-Client/client/node_modules/jest-circus/build/legacy-code-todo-rewrite/jestAdapterInit.js:122:21)\n    at jestAdapter (/home/carlossprekelsen/CameraRecorder/MediaMTX-Camera-Service-Client/client/node_modules/jest-circus/build/legacy-code-todo-rewrite/jestAdapter.js:79:19)\n    at runTestInternal (/home/carlossprekelsen/CameraRecorder/MediaMTX-Camera-Service-Client/client/node_modules/jest-runner/build/runTest.js:367:16)\n    at runTest (/home/carlossprekelsen/CameraRecorder/MediaMTX-Camera-Service-Client/client/node_modules/jest-runner/build/runTest.js:444:34)\n    at Object.worker (/home/carlossprekelsen/CameraRecorder/MediaMTX-Camera-Service-Client/client/node_modules/jest-runner/build/testWorker.js:106:12)"],"fullName":"Authentication Integration Tests Unauthenticated Access Tests should block unauthenticated access","invocations":1,"location":null,"numPassingAsserts":0,"retryReasons":[],"status":"failed","title":"should block unauthenticated access"},{"ancestorTitles":["Authentication Integration Tests","Role-Based Access Tests"],"duration":3,"failureDetails":[{}],"failureMessages":["Error: ws does not work in the browser. Browser clients must use the native WebSocket object\n    at new Object.<anonymous>.module.exports (/home/carlossprekelsen/CameraRecorder/MediaMTX-Camera-Service-Client/client/node_modules/ws/browser.js:4:9)\n    at Object.<anonymous> (/home/carlossprekelsen/CameraRecorder/MediaMTX-Camera-Service-Client/client/tests/integration/authentication/test_authentication_comprehensive_integration.js:375:10)\n    at Promise.then.completed (/home/carlossprekelsen/CameraRecorder/MediaMTX-Camera-Service-Client/client/node_modules/jest-circus/build/utils.js:298:28)\n    at new Promise (<anonymous>)\n    at callAsyncCircusFn (/home/carlossprekelsen/CameraRecorder/MediaMTX-Camera-Service-Client/client/node_modules/jest-circus/build/utils.js:231:10)\n    at _callCircusHook (/home/carlossprekelsen/CameraRecorder/MediaMTX-Camera-Service-Client/client/node_modules/jest-circus/build/run.js:281:40)\n    at processTicksAndRejections (node:internal/process/task_queues:95:5)\n    at _runTestsForDescribeBlock (/home/carlossprekelsen/CameraRecorder/MediaMTX-Camera-Service-Client/client/node_modules/jest-circus/build/run.js:95:7)\n    at _runTestsForDescribeBlock (/home/carlossprekelsen/CameraRecorder/MediaMTX-Camera-Service-Client/client/node_modules/jest-circus/build/run.js:121:9)\n    at run (/home/carlossprekelsen/CameraRecorder/MediaMTX-Camera-Service-Client/client/node_modules/jest-circus/build/run.js:71:3)\n    at runAndTransformResultsToJestFormat (/home/carlossprekelsen/CameraRecorder/MediaMTX-Camera-Service-Client/client/node_modules/jest-circus/build/legacy-code-todo-rewrite/jestAdapterInit.js:122:21)\n    at jestAdapter (/home/carlossprekelsen/CameraRecorder/MediaMTX-Camera-Service-Client/client/node_modules/jest-circus/build/legacy-code-todo-rewrite/jestAdapter.js:79:19)\n    at runTestInternal (/home/carlossprekelsen/CameraRecorder/MediaMTX-Camera-Service-Client/client/node_modules/jest-runner/build/runTest.js:367:16)\n    at runTest (/home/carlossprekelsen/CameraRecorder/MediaMTX-Camera-Service-Client/client/node_modules/jest-runner/build/runTest.js:444:34)\n    at Object.worker (/home/carlossprekelsen/CameraRecorder/MediaMTX-Camera-Service-Client/client/node_modules/jest-runner/build/testWorker.js:106:12)"],"fullName":"Authentication Integration Tests Role-Based Access Tests should handle role-based access control","invocations":1,"location":null,"numPassingAsserts":0,"retryReasons":[],"status":"failed","title":"should handle role-based access control"},{"ancestorTitles":["Authentication Integration Tests","Test Results Summary"],"duration":1,"failureDetails":[{}],"failureMessages":["Error: ws does not work in the browser. Browser clients must use the native WebSocket object\n    at new Object.<anonymous>.module.exports (/home/carlossprekelsen/CameraRecorder/MediaMTX-Camera-Service-Client/client/node_modules/ws/browser.js:4:9)\n    at Object.<anonymous> (/home/carlossprekelsen/CameraRecorder/MediaMTX-Camera-Service-Client/client/tests/integration/authentication/test_authentication_comprehensive_integration.js:375:10)\n    at Promise.then.completed (/home/carlossprekelsen/CameraRecorder/MediaMTX-Camera-Service-Client/client/node_modules/jest-circus/build/utils.js:298:28)\n    at new Promise (<anonymous>)\n    at callAsyncCircusFn (/home/carlossprekelsen/CameraRecorder/MediaMTX-Camera-Service-Client/client/node_modules/jest-circus/build/utils.js:231:10)\n    at _callCircusHook (/home/carlossprekelsen/CameraRecorder/MediaMTX-Camera-Service-Client/client/node_modules/jest-circus/build/run.js:281:40)\n    at processTicksAndRejections (node:internal/process/task_queues:95:5)\n    at _runTestsForDescribeBlock (/home/carlossprekelsen/CameraRecorder/MediaMTX-Camera-Service-Client/client/node_modules/jest-circus/build/run.js:95:7)\n    at _runTestsForDescribeBlock (/home/carlossprekelsen/CameraRecorder/MediaMTX-Camera-Service-Client/client/node_modules/jest-circus/build/run.js:121:9)\n    at run (/home/carlossprekelsen/CameraRecorder/MediaMTX-Camera-Service-Client/client/node_modules/jest-circus/build/run.js:71:3)\n    at runAndTransformResultsToJestFormat (/home/carlossprekelsen/CameraRecorder/MediaMTX-Camera-Service-Client/client/node_modules/jest-circus/build/legacy-code-todo-rewrite/jestAdapterInit.js:122:21)\n    at jestAdapter (/home/carlossprekelsen/CameraRecorder/MediaMTX-Camera-Service-Client/client/node_modules/jest-circus/build/legacy-code-todo-rewrite/jestAdapter.js:79:19)\n    at runTestInternal (/home/carlossprekelsen/CameraRecorder/MediaMTX-Camera-Service-Client/client/node_modules/jest-runner/build/runTest.js:367:16)\n    at runTest (/home/carlossprekelsen/CameraRecorder/MediaMTX-Camera-Service-Client/client/node_modules/jest-runner/build/runTest.js:444:34)\n    at Object.worker (/home/carlossprekelsen/CameraRecorder/MediaMTX-Camera-Service-Client/client/node_modules/jest-runner/build/testWorker.js:106:12)"],"fullName":"Authentication Integration Tests Test Results Summary should have successful authentication test results","invocations":1,"location":null,"numPassingAsserts":0,"retryReasons":[],"status":"failed","title":"should have successful authentication test results"},{"ancestorTitles":["Authentication Integration Tests","Test Results Summary"],"duration":0,"failureDetails":[{}],"failureMessages":["Error: ws does not work in the browser. Browser clients must use the native WebSocket object\n    at new Object.<anonymous>.module.exports (/home/carlossprekelsen/CameraRecorder/MediaMTX-Camera-Service-Client/client/node_modules/ws/browser.js:4:9)\n    at Object.<anonymous> (/home/carlossprekelsen/CameraRecorder/MediaMTX-Camera-Service-Client/client/tests/integration/authentication/test_authentication_comprehensive_integration.js:375:10)\n    at Promise.then.completed (/home/carlossprekelsen/CameraRecorder/MediaMTX-Camera-Service-Client/client/node_modules/jest-circus/build/utils.js:298:28)\n    at new Promise (<anonymous>)\n    at callAsyncCircusFn (/home/carlossprekelsen/CameraRecorder/MediaMTX-Camera-Service-Client/client/node_modules/jest-circus/build/utils.js:231:10)\n    at _callCircusHook (/home/carlossprekelsen/CameraRecorder/MediaMTX-Camera-Service-Client/client/node_modules/jest-circus/build/run.js:281:40)\n    at processTicksAndRejections (node:internal/process/task_queues:95:5)\n    at _runTestsForDescribeBlock (/home/carlossprekelsen/CameraRecorder/MediaMTX-Camera-Service-Client/client/node_modules/jest-circus/build/run.js:95:7)\n    at _runTestsForDescribeBlock (/home/carlossprekelsen/CameraRecorder/MediaMTX-Camera-Service-Client/client/node_modules/jest-circus/build/run.js:121:9)\n    at run (/home/carlossprekelsen/CameraRecorder/MediaMTX-Camera-Service-Client/client/node_modules/jest-circus/build/run.js:71:3)\n    at runAndTransformResultsToJestFormat (/home/carlossprekelsen/CameraRecorder/MediaMTX-Camera-Service-Client/client/node_modules/jest-circus/build/legacy-code-todo-rewrite/jestAdapterInit.js:122:21)\n    at jestAdapter (/home/carlossprekelsen/CameraRecorder/MediaMTX-Camera-Service-Client/client/node_modules/jest-circus/build/legacy-code-todo-rewrite/jestAdapter.js:79:19)\n    at runTestInternal (/home/carlossprekelsen/CameraRecorder/MediaMTX-Camera-Service-Client/client/node_modules/jest-runner/build/runTest.js:367:16)\n    at runTest (/home/carlossprekelsen/CameraRecorder/MediaMTX-Camera-Service-Client/client/node_modules/jest-runner/build/runTest.js:444:34)\n    at Object.worker (/home/carlossprekelsen/CameraRecorder/MediaMTX-Camera-Service-Client/client/node_modules/jest-runner/build/testWorker.js:106:12)"],"fullName":"Authentication Integration Tests Test Results Summary should have authentication scenario coverage","invocations":1,"location":null,"numPassingAsserts":0,"retryReasons":[],"status":"failed","title":"should have authentication scenario coverage"}],"endTime":1755625282200,"message":"\u001b[1m\u001b[31m  \u001b[1m● \u001b[22m\u001b[1mAuthentication Integration Tests › Valid Token Tests › should authenticate with valid token\u001b[39m\u001b[22m\n\n    ws does not work in the browser. Browser clients must use the native WebSocket object\n\u001b[2m\u001b[22m\n\u001b[2m    \u001b[0m \u001b[90m 373 |\u001b[39m   beforeAll(\u001b[36masync\u001b[39m () \u001b[33m=>\u001b[39m {\u001b[22m\n\u001b[2m     \u001b[90m 374 |\u001b[39m     \u001b[90m// Setup WebSocket connection\u001b[39m\u001b[22m\n\u001b[2m    \u001b[31m\u001b[1m>\u001b[22m\u001b[2m\u001b[39m\u001b[90m 375 |\u001b[39m     ws \u001b[33m=\u001b[39m \u001b[36mnew\u001b[39m \u001b[33mWebSocket\u001b[39m(\u001b[33mCONFIG\u001b[39m\u001b[33m.\u001b[39mserverUrl)\u001b[33m;\u001b[39m\u001b[22m\n\u001b[2m     \u001b[90m     |\u001b[39m          \u001b[31m\u001b[1m^\u001b[22m\u001b[2m\u001b[39m\u001b[22m\n\u001b[2m     \u001b[90m 376 |\u001b[39m     \u001b[36mawait\u001b[39m \u001b[36mnew\u001b[39m \u001b[33mPromise\u001b[39m((resolve\u001b[33m,\u001b[39m reject) \u001b[33m=>\u001b[39m {\u001b[22m\n\u001b[2m     \u001b[90m 377 |\u001b[39m       ws\u001b[33m.\u001b[39mon(\u001b[32m'open'\u001b[39m\u001b[33m,\u001b[39m resolve)\u001b[33m;\u001b[39m\u001b[22m\n\u001b[2m     \u001b[90m 378 |\u001b[39m       ws\u001b[33m.\u001b[39mon(\u001b[32m'error'\u001b[39m\u001b[33m,\u001b[39m reject)\u001b[33m;\u001b[39m\u001b[0m\u001b[22m\n\u001b[2m\u001b[22m\n\u001b[2m      \u001b[2mat new Object.<anonymous>.module.exports (\u001b[22m\u001b[2mnode_modules/ws/browser.js\u001b[2m:4:9)\u001b[22m\u001b[2m\u001b[22m\n\u001b[2m      \u001b[2mat Object.<anonymous> (\u001b[22m\u001b[2m\u001b[0m\u001b[36mtests/integration/authentication/test_authentication_comprehensive_integration.js\u001b[39m\u001b[0m\u001b[2m:375:10)\u001b[22m\u001b[2m\u001b[22m\n\n\u001b[1m\u001b[31m  \u001b[1m● \u001b[22m\u001b[1mAuthentication Integration Tests › Invalid Token Tests › should reject invalid token\u001b[39m\u001b[22m\n\n    ws does not work in the browser. Browser clients must use the native WebSocket object\n\u001b[2m\u001b[22m\n\u001b[2m    \u001b[0m \u001b[90m 373 |\u001b[39m   beforeAll(\u001b[36masync\u001b[39m () \u001b[33m=>\u001b[39m {\u001b[22m\n\u001b[2m     \u001b[90m 374 |\u001b[39m     \u001b[90m// Setup WebSocket connection\u001b[39m\u001b[22m\n\u001b[2m    \u001b[31m\u001b[1m>\u001b[22m\u001b[2m\u001b[39m\u001b[90m 375 |\u001b[39m     ws \u001b[33m=\u001b[39m \u001b[36mnew\u001b[39m \u001b[33mWebSocket\u001b[39m(\u001b[33mCONFIG\u001b[39m\u001b[33m.\u001b[39mserverUrl)\u001b[33m;\u001b[39m\u001b[22m\n\u001b[2m     \u001b[90m     |\u001b[39m          \u001b[31m\u001b[1m^\u001b[22m\u001b[2m\u001b[39m\u001b[22m\n\u001b[2m     \u001b[90m 376 |\u001b[39m     \u001b[36mawait\u001b[39m \u001b[36mnew\u001b[39m \u001b[33mPromise\u001b[39m((resolve\u001b[33m,\u001b[39m reject) \u001b[33m=>\u001b[39m {\u001b[22m\n\u001b[2m     \u001b[90m 377 |\u001b[39m       ws\u001b[33m.\u001b[39mon(\u001b[32m'open'\u001b[39m\u001b[33m,\u001b[39m resolve)\u001b[33m;\u001b[39m\u001b[22m\n\u001b[2m     \u001b[90m 378 |\u001b[39m       ws\u001b[33m.\u001b[39mon(\u001b[32m'error'\u001b[39m\u001b[33m,\u001b[39m reject)\u001b[33m;\u001b[39m\u001b[0m\u001b[22m\n\u001b[2m\u001b[22m\n\u001b[2m      \u001b[2mat new Object.<anonymous>.module.exports (\u001b[22m\u001b[2mnode_modules/ws/browser.js\u001b[2m:4:9)\u001b[22m\u001b[2m\u001b[22m\n\u001b[2m      \u001b[2mat Object.<anonymous> (\u001b[22m\u001b[2m\u001b[0m\u001b[36mtests/integration/authentication/test_authentication_comprehensive_integration.js\u001b[39m\u001b[0m\u001b[2m:375:10)\u001b[22m\u001b[2m\u001b[22m\n\n\u001b[1m\u001b[31m  \u001b[1m● \u001b[22m\u001b[1mAuthentication Integration Tests › Expired Token Tests › should reject expired token\u001b[39m\u001b[22m\n\n    ws does not work in the browser. Browser clients must use the native WebSocket object\n\u001b[2m\u001b[22m\n\u001b[2m    \u001b[0m \u001b[90m 373 |\u001b[39m   beforeAll(\u001b[36masync\u001b[39m () \u001b[33m=>\u001b[39m {\u001b[22m\n\u001b[2m     \u001b[90m 374 |\u001b[39m     \u001b[90m// Setup WebSocket connection\u001b[39m\u001b[22m\n\u001b[2m    \u001b[31m\u001b[1m>\u001b[22m\u001b[2m\u001b[39m\u001b[90m 375 |\u001b[39m     ws \u001b[33m=\u001b[39m \u001b[36mnew\u001b[39m \u001b[33mWebSocket\u001b[39m(\u001b[33mCONFIG\u001b[39m\u001b[33m.\u001b[39mserverUrl)\u001b[33m;\u001b[39m\u001b[22m\n\u001b[2m     \u001b[90m     |\u001b[39m          \u001b[31m\u001b[1m^\u001b[22m\u001b[2m\u001b[39m\u001b[22m\n\u001b[2m     \u001b[90m 376 |\u001b[39m     \u001b[36mawait\u001b[39m \u001b[36mnew\u001b[39m \u001b[33mPromise\u001b[39m((resolve\u001b[33m,\u001b[39m reject) \u001b[33m=>\u001b[39m {\u001b[22m\n\u001b[2m     \u001b[90m 377 |\u001b[39m       ws\u001b[33m.\u001b[39mon(\u001b[32m'open'\u001b[39m\u001b[33m,\u001b[39m resolve)\u001b[33m;\u001b[39m\u001b[22m\n\u001b[2m     \u001b[90m 378 |\u001b[39m       ws\u001b[33m.\u001b[39mon(\u001b[32m'error'\u001b[39m\u001b[33m,\u001b[39m reject)\u001b[33m;\u001b[39m\u001b[0m\u001b[22m\n\u001b[2m\u001b[22m\n\u001b[2m      \u001b[2mat new Object.<anonymous>.module.exports (\u001b[22m\u001b[2mnode_modules/ws/browser.js\u001b[2m:4:9)\u001b[22m\u001b[2m\u001b[22m\n\u001b[2m      \u001b[2mat Object.<anonymous> (\u001b[22m\u001b[2m\u001b[0m\u001b[36mtests/integration/authentication/test_authentication_comprehensive_integration.js\u001b[39m\u001b[0m\u001b[2m:375:10)\u001b[22m\u001b[2m\u001b[22m\n\n\u001b[1m\u001b[31m  \u001b[1m● \u001b[22m\u001b[1mAuthentication Integration Tests › Malformed Token Tests › should reject malformed token\u001b[39m\u001b[22m\n\n    ws does not work in the browser. Browser clients must use the native WebSocket object\n\u001b[2m\u001b[22m\n\u001b[2m    \u001b[0m \u001b[90m 373 |\u001b[39m   beforeAll(\u001b[36masync\u001b[39m () \u001b[33m=>\u001b[39m {\u001b[22m\n\u001b[2m     \u001b[90m 374 |\u001b[39m     \u001b[90m// Setup WebSocket connection\u001b[39m\u001b[22m\n\u001b[2m    \u001b[31m\u001b[1m>\u001b[22m\u001b[2m\u001b[39m\u001b[90m 375 |\u001b[39m     ws \u001b[33m=\u001b[39m \u001b[36mnew\u001b[39m \u001b[33mWebSocket\u001b[39m(\u001b[33mCONFIG\u001b[39m\u001b[33m.\u001b[39mserverUrl)\u001b[33m;\u001b[39m\u001b[22m\n\u001b[2m     \u001b[90m     |\u001b[39m          \u001b[31m\u001b[1m^\u001b[22m\u001b[2m\u001b[39m\u001b[22m\n\u001b[2m     \u001b[90m 376 |\u001b[39m     \u001b[36mawait\u001b[39m \u001b[36mnew\u001b[39m \u001b[33mPromise\u001b[39m((resolve\u001b[33m,\u001b[39m reject) \u001b[33m=>\u001b[39m {\u001b[22m\n\u001b[2m     \u001b[90m 377 |\u001b[39m       ws\u001b[33m.\u001b[39mon(\u001b[32m'open'\u001b[39m\u001b[33m,\u001b[39m resolve)\u001b[33m;\u001b[39m\u001b[22m\n\u001b[2m     \u001b[90m 378 |\u001b[39m       ws\u001b[33m.\u001b[39mon(\u001b[32m'error'\u001b[39m\u001b[33m,\u001b[39m reject)\u001b[33m;\u001b[39m\u001b[0m\u001b[22m\n\u001b[2m\u001b[22m\n\u001b[2m      \u001b[2mat new Object.<anonymous>.module.exports (\u001b[22m\u001b[2mnode_modules/ws/browser.js\u001b[2m:4:9)\u001b[22m\u001b[2m\u001b[22m\n\u001b[2m      \u001b[2mat Object.<anonymous> (\u001b[22m\u001b[2m\u001b[0m\u001b[36mtests/integration/authentication/test_authentication_comprehensive_integration.js\u001b[39m\u001b[0m\u001b[2m:375:10)\u001b[22m\u001b[2m\u001b[22m\n\n\u001b[1m\u001b[31m  \u001b[1m● \u001b[22m\u001b[1mAuthentication Integration Tests › Protected Method Access Tests › should require authentication for protected methods\u001b[39m\u001b[22m\n\n    ws does not work in the browser. Browser clients must use the native WebSocket object\n\u001b[2m\u001b[22m\n\u001b[2m    \u001b[0m \u001b[90m 373 |\u001b[39m   beforeAll(\u001b[36masync\u001b[39m () \u001b[33m=>\u001b[39m {\u001b[22m\n\u001b[2m     \u001b[90m 374 |\u001b[39m     \u001b[90m// Setup WebSocket connection\u001b[39m\u001b[22m\n\u001b[2m    \u001b[31m\u001b[1m>\u001b[22m\u001b[2m\u001b[39m\u001b[90m 375 |\u001b[39m     ws \u001b[33m=\u001b[39m \u001b[36mnew\u001b[39m \u001b[33mWebSocket\u001b[39m(\u001b[33mCONFIG\u001b[39m\u001b[33m.\u001b[39mserverUrl)\u001b[33m;\u001b[39m\u001b[22m\n\u001b[2m     \u001b[90m     |\u001b[39m          \u001b[31m\u001b[1m^\u001b[22m\u001b[2m\u001b[39m\u001b[22m\n\u001b[2m     \u001b[90m 376 |\u001b[39m     \u001b[36mawait\u001b[39m \u001b[36mnew\u001b[39m \u001b[33mPromise\u001b[39m((resolve\u001b[33m,\u001b[39m reject) \u001b[33m=>\u001b[39m {\u001b[22m\n\u001b[2m     \u001b[90m 377 |\u001b[39m       ws\u001b[33m.\u001b[39mon(\u001b[32m'open'\u001b[39m\u001b[33m,\u001b[39m resolve)\u001b[33m;\u001b[39m\u001b[22m\n\u001b[2m     \u001b[90m 378 |\u001b[39m       ws\u001b[33m.\u001b[39mon(\u001b[32m'error'\u001b[39m\u001b[33m,\u001b[39m reject)\u001b[33m;\u001b[39m\u001b[0m\u001b[22m\n\u001b[2m\u001b[22m\n\u001b[2m      \u001b[2mat new Object.<anonymous>.module.exports (\u001b[22m\u001b[2mnode_modules/ws/browser.js\u001b[2m:4:9)\u001b[22m\u001b[2m\u001b[22m\n\u001b[2m      \u001b[2mat Object.<anonymous> (\u001b[22m\u001b[2m\u001b[0m\u001b[36mtests/integration/authentication/test_authentication_comprehensive_integration.js\u001b[39m\u001b[0m\u001b[2m:375:10)\u001b[22m\u001b[2m\u001b[22m\n\n\u001b[1m\u001b[31m  \u001b[1m● \u001b[22m\u001b[1mAuthentication Integration Tests › Unauthenticated Access Tests › should block unauthenticated access\u001b[39m\u001b[22m\n\n    ws does not work in the browser. Browser clients must use the native WebSocket object\n\u001b[2m\u001b[22m\n\u001b[2m    \u001b[0m \u001b[90m 373 |\u001b[39m   beforeAll(\u001b[36masync\u001b[39m () \u001b[33m=>\u001b[39m {\u001b[22m\n\u001b[2m     \u001b[90m 374 |\u001b[39m     \u001b[90m// Setup WebSocket connection\u001b[39m\u001b[22m\n\u001b[2m    \u001b[31m\u001b[1m>\u001b[22m\u001b[2m\u001b[39m\u001b[90m 375 |\u001b[39m     ws \u001b[33m=\u001b[39m \u001b[36mnew\u001b[39m \u001b[33mWebSocket\u001b[39m(\u001b[33mCONFIG\u001b[39m\u001b[33m.\u001b[39mserverUrl)\u001b[33m;\u001b[39m\u001b[22m\n\u001b[2m     \u001b[90m     |\u001b[39m          \u001b[31m\u001b[1m^\u001b[22m\u001b[2m\u001b[39m\u001b[22m\n\u001b[2m     \u001b[90m 376 |\u001b[39m     \u001b[36mawait\u001b[39m \u001b[36mnew\u001b[39m \u001b[33mPromise\u001b[39m((resolve\u001b[33m,\u001b[39m reject) \u001b[33m=>\u001b[39m {\u001b[22m\n\u001b[2m     \u001b[90m 377 |\u001b[39m       ws\u001b[33m.\u001b[39mon(\u001b[32m'open'\u001b[39m\u001b[33m,\u001b[39m resolve)\u001b[33m;\u001b[39m\u001b[22m\n\u001b[2m     \u001b[90m 378 |\u001b[39m       ws\u001b[33m.\u001b[39mon(\u001b[32m'error'\u001b[39m\u001b[33m,\u001b[39m reject)\u001b[33m;\u001b[39m\u001b[0m\u001b[22m\n\u001b[2m\u001b[22m\n\u001b[2m      \u001b[2mat new Object.<anonymous>.module.exports (\u001b[22m\u001b[2mnode_modules/ws/browser.js\u001b[2m:4:9)\u001b[22m\u001b[2m\u001b[22m\n\u001b[2m      \u001b[2mat Object.<anonymous> (\u001b[22m\u001b[2m\u001b[0m\u001b[36mtests/integration/authentication/test_authentication_comprehensive_integration.js\u001b[39m\u001b[0m\u001b[2m:375:10)\u001b[22m\u001b[2m\u001b[22m\n\n\u001b[1m\u001b[31m  \u001b[1m● \u001b[22m\u001b[1mAuthentication Integration Tests › Role-Based Access Tests › should handle role-based access control\u001b[39m\u001b[22m\n\n    ws does not work in the browser. Browser clients must use the native WebSocket object\n\u001b[2m\u001b[22m\n\u001b[2m    \u001b[0m \u001b[90m 373 |\u001b[39m   beforeAll(\u001b[36masync\u001b[39m () \u001b[33m=>\u001b[39m {\u001b[22m\n\u001b[2m     \u001b[90m 374 |\u001b[39m     \u001b[90m// Setup WebSocket connection\u001b[39m\u001b[22m\n\u001b[2m    \u001b[31m\u001b[1m>\u001b[22m\u001b[2m\u001b[39m\u001b[90m 375 |\u001b[39m     ws \u001b[33m=\u001b[39m \u001b[36mnew\u001b[39m \u001b[33mWebSocket\u001b[39m(\u001b[33mCONFIG\u001b[39m\u001b[33m.\u001b[39mserverUrl)\u001b[33m;\u001b[39m\u001b[22m\n\u001b[2m     \u001b[90m     |\u001b[39m          \u001b[31m\u001b[1m^\u001b[22m\u001b[2m\u001b[39m\u001b[22m\n\u001b[2m     \u001b[90m 376 |\u001b[39m     \u001b[36mawait\u001b[39m \u001b[36mnew\u001b[39m \u001b[33mPromise\u001b[39m((resolve\u001b[33m,\u001b[39m reject) \u001b[33m=>\u001b[39m {\u001b[22m\n\u001b[2m     \u001b[90m 377 |\u001b[39m       ws\u001b[33m.\u001b[39mon(\u001b[32m'open'\u001b[39m\u001b[33m,\u001b[39m resolve)\u001b[33m;\u001b[39m\u001b[22m\n\u001b[2m     \u001b[90m 378 |\u001b[39m       ws\u001b[33m.\u001b[39mon(\u001b[32m'error'\u001b[39m\u001b[33m,\u001b[39m reject)\u001b[33m;\u001b[39m\u001b[0m\u001b[22m\n\u001b[2m\u001b[22m\n\u001b[2m      \u001b[2mat new Object.<anonymous>.module.exports (\u001b[22m\u001b[2mnode_modules/ws/browser.js\u001b[2m:4:9)\u001b[22m\u001b[2m\u001b[22m\n\u001b[2m      \u001b[2mat Object.<anonymous> (\u001b[22m\u001b[2m\u001b[0m\u001b[36mtests/integration/authentication/test_authentication_comprehensive_integration.js\u001b[39m\u001b[0m\u001b[2m:375:10)\u001b[22m\u001b[2m\u001b[22m\n\n\u001b[1m\u001b[31m  \u001b[1m● \u001b[22m\u001b[1mAuthentication Integration Tests › Test Results Summary › should have successful authentication test results\u001b[39m\u001b[22m\n\n    ws does not work in the browser. Browser clients must use the native WebSocket object\n\u001b[2m\u001b[22m\n\u001b[2m    \u001b[0m \u001b[90m 373 |\u001b[39m   beforeAll(\u001b[36masync\u001b[39m () \u001b[33m=>\u001b[39m {\u001b[22m\n\u001b[2m     \u001b[90m 374 |\u001b[39m     \u001b[90m// Setup WebSocket connection\u001b[39m\u001b[22m\n\u001b[2m    \u001b[31m\u001b[1m>\u001b[22m\u001b[2m\u001b[39m\u001b[90m 375 |\u001b[39m     ws \u001b[33m=\u001b[39m \u001b[36mnew\u001b[39m \u001b[33mWebSocket\u001b[39m(\u001b[33mCONFIG\u001b[39m\u001b[33m.\u001b[39mserverUrl)\u001b[33m;\u001b[39m\u001b[22m\n\u001b[2m     \u001b[90m     |\u001b[39m          \u001b[31m\u001b[1m^\u001b[22m\u001b[2m\u001b[39m\u001b[22m\n\u001b[2m     \u001b[90m 376 |\u001b[39m     \u001b[36mawait\u001b[39m \u001b[36mnew\u001b[39m \u001b[33mPromise\u001b[39m((resolve\u001b[33m,\u001b[39m reject) \u001b[33m=>\u001b[39m {\u001b[22m\n\u001b[2m     \u001b[90m 377 |\u001b[39m       ws\u001b[33m.\u001b[39mon(\u001b[32m'open'\u001b[39m\u001b[33m,\u001b[39m resolve)\u001b[33m;\u001b[39m\u001b[22m\n\u001b[2m     \u001b[90m 378 |\u001b[39m       ws\u001b[33m.\u001b[39mon(\u001b[32m'error'\u001b[39m\u001b[33m,\u001b[39m reject)\u001b[33m;\u001b[39m\u001b[0m\u001b[22m\n\u001b[2m\u001b[22m\n\u001b[2m      \u001b[2mat new Object.<anonymous>.module.exports (\u001b[22m\u001b[2mnode_modules/ws/browser.js\u001b[2m:4:9)\u001b[22m\u001b[2m\u001b[22m\n\u001b[2m      \u001b[2mat Object.<anonymous> (\u001b[22m\u001b[2m\u001b[0m\u001b[36mtests/integration/authentication/test_authentication_comprehensive_integration.js\u001b[39m\u001b[0m\u001b[2m:375:10)\u001b[22m\u001b[2m\u001b[22m\n\n\u001b[1m\u001b[31m  \u001b[1m● \u001b[22m\u001b[1mAuthentication Integration Tests › Test Results Summary › should have authentication scenario coverage\u001b[39m\u001b[22m\n\n    ws does not work in the browser. Browser clients must use the native WebSocket object\n\u001b[2m\u001b[22m\n\u001b[2m    \u001b[0m \u001b[90m 373 |\u001b[39m   beforeAll(\u001b[36masync\u001b[39m () \u001b[33m=>\u001b[39m {\u001b[22m\n\u001b[2m     \u001b[90m 374 |\u001b[39m     \u001b[90m// Setup WebSocket connection\u001b[39m\u001b[22m\n\u001b[2m    \u001b[31m\u001b[1m>\u001b[22m\u001b[2m\u001b[39m\u001b[90m 375 |\u001b[39m     ws \u001b[33m=\u001b[39m \u001b[36mnew\u001b[39m \u001b[33mWebSocket\u001b[39m(\u001b[33mCONFIG\u001b[39m\u001b[33m.\u001b[39mserverUrl)\u001b[33m;\u001b[39m\u001b[22m\n\u001b[2m     \u001b[90m     |\u001b[39m          \u001b[31m\u001b[1m^\u001b[22m\u001b[2m\u001b[39m\u001b[22m\n\u001b[2m     \u001b[90m 376 |\u001b[39m     \u001b[36mawait\u001b[39m \u001b[36mnew\u001b[39m \u001b[33mPromise\u001b[39m((resolve\u001b[33m,\u001b[39m reject) \u001b[33m=>\u001b[39m {\u001b[22m\n\u001b[2m     \u001b[90m 377 |\u001b[39m       ws\u001b[33m.\u001b[39mon(\u001b[32m'open'\u001b[39m\u001b[33m,\u001b[39m resolve)\u001b[33m;\u001b[39m\u001b[22m\n\u001b[2m     \u001b[90m 378 |\u001b[39m       ws\u001b[33m.\u001b[39mon(\u001b[32m'error'\u001b[39m\u001b[33m,\u001b[39m reject)\u001b[33m;\u001b[39m\u001b[0m\u001b[22m\n\u001b[2m\u001b[22m\n\u001b[2m      \u001b[2mat new Object.<anonymous>.module.exports (\u001b[22m\u001b[2mnode_modules/ws/browser.js\u001b[2m:4:9)\u001b[22m\u001b[2m\u001b[22m\n\u001b[2m      \u001b[2mat Object.<anonymous> (\u001b[22m\u001b[2m\u001b[0m\u001b[36mtests/integration/authentication/test_authentication_comprehensive_integration.js\u001b[39m\u001b[0m\u001b[2m:375:10)\u001b[22m\u001b[2m\u001b[22m\n","name":"/home/carlossprekelsen/CameraRecorder/MediaMTX-Camera-Service-Client/client/tests/integration/authentication/test_authentication_comprehensive_integration.js","startTime":1755625281167,"status":"failed","summary":""},{"assertionResults":[{"ancestorTitles":["Camera Operations Integration Tests","Basic API Tests"],"duration":5,"failureDetails":[{}],"failureMessages":["Error: ws does not work in the browser. Browser clients must use the native WebSocket object\n    at new Object.<anonymous>.module.exports (/home/carlossprekelsen/CameraRecorder/MediaMTX-Camera-Service-Client/client/node_modules/ws/browser.js:4:9)\n    at Object.<anonymous> (/home/carlossprekelsen/CameraRecorder/MediaMTX-Camera-Service-Client/client/tests/integration/camera_ops/test_camera_operations_comprehensive_integration.js:330:10)\n    at Promise.then.completed (/home/carlossprekelsen/CameraRecorder/MediaMTX-Camera-Service-Client/client/node_modules/jest-circus/build/utils.js:298:28)\n    at new Promise (<anonymous>)\n    at callAsyncCircusFn (/home/carlossprekelsen/CameraRecorder/MediaMTX-Camera-Service-Client/client/node_modules/jest-circus/build/utils.js:231:10)\n    at _callCircusHook (/home/carlossprekelsen/CameraRecorder/MediaMTX-Camera-Service-Client/client/node_modules/jest-circus/build/run.js:281:40)\n    at processTicksAndRejections (node:internal/process/task_queues:95:5)\n    at _runTestsForDescribeBlock (/home/carlossprekelsen/CameraRecorder/MediaMTX-Camera-Service-Client/client/node_modules/jest-circus/build/run.js:95:7)\n    at _runTestsForDescribeBlock (/home/carlossprekelsen/CameraRecorder/MediaMTX-Camera-Service-Client/client/node_modules/jest-circus/build/run.js:121:9)\n    at run (/home/carlossprekelsen/CameraRecorder/MediaMTX-Camera-Service-Client/client/node_modules/jest-circus/build/run.js:71:3)\n    at runAndTransformResultsToJestFormat (/home/carlossprekelsen/CameraRecorder/MediaMTX-Camera-Service-Client/client/node_modules/jest-circus/build/legacy-code-todo-rewrite/jestAdapterInit.js:122:21)\n    at jestAdapter (/home/carlossprekelsen/CameraRecorder/MediaMTX-Camera-Service-Client/client/node_modules/jest-circus/build/legacy-code-todo-rewrite/jestAdapter.js:79:19)\n    at runTestInternal (/home/carlossprekelsen/CameraRecorder/MediaMTX-Camera-Service-Client/client/node_modules/jest-runner/build/runTest.js:367:16)\n    at runTest (/home/carlossprekelsen/CameraRecorder/MediaMTX-Camera-Service-Client/client/node_modules/jest-runner/build/runTest.js:444:34)\n    at Object.worker (/home/carlossprekelsen/CameraRecorder/MediaMTX-Camera-Service-Client/client/node_modules/jest-runner/build/testWorker.js:106:12)"],"fullName":"Camera Operations Integration Tests Basic API Tests should test basic API functionality","invocations":1,"location":null,"numPassingAsserts":0,"retryReasons":[],"status":"failed","title":"should test basic API functionality"},{"ancestorTitles":["Camera Operations Integration Tests","Authentication Tests"],"duration":1,"failureDetails":[{}],"failureMessages":["Error: ws does not work in the browser. Browser clients must use the native WebSocket object\n    at new Object.<anonymous>.module.exports (/home/carlossprekelsen/CameraRecorder/MediaMTX-Camera-Service-Client/client/node_modules/ws/browser.js:4:9)\n    at Object.<anonymous> (/home/carlossprekelsen/CameraRecorder/MediaMTX-Camera-Service-Client/client/tests/integration/camera_ops/test_camera_operations_comprehensive_integration.js:330:10)\n    at Promise.then.completed (/home/carlossprekelsen/CameraRecorder/MediaMTX-Camera-Service-Client/client/node_modules/jest-circus/build/utils.js:298:28)\n    at new Promise (<anonymous>)\n    at callAsyncCircusFn (/home/carlossprekelsen/CameraRecorder/MediaMTX-Camera-Service-Client/client/node_modules/jest-circus/build/utils.js:231:10)\n    at _callCircusHook (/home/carlossprekelsen/CameraRecorder/MediaMTX-Camera-Service-Client/client/node_modules/jest-circus/build/run.js:281:40)\n    at processTicksAndRejections (node:internal/process/task_queues:95:5)\n    at _runTestsForDescribeBlock (/home/carlossprekelsen/CameraRecorder/MediaMTX-Camera-Service-Client/client/node_modules/jest-circus/build/run.js:95:7)\n    at _runTestsForDescribeBlock (/home/carlossprekelsen/CameraRecorder/MediaMTX-Camera-Service-Client/client/node_modules/jest-circus/build/run.js:121:9)\n    at run (/home/carlossprekelsen/CameraRecorder/MediaMTX-Camera-Service-Client/client/node_modules/jest-circus/build/run.js:71:3)\n    at runAndTransformResultsToJestFormat (/home/carlossprekelsen/CameraRecorder/MediaMTX-Camera-Service-Client/client/node_modules/jest-circus/build/legacy-code-todo-rewrite/jestAdapterInit.js:122:21)\n    at jestAdapter (/home/carlossprekelsen/CameraRecorder/MediaMTX-Camera-Service-Client/client/node_modules/jest-circus/build/legacy-code-todo-rewrite/jestAdapter.js:79:19)\n    at runTestInternal (/home/carlossprekelsen/CameraRecorder/MediaMTX-Camera-Service-Client/client/node_modules/jest-runner/build/runTest.js:367:16)\n    at runTest (/home/carlossprekelsen/CameraRecorder/MediaMTX-Camera-Service-Client/client/node_modules/jest-runner/build/runTest.js:444:34)\n    at Object.worker (/home/carlossprekelsen/CameraRecorder/MediaMTX-Camera-Service-Client/client/node_modules/jest-runner/build/testWorker.js:106:12)"],"fullName":"Camera Operations Integration Tests Authentication Tests should test authentication functionality","invocations":1,"location":null,"numPassingAsserts":0,"retryReasons":[],"status":"failed","title":"should test authentication functionality"},{"ancestorTitles":["Camera Operations Integration Tests","Take Snapshot Tests"],"duration":1,"failureDetails":[{}],"failureMessages":["Error: ws does not work in the browser. Browser clients must use the native WebSocket object\n    at new Object.<anonymous>.module.exports (/home/carlossprekelsen/CameraRecorder/MediaMTX-Camera-Service-Client/client/node_modules/ws/browser.js:4:9)\n    at Object.<anonymous> (/home/carlossprekelsen/CameraRecorder/MediaMTX-Camera-Service-Client/client/tests/integration/camera_ops/test_camera_operations_comprehensive_integration.js:330:10)\n    at Promise.then.completed (/home/carlossprekelsen/CameraRecorder/MediaMTX-Camera-Service-Client/client/node_modules/jest-circus/build/utils.js:298:28)\n    at new Promise (<anonymous>)\n    at callAsyncCircusFn (/home/carlossprekelsen/CameraRecorder/MediaMTX-Camera-Service-Client/client/node_modules/jest-circus/build/utils.js:231:10)\n    at _callCircusHook (/home/carlossprekelsen/CameraRecorder/MediaMTX-Camera-Service-Client/client/node_modules/jest-circus/build/run.js:281:40)\n    at processTicksAndRejections (node:internal/process/task_queues:95:5)\n    at _runTestsForDescribeBlock (/home/carlossprekelsen/CameraRecorder/MediaMTX-Camera-Service-Client/client/node_modules/jest-circus/build/run.js:95:7)\n    at _runTestsForDescribeBlock (/home/carlossprekelsen/CameraRecorder/MediaMTX-Camera-Service-Client/client/node_modules/jest-circus/build/run.js:121:9)\n    at run (/home/carlossprekelsen/CameraRecorder/MediaMTX-Camera-Service-Client/client/node_modules/jest-circus/build/run.js:71:3)\n    at runAndTransformResultsToJestFormat (/home/carlossprekelsen/CameraRecorder/MediaMTX-Camera-Service-Client/client/node_modules/jest-circus/build/legacy-code-todo-rewrite/jestAdapterInit.js:122:21)\n    at jestAdapter (/home/carlossprekelsen/CameraRecorder/MediaMTX-Camera-Service-Client/client/node_modules/jest-circus/build/legacy-code-todo-rewrite/jestAdapter.js:79:19)\n    at runTestInternal (/home/carlossprekelsen/CameraRecorder/MediaMTX-Camera-Service-Client/client/node_modules/jest-runner/build/runTest.js:367:16)\n    at runTest (/home/carlossprekelsen/CameraRecorder/MediaMTX-Camera-Service-Client/client/node_modules/jest-runner/build/runTest.js:444:34)\n    at Object.worker (/home/carlossprekelsen/CameraRecorder/MediaMTX-Camera-Service-Client/client/node_modules/jest-runner/build/testWorker.js:106:12)"],"fullName":"Camera Operations Integration Tests Take Snapshot Tests should test take snapshot functionality","invocations":1,"location":null,"numPassingAsserts":0,"retryReasons":[],"status":"failed","title":"should test take snapshot functionality"},{"ancestorTitles":["Camera Operations Integration Tests","Recording Operations Tests"],"duration":0,"failureDetails":[{}],"failureMessages":["Error: ws does not work in the browser. Browser clients must use the native WebSocket object\n    at new Object.<anonymous>.module.exports (/home/carlossprekelsen/CameraRecorder/MediaMTX-Camera-Service-Client/client/node_modules/ws/browser.js:4:9)\n    at Object.<anonymous> (/home/carlossprekelsen/CameraRecorder/MediaMTX-Camera-Service-Client/client/tests/integration/camera_ops/test_camera_operations_comprehensive_integration.js:330:10)\n    at Promise.then.completed (/home/carlossprekelsen/CameraRecorder/MediaMTX-Camera-Service-Client/client/node_modules/jest-circus/build/utils.js:298:28)\n    at new Promise (<anonymous>)\n    at callAsyncCircusFn (/home/carlossprekelsen/CameraRecorder/MediaMTX-Camera-Service-Client/client/node_modules/jest-circus/build/utils.js:231:10)\n    at _callCircusHook (/home/carlossprekelsen/CameraRecorder/MediaMTX-Camera-Service-Client/client/node_modules/jest-circus/build/run.js:281:40)\n    at processTicksAndRejections (node:internal/process/task_queues:95:5)\n    at _runTestsForDescribeBlock (/home/carlossprekelsen/CameraRecorder/MediaMTX-Camera-Service-Client/client/node_modules/jest-circus/build/run.js:95:7)\n    at _runTestsForDescribeBlock (/home/carlossprekelsen/CameraRecorder/MediaMTX-Camera-Service-Client/client/node_modules/jest-circus/build/run.js:121:9)\n    at run (/home/carlossprekelsen/CameraRecorder/MediaMTX-Camera-Service-Client/client/node_modules/jest-circus/build/run.js:71:3)\n    at runAndTransformResultsToJestFormat (/home/carlossprekelsen/CameraRecorder/MediaMTX-Camera-Service-Client/client/node_modules/jest-circus/build/legacy-code-todo-rewrite/jestAdapterInit.js:122:21)\n    at jestAdapter (/home/carlossprekelsen/CameraRecorder/MediaMTX-Camera-Service-Client/client/node_modules/jest-circus/build/legacy-code-todo-rewrite/jestAdapter.js:79:19)\n    at runTestInternal (/home/carlossprekelsen/CameraRecorder/MediaMTX-Camera-Service-Client/client/node_modules/jest-runner/build/runTest.js:367:16)\n    at runTest (/home/carlossprekelsen/CameraRecorder/MediaMTX-Camera-Service-Client/client/node_modules/jest-runner/build/runTest.js:444:34)\n    at Object.worker (/home/carlossprekelsen/CameraRecorder/MediaMTX-Camera-Service-Client/client/node_modules/jest-runner/build/testWorker.js:106:12)"],"fullName":"Camera Operations Integration Tests Recording Operations Tests should test recording operations","invocations":1,"location":null,"numPassingAsserts":0,"retryReasons":[],"status":"failed","title":"should test recording operations"},{"ancestorTitles":["Camera Operations Integration Tests","Error Handling Tests"],"duration":0,"failureDetails":[{}],"failureMessages":["Error: ws does not work in the browser. Browser clients must use the native WebSocket object\n    at new Object.<anonymous>.module.exports (/home/carlossprekelsen/CameraRecorder/MediaMTX-Camera-Service-Client/client/node_modules/ws/browser.js:4:9)\n    at Object.<anonymous> (/home/carlossprekelsen/CameraRecorder/MediaMTX-Camera-Service-Client/client/tests/integration/camera_ops/test_camera_operations_comprehensive_integration.js:330:10)\n    at Promise.then.completed (/home/carlossprekelsen/CameraRecorder/MediaMTX-Camera-Service-Client/client/node_modules/jest-circus/build/utils.js:298:28)\n    at new Promise (<anonymous>)\n    at callAsyncCircusFn (/home/carlossprekelsen/CameraRecorder/MediaMTX-Camera-Service-Client/client/node_modules/jest-circus/build/utils.js:231:10)\n    at _callCircusHook (/home/carlossprekelsen/CameraRecorder/MediaMTX-Camera-Service-Client/client/node_modules/jest-circus/build/run.js:281:40)\n    at processTicksAndRejections (node:internal/process/task_queues:95:5)\n    at _runTestsForDescribeBlock (/home/carlossprekelsen/CameraRecorder/MediaMTX-Camera-Service-Client/client/node_modules/jest-circus/build/run.js:95:7)\n    at _runTestsForDescribeBlock (/home/carlossprekelsen/CameraRecorder/MediaMTX-Camera-Service-Client/client/node_modules/jest-circus/build/run.js:121:9)\n    at run (/home/carlossprekelsen/CameraRecorder/MediaMTX-Camera-Service-Client/client/node_modules/jest-circus/build/run.js:71:3)\n    at runAndTransformResultsToJestFormat (/home/carlossprekelsen/CameraRecorder/MediaMTX-Camera-Service-Client/client/node_modules/jest-circus/build/legacy-code-todo-rewrite/jestAdapterInit.js:122:21)\n    at jestAdapter (/home/carlossprekelsen/CameraRecorder/MediaMTX-Camera-Service-Client/client/node_modules/jest-circus/build/legacy-code-todo-rewrite/jestAdapter.js:79:19)\n    at runTestInternal (/home/carlossprekelsen/CameraRecorder/MediaMTX-Camera-Service-Client/client/node_modules/jest-runner/build/runTest.js:367:16)\n    at runTest (/home/carlossprekelsen/CameraRecorder/MediaMTX-Camera-Service-Client/client/node_modules/jest-runner/build/runTest.js:444:34)\n    at Object.worker (/home/carlossprekelsen/CameraRecorder/MediaMTX-Camera-Service-Client/client/node_modules/jest-runner/build/testWorker.js:106:12)"],"fullName":"Camera Operations Integration Tests Error Handling Tests should test error handling","invocations":1,"location":null,"numPassingAsserts":0,"retryReasons":[],"status":"failed","title":"should test error handling"},{"ancestorTitles":["Camera Operations Integration Tests","Test Results Summary"],"duration":0,"failureDetails":[{}],"failureMessages":["Error: ws does not work in the browser. Browser clients must use the native WebSocket object\n    at new Object.<anonymous>.module.exports (/home/carlossprekelsen/CameraRecorder/MediaMTX-Camera-Service-Client/client/node_modules/ws/browser.js:4:9)\n    at Object.<anonymous> (/home/carlossprekelsen/CameraRecorder/MediaMTX-Camera-Service-Client/client/tests/integration/camera_ops/test_camera_operations_comprehensive_integration.js:330:10)\n    at Promise.then.completed (/home/carlossprekelsen/CameraRecorder/MediaMTX-Camera-Service-Client/client/node_modules/jest-circus/build/utils.js:298:28)\n    at new Promise (<anonymous>)\n    at callAsyncCircusFn (/home/carlossprekelsen/CameraRecorder/MediaMTX-Camera-Service-Client/client/node_modules/jest-circus/build/utils.js:231:10)\n    at _callCircusHook (/home/carlossprekelsen/CameraRecorder/MediaMTX-Camera-Service-Client/client/node_modules/jest-circus/build/run.js:281:40)\n    at processTicksAndRejections (node:internal/process/task_queues:95:5)\n    at _runTestsForDescribeBlock (/home/carlossprekelsen/CameraRecorder/MediaMTX-Camera-Service-Client/client/node_modules/jest-circus/build/run.js:95:7)\n    at _runTestsForDescribeBlock (/home/carlossprekelsen/CameraRecorder/MediaMTX-Camera-Service-Client/client/node_modules/jest-circus/build/run.js:121:9)\n    at run (/home/carlossprekelsen/CameraRecorder/MediaMTX-Camera-Service-Client/client/node_modules/jest-circus/build/run.js:71:3)\n    at runAndTransformResultsToJestFormat (/home/carlossprekelsen/CameraRecorder/MediaMTX-Camera-Service-Client/client/node_modules/jest-circus/build/legacy-code-todo-rewrite/jestAdapterInit.js:122:21)\n    at jestAdapter (/home/carlossprekelsen/CameraRecorder/MediaMTX-Camera-Service-Client/client/node_modules/jest-circus/build/legacy-code-todo-rewrite/jestAdapter.js:79:19)\n    at runTestInternal (/home/carlossprekelsen/CameraRecorder/MediaMTX-Camera-Service-Client/client/node_modules/jest-runner/build/runTest.js:367:16)\n    at runTest (/home/carlossprekelsen/CameraRecorder/MediaMTX-Camera-Service-Client/client/node_modules/jest-runner/build/runTest.js:444:34)\n    at Object.worker (/home/carlossprekelsen/CameraRecorder/MediaMTX-Camera-Service-Client/client/node_modules/jest-runner/build/testWorker.js:106:12)"],"fullName":"Camera Operations Integration Tests Test Results Summary should have successful test results","invocations":1,"location":null,"numPassingAsserts":0,"retryReasons":[],"status":"failed","title":"should have successful test results"},{"ancestorTitles":["Camera Operations Integration Tests","Test Results Summary"],"duration":0,"failureDetails":[{}],"failureMessages":["Error: ws does not work in the browser. Browser clients must use the native WebSocket object\n    at new Object.<anonymous>.module.exports (/home/carlossprekelsen/CameraRecorder/MediaMTX-Camera-Service-Client/client/node_modules/ws/browser.js:4:9)\n    at Object.<anonymous> (/home/carlossprekelsen/CameraRecorder/MediaMTX-Camera-Service-Client/client/tests/integration/camera_ops/test_camera_operations_comprehensive_integration.js:330:10)\n    at Promise.then.completed (/home/carlossprekelsen/CameraRecorder/MediaMTX-Camera-Service-Client/client/node_modules/jest-circus/build/utils.js:298:28)\n    at new Promise (<anonymous>)\n    at callAsyncCircusFn (/home/carlossprekelsen/CameraRecorder/MediaMTX-Camera-Service-Client/client/node_modules/jest-circus/build/utils.js:231:10)\n    at _callCircusHook (/home/carlossprekelsen/CameraRecorder/MediaMTX-Camera-Service-Client/client/node_modules/jest-circus/build/run.js:281:40)\n    at processTicksAndRejections (node:internal/process/task_queues:95:5)\n    at _runTestsForDescribeBlock (/home/carlossprekelsen/CameraRecorder/MediaMTX-Camera-Service-Client/client/node_modules/jest-circus/build/run.js:95:7)\n    at _runTestsForDescribeBlock (/home/carlossprekelsen/CameraRecorder/MediaMTX-Camera-Service-Client/client/node_modules/jest-circus/build/run.js:121:9)\n    at run (/home/carlossprekelsen/CameraRecorder/MediaMTX-Camera-Service-Client/client/node_modules/jest-circus/build/run.js:71:3)\n    at runAndTransformResultsToJestFormat (/home/carlossprekelsen/CameraRecorder/MediaMTX-Camera-Service-Client/client/node_modules/jest-circus/build/legacy-code-todo-rewrite/jestAdapterInit.js:122:21)\n    at jestAdapter (/home/carlossprekelsen/CameraRecorder/MediaMTX-Camera-Service-Client/client/node_modules/jest-circus/build/legacy-code-todo-rewrite/jestAdapter.js:79:19)\n    at runTestInternal (/home/carlossprekelsen/CameraRecorder/MediaMTX-Camera-Service-Client/client/node_modules/jest-runner/build/runTest.js:367:16)\n    at runTest (/home/carlossprekelsen/CameraRecorder/MediaMTX-Camera-Service-Client/client/node_modules/jest-runner/build/runTest.js:444:34)\n    at Object.worker (/home/carlossprekelsen/CameraRecorder/MediaMTX-Camera-Service-Client/client/node_modules/jest-runner/build/testWorker.js:106:12)"],"fullName":"Camera Operations Integration Tests Test Results Summary should have API method coverage","invocations":1,"location":null,"numPassingAsserts":0,"retryReasons":[],"status":"failed","title":"should have API method coverage"}],"endTime":1755625283449,"message":"\u001b[1m\u001b[31m  \u001b[1m● \u001b[22m\u001b[1mCamera Operations Integration Tests › Basic API Tests › should test basic API functionality\u001b[39m\u001b[22m\n\n    ws does not work in the browser. Browser clients must use the native WebSocket object\n\u001b[2m\u001b[22m\n\u001b[2m    \u001b[0m \u001b[90m 328 |\u001b[39m   beforeAll(\u001b[36masync\u001b[39m () \u001b[33m=>\u001b[39m {\u001b[22m\n\u001b[2m     \u001b[90m 329 |\u001b[39m     \u001b[90m// Setup WebSocket connection\u001b[39m\u001b[22m\n\u001b[2m    \u001b[31m\u001b[1m>\u001b[22m\u001b[2m\u001b[39m\u001b[90m 330 |\u001b[39m     ws \u001b[33m=\u001b[39m \u001b[36mnew\u001b[39m \u001b[33mWebSocket\u001b[39m(\u001b[33mCONFIG\u001b[39m\u001b[33m.\u001b[39mserverUrl)\u001b[33m;\u001b[39m\u001b[22m\n\u001b[2m     \u001b[90m     |\u001b[39m          \u001b[31m\u001b[1m^\u001b[22m\u001b[2m\u001b[39m\u001b[22m\n\u001b[2m     \u001b[90m 331 |\u001b[39m     \u001b[36mawait\u001b[39m \u001b[36mnew\u001b[39m \u001b[33mPromise\u001b[39m((resolve\u001b[33m,\u001b[39m reject) \u001b[33m=>\u001b[39m {\u001b[22m\n\u001b[2m     \u001b[90m 332 |\u001b[39m       ws\u001b[33m.\u001b[39mon(\u001b[32m'open'\u001b[39m\u001b[33m,\u001b[39m resolve)\u001b[33m;\u001b[39m\u001b[22m\n\u001b[2m     \u001b[90m 333 |\u001b[39m       ws\u001b[33m.\u001b[39mon(\u001b[32m'error'\u001b[39m\u001b[33m,\u001b[39m reject)\u001b[33m;\u001b[39m\u001b[0m\u001b[22m\n\u001b[2m\u001b[22m\n\u001b[2m      \u001b[2mat new Object.<anonymous>.module.exports (\u001b[22m\u001b[2mnode_modules/ws/browser.js\u001b[2m:4:9)\u001b[22m\u001b[2m\u001b[22m\n\u001b[2m      \u001b[2mat Object.<anonymous> (\u001b[22m\u001b[2m\u001b[0m\u001b[36mtests/integration/camera_ops/test_camera_operations_comprehensive_integration.js\u001b[39m\u001b[0m\u001b[2m:330:10)\u001b[22m\u001b[2m\u001b[22m\n\n\u001b[1m\u001b[31m  \u001b[1m● \u001b[22m\u001b[1mCamera Operations Integration Tests › Authentication Tests › should test authentication functionality\u001b[39m\u001b[22m\n\n    ws does not work in the browser. Browser clients must use the native WebSocket object\n\u001b[2m\u001b[22m\n\u001b[2m    \u001b[0m \u001b[90m 328 |\u001b[39m   beforeAll(\u001b[36masync\u001b[39m () \u001b[33m=>\u001b[39m {\u001b[22m\n\u001b[2m     \u001b[90m 329 |\u001b[39m     \u001b[90m// Setup WebSocket connection\u001b[39m\u001b[22m\n\u001b[2m    \u001b[31m\u001b[1m>\u001b[22m\u001b[2m\u001b[39m\u001b[90m 330 |\u001b[39m     ws \u001b[33m=\u001b[39m \u001b[36mnew\u001b[39m \u001b[33mWebSocket\u001b[39m(\u001b[33mCONFIG\u001b[39m\u001b[33m.\u001b[39mserverUrl)\u001b[33m;\u001b[39m\u001b[22m\n\u001b[2m     \u001b[90m     |\u001b[39m          \u001b[31m\u001b[1m^\u001b[22m\u001b[2m\u001b[39m\u001b[22m\n\u001b[2m     \u001b[90m 331 |\u001b[39m     \u001b[36mawait\u001b[39m \u001b[36mnew\u001b[39m \u001b[33mPromise\u001b[39m((resolve\u001b[33m,\u001b[39m reject) \u001b[33m=>\u001b[39m {\u001b[22m\n\u001b[2m     \u001b[90m 332 |\u001b[39m       ws\u001b[33m.\u001b[39mon(\u001b[32m'open'\u001b[39m\u001b[33m,\u001b[39m resolve)\u001b[33m;\u001b[39m\u001b[22m\n\u001b[2m     \u001b[90m 333 |\u001b[39m       ws\u001b[33m.\u001b[39mon(\u001b[32m'error'\u001b[39m\u001b[33m,\u001b[39m reject)\u001b[33m;\u001b[39m\u001b[0m\u001b[22m\n\u001b[2m\u001b[22m\n\u001b[2m      \u001b[2mat new Object.<anonymous>.module.exports (\u001b[22m\u001b[2mnode_modules/ws/browser.js\u001b[2m:4:9)\u001b[22m\u001b[2m\u001b[22m\n\u001b[2m      \u001b[2mat Object.<anonymous> (\u001b[22m\u001b[2m\u001b[0m\u001b[36mtests/integration/camera_ops/test_camera_operations_comprehensive_integration.js\u001b[39m\u001b[0m\u001b[2m:330:10)\u001b[22m\u001b[2m\u001b[22m\n\n\u001b[1m\u001b[31m  \u001b[1m● \u001b[22m\u001b[1mCamera Operations Integration Tests › Take Snapshot Tests › should test take snapshot functionality\u001b[39m\u001b[22m\n\n    ws does not work in the browser. Browser clients must use the native WebSocket object\n\u001b[2m\u001b[22m\n\u001b[2m    \u001b[0m \u001b[90m 328 |\u001b[39m   beforeAll(\u001b[36masync\u001b[39m () \u001b[33m=>\u001b[39m {\u001b[22m\n\u001b[2m     \u001b[90m 329 |\u001b[39m     \u001b[90m// Setup WebSocket connection\u001b[39m\u001b[22m\n\u001b[2m    \u001b[31m\u001b[1m>\u001b[22m\u001b[2m\u001b[39m\u001b[90m 330 |\u001b[39m     ws \u001b[33m=\u001b[39m \u001b[36mnew\u001b[39m \u001b[33mWebSocket\u001b[39m(\u001b[33mCONFIG\u001b[39m\u001b[33m.\u001b[39mserverUrl)\u001b[33m;\u001b[39m\u001b[22m\n\u001b[2m     \u001b[90m     |\u001b[39m          \u001b[31m\u001b[1m^\u001b[22m\u001b[2m\u001b[39m\u001b[22m\n\u001b[2m     \u001b[90m 331 |\u001b[39m     \u001b[36mawait\u001b[39m \u001b[36mnew\u001b[39m \u001b[33mPromise\u001b[39m((resolve\u001b[33m,\u001b[39m reject) \u001b[33m=>\u001b[39m {\u001b[22m\n\u001b[2m     \u001b[90m 332 |\u001b[39m       ws\u001b[33m.\u001b[39mon(\u001b[32m'open'\u001b[39m\u001b[33m,\u001b[39m resolve)\u001b[33m;\u001b[39m\u001b[22m\n\u001b[2m     \u001b[90m 333 |\u001b[39m       ws\u001b[33m.\u001b[39mon(\u001b[32m'error'\u001b[39m\u001b[33m,\u001b[39m reject)\u001b[33m;\u001b[39m\u001b[0m\u001b[22m\n\u001b[2m\u001b[22m\n\u001b[2m      \u001b[2mat new Object.<anonymous>.module.exports (\u001b[22m\u001b[2mnode_modules/ws/browser.js\u001b[2m:4:9)\u001b[22m\u001b[2m\u001b[22m\n\u001b[2m      \u001b[2mat Object.<anonymous> (\u001b[22m\u001b[2m\u001b[0m\u001b[36mtests/integration/camera_ops/test_camera_operations_comprehensive_integration.js\u001b[39m\u001b[0m\u001b[2m:330:10)\u001b[22m\u001b[2m\u001b[22m\n\n\u001b[1m\u001b[31m  \u001b[1m● \u001b[22m\u001b[1mCamera Operations Integration Tests › Recording Operations Tests › should test recording operations\u001b[39m\u001b[22m\n\n    ws does not work in the browser. Browser clients must use the native WebSocket object\n\u001b[2m\u001b[22m\n\u001b[2m    \u001b[0m \u001b[90m 328 |\u001b[39m   beforeAll(\u001b[36masync\u001b[39m () \u001b[33m=>\u001b[39m {\u001b[22m\n\u001b[2m     \u001b[90m 329 |\u001b[39m     \u001b[90m// Setup WebSocket connection\u001b[39m\u001b[22m\n\u001b[2m    \u001b[31m\u001b[1m>\u001b[22m\u001b[2m\u001b[39m\u001b[90m 330 |\u001b[39m     ws \u001b[33m=\u001b[39m \u001b[36mnew\u001b[39m \u001b[33mWebSocket\u001b[39m(\u001b[33mCONFIG\u001b[39m\u001b[33m.\u001b[39mserverUrl)\u001b[33m;\u001b[39m\u001b[22m\n\u001b[2m     \u001b[90m     |\u001b[39m          \u001b[31m\u001b[1m^\u001b[22m\u001b[2m\u001b[39m\u001b[22m\n\u001b[2m     \u001b[90m 331 |\u001b[39m     \u001b[36mawait\u001b[39m \u001b[36mnew\u001b[39m \u001b[33mPromise\u001b[39m((resolve\u001b[33m,\u001b[39m reject) \u001b[33m=>\u001b[39m {\u001b[22m\n\u001b[2m     \u001b[90m 332 |\u001b[39m       ws\u001b[33m.\u001b[39mon(\u001b[32m'open'\u001b[39m\u001b[33m,\u001b[39m resolve)\u001b[33m;\u001b[39m\u001b[22m\n\u001b[2m     \u001b[90m 333 |\u001b[39m       ws\u001b[33m.\u001b[39mon(\u001b[32m'error'\u001b[39m\u001b[33m,\u001b[39m reject)\u001b[33m;\u001b[39m\u001b[0m\u001b[22m\n\u001b[2m\u001b[22m\n\u001b[2m      \u001b[2mat new Object.<anonymous>.module.exports (\u001b[22m\u001b[2mnode_modules/ws/browser.js\u001b[2m:4:9)\u001b[22m\u001b[2m\u001b[22m\n\u001b[2m      \u001b[2mat Object.<anonymous> (\u001b[22m\u001b[2m\u001b[0m\u001b[36mtests/integration/camera_ops/test_camera_operations_comprehensive_integration.js\u001b[39m\u001b[0m\u001b[2m:330:10)\u001b[22m\u001b[2m\u001b[22m\n\n\u001b[1m\u001b[31m  \u001b[1m● \u001b[22m\u001b[1mCamera Operations Integration Tests › Error Handling Tests › should test error handling\u001b[39m\u001b[22m\n\n    ws does not work in the browser. Browser clients must use the native WebSocket object\n\u001b[2m\u001b[22m\n\u001b[2m    \u001b[0m \u001b[90m 328 |\u001b[39m   beforeAll(\u001b[36masync\u001b[39m () \u001b[33m=>\u001b[39m {\u001b[22m\n\u001b[2m     \u001b[90m 329 |\u001b[39m     \u001b[90m
[...]
m\n\u001b[2m     \u001b[90m     |\u001b[39m   \u001b[31m\u001b[1m^\u001b[22m\u001b[2m\u001b[39m\u001b[22m\n\u001b[2m     \u001b[90m 119 |\u001b[39m     \u001b[36mconst\u001b[39m config\u001b[33m:\u001b[39m \u001b[33mWebSocketConfig\u001b[39m \u001b[33m=\u001b[39m {\u001b[22m\n\u001b[2m     \u001b[90m 120 |\u001b[39m       url\u001b[33m:\u001b[39m \u001b[33mTEST_WEBSOCKET_URL\u001b[39m\u001b[33m,\u001b[39m\u001b[22m\n\u001b[2m     \u001b[90m 121 |\u001b[39m       reconnectInterval\u001b[33m:\u001b[39m \u001b[35m1000\u001b[39m\u001b[33m,\u001b[39m\u001b[0m\u001b[22m\n\u001b[2m\u001b[22m\n\u001b[2m      \u001b[2mat \u001b[22m\u001b[2m\u001b[0m\u001b[36mtests/ivv/test_pdr1_mvp_functionality_validation.ts\u001b[39m\u001b[0m\u001b[2m:118:3\u001b[22m\u001b[2m\u001b[22m\n\u001b[2m      \u001b[2mat Object.<anonymous> (\u001b[22m\u001b[2m\u001b[0m\u001b[36mtests/ivv/test_pdr1_mvp_functionality_validation.ts\u001b[39m\u001b[0m\u001b[2m:98:1)\u001b[22m\u001b[2m\u001b[22m\n\n\u001b[1m\u001b[31m  \u001b[1m● \u001b[22m\u001b[1mPDR-1: MVP Functionality Validation › PDR-1.1: Camera Discovery Workflow (End-to-End) › should handle camera discovery errors gracefully\u001b[39m\u001b[22m\n\n    thrown: \"Exceeded timeout of 30000 ms for a hook.\n    Add a timeout value to this test to increase the timeout, if this is a long-running test. See https://jestjs.io/docs/api#testname-fn-timeout.\"\n\u001b[2m\u001b[22m\n\u001b[2m    \u001b[0m \u001b[90m 116 |\u001b[39m   })\u001b[33m;\u001b[39m\u001b[22m\n\u001b[2m     \u001b[90m 117 |\u001b[39m\u001b[22m\n\u001b[2m    \u001b[31m\u001b[1m>\u001b[22m\u001b[2m\u001b[39m\u001b[90m 118 |\u001b[39m   beforeEach(\u001b[36masync\u001b[39m () \u001b[33m=>\u001b[39m {\u001b[22m\n\u001b[2m     \u001b[90m     |\u001b[39m   \u001b[31m\u001b[1m^\u001b[22m\u001b[2m\u001b[39m\u001b[22m\n\u001b[2m     \u001b[90m 119 |\u001b[39m     \u001b[36mconst\u001b[39m config\u001b[33m:\u001b[39m \u001b[33mWebSocketConfig\u001b[39m \u001b[33m=\u001b[39m {\u001b[22m\n\u001b[2m     \u001b[90m 120 |\u001b[39m       url\u001b[33m:\u001b[39m \u001b[33mTEST_WEBSOCKET_URL\u001b[39m\u001b[33m,\u001b[39m\u001b[22m\n\u001b[2m     \u001b[90m 121 |\u001b[39m       reconnectInterval\u001b[33m:\u001b[39m \u001b[35m1000\u001b[39m\u001b[33m,\u001b[39m\u001b[0m\u001b[22m\n\u001b[2m\u001b[22m\n\u001b[2m      \u001b[2mat \u001b[22m\u001b[2m\u001b[0m\u001b[36mtests/ivv/test_pdr1_mvp_functionality_validation.ts\u001b[39m\u001b[0m\u001b[2m:118:3\u001b[22m\u001b[2m\u001b[22m\n\u001b[2m      \u001b[2mat Object.<anonymous> (\u001b[22m\u001b[2m\u001b[0m\u001b[36mtests/ivv/test_pdr1_mvp_functionality_validation.ts\u001b[39m\u001b[0m\u001b[2m:98:1)\u001b[22m\u001b[2m\u001b[22m\n\n\u001b[1m\u001b[31m  \u001b[1m● \u001b[22m\u001b[1mPDR-1: MVP Functionality Validation › PDR-1.2: Real-time Camera Status Updates › should receive real-time camera status updates\u001b[39m\u001b[22m\n\n    thrown: \"Exceeded timeout of 30000 ms for a hook.\n    Add a timeout value to this test to increase the timeout, if this is a long-running test. See https://jestjs.io/docs/api#testname-fn-timeout.\"\n\u001b[2m\u001b[22m\n\u001b[2m    \u001b[0m \u001b[90m 116 |\u001b[39m   })\u001b[33m;\u001b[39m\u001b[22m\n\u001b[2m     \u001b[90m 117 |\u001b[39m\u001b[22m\n\u001b[2m    \u001b[31m\u001b[1m>\u001b[22m\u001b[2m\u001b[39m\u001b[90m 118 |\u001b[39m   beforeEach(\u001b[36masync\u001b[39m () \u001b[33m=>\u001b[39m {\u001b[22m\n\u001b[2m     \u001b[90m     |\u001b[39m   \u001b[31m\u001b[1m^\u001b[22m\u001b[2m\u001b[39m\u001b[22m\n\u001b[2m     \u001b[90m 119 |\u001b[39m     \u001b[36mconst\u001b[39m config\u001b[33m:\u001b[39m \u001b[33mWebSocketConfig\u001b[39m \u001b[33m=\u001b[39m {\u001b[22m\n\u001b[2m     \u001b[90m 120 |\u001b[39m       url\u001b[33m:\u001b[39m \u001b[33mTEST_WEBSOCKET_URL\u001b[39m\u001b[33m,\u001b[39m\u001b[22m\n\u001b[2m     \u001b[90m 121 |\u001b[39m       reconnectInterval\u001b[33m:\u001b[39m \u001b[35m1000\u001b[39m\u001b[33m,\u001b[39m\u001b[0m\u001b[22m\n\u001b[2m\u001b[22m\n\u001b[2m      \u001b[2mat \u001b[22m\u001b[2m\u001b[0m\u001b[36mtests/ivv/test_pdr1_mvp_functionality_validation.ts\u001b[39m\u001b[0m\u001b[2m:118:3\u001b[22m\u001b[2m\u001b[22m\n\u001b[2m      \u001b[2mat Object.<anonymous> (\u001b[22m\u001b[2m\u001b[0m\u001b[36mtests/ivv/test_pdr1_mvp_functionality_validation.ts\u001b[39m\u001b[0m\u001b[2m:98:1)\u001b[22m\u001b[2m\u001b[22m\n\n\u001b[1m\u001b[31m  \u001b[1m● \u001b[22m\u001b[1mPDR-1: MVP Functionality Validation › PDR-1.2: Real-time Camera Status Updates › should handle physical camera connect/disconnect scenarios\u001b[39m\u001b[22m\n\n    thrown: \"Exceeded timeout of 30000 ms for a hook.\n    Add a timeout value to this test to increase the timeout, if this is a long-running test. See https://jestjs.io/docs/api#testname-fn-timeout.\"\n\u001b[2m\u001b[22m\n\u001b[2m    \u001b[0m \u001b[90m 116 |\u001b[39m   })\u001b[33m;\u001b[39m\u001b[22m\n\u001b[2m     \u001b[90m 117 |\u001b[39m\u001b[22m\n\u001b[2m    \u001b[31m\u001b[1m>\u001b[22m\u001b[2m\u001b[39m\u001b[90m 118 |\u001b[39m   beforeEach(\u001b[36masync\u001b[39m () \u001b[33m=>\u001b[39m {\u001b[22m\n\u001b[2m     \u001b[90m     |\u001b[39m   \u001b[31m\u001b[1m^\u001b[22m\u001b[2m\u001b[39m\u001b[22m\n\u001b[2m     \u001b[90m 119 |\u001b[39m     \u001b[36mconst\u001b[39m config\u001b[33m:\u001b[39m \u001b[33mWebSocketConfig\u001b[39m \u001b[33m=\u001b[39m {\u001b[22m\n\u001b[2m     \u001b[90m 120 |\u001b[39m       url\u001b[33m:\u001b[39m \u001b[33mTEST_WEBSOCKET_URL\u001b[39m\u001b[33m,\u001b[39m\u001b[22m\n\u001b[2m     \u001b[90m 121 |\u001b[39m       reconnectInterval\u001b[33m:\u001b[39m \u001b[35m1000\u001b[39m\u001b[33m,\u001b[39m\u001b[0m\u001b[22m\n\u001b[2m\u001b[22m\n\u001b[2m      \u001b[2mat \u001b[22m\u001b[2m\u001b[0m\u001b[36mtests/ivv/test_pdr1_mvp_functionality_validation.ts\u001b[39m\u001b[0m\u001b[2m:118:3\u001b[22m\u001b[2m\u001b[22m\n\u001b[2m      \u001b[2mat Object.<anonymous> (\u001b[22m\u001b[2m\u001b[0m\u001b[36mtests/ivv/test_pdr1_mvp_functionality_validation.ts\u001b[39m\u001b[0m\u001b[2m:98:1)\u001b[22m\u001b[2m\u001b[22m\n\n\u001b[1m\u001b[31m  \u001b[1m● \u001b[22m\u001b[1mPDR-1: MVP Functionality Validation › PDR-1.3: Snapshot Capture Operations › should capture snapshots with multiple format/quality combinations\u001b[39m\u001b[22m\n\n    thrown: \"Exceeded timeout of 30000 ms for a hook.\n    Add a timeout value to this test to increase the timeout, if this is a long-running test. See https://jestjs.io/docs/api#testname-fn-timeout.\"\n\u001b[2m\u001b[22m\n\u001b[2m    \u001b[0m \u001b[90m 116 |\u001b[39m   })\u001b[33m;\u001b[39m\u001b[22m\n\u001b[2m     \u001b[90m 117 |\u001b[39m\u001b[22m\n\u001b[2m    \u001b[31m\u001b[1m>\u001b[22m\u001b[2m\u001b[39m\u001b[90m 118 |\u001b[39m   beforeEach(\u001b[36masync\u001b[39m () \u001b[33m=>\u001b[39m {\u001b[22m\n\u001b[2m     \u001b[90m     |\u001b[39m   \u001b[31m\u001b[1m^\u001b[22m\u001b[2m\u001b[39m\u001b[22m\n\u001b[2m     \u001b[90m 119 |\u001b[39m     \u001b[36mconst\u001b[39m config\u001b[33m:\u001b[39m \u001b[33mWebSocketConfig\u001b[39m \u001b[33m=\u001b[39m {\u001b[22m\n\u001b[2m     \u001b[90m 120 |\u001b[39m       url\u001b[33m:\u001b[39m \u001b[33mTEST_WEBSOCKET_URL\u001b[39m\u001b[33m,\u001b[39m\u001b[22m\n\u001b[2m     \u001b[90m 121 |\u001b[39m       reconnectInterval\u001b[33m:\u001b[39m \u001b[35m1000\u001b[39m\u001b[33m,\u001b[39m\u001b[0m\u001b[22m\n\u001b[2m\u001b[22m\n\u001b[2m      \u001b[2mat \u001b[22m\u001b[2m\u001b[0m\u001b[36mtests/ivv/test_pdr1_mvp_functionality_validation.ts\u001b[39m\u001b[0m\u001b[2m:118:3\u001b[22m\u001b[2m\u001b[22m\n\u001b[2m      \u001b[2mat Object.<anonymous> (\u001b[22m\u001b[2m\u001b[0m\u001b[36mtests/ivv/test_pdr1_mvp_functionality_validation.ts\u001b[39m\u001b[0m\u001b[2m:98:1)\u001b[22m\u001b[2m\u001b[22m\n\n\u001b[1m\u001b[31m  \u001b[1m● \u001b[22m\u001b[1mPDR-1: MVP Functionality Validation › PDR-1.3: Snapshot Capture Operations › should handle snapshot errors gracefully\u001b[39m\u001b[22m\n\n    thrown: \"Exceeded timeout of 30000 ms for a hook.\n    Add a timeout value to this test to increase the timeout, if this is a long-running test. See https://jestjs.io/docs/api#testname-fn-timeout.\"\n\u001b[2m\u001b[22m\n\u001b[2m    \u001b[0m \u001b[90m 116 |\u001b[39m   })\u001b[33m;\u001b[39m\u001b[22m\n\u001b[2m     \u001b[90m 117 |\u001b[39m\u001b[22m\n\u001b[2m    \u001b[31m\u001b[1m>\u001b[22m\u001b[2m\u001b[39m\u001b[90m 118 |\u001b[39m   beforeEach(\u001b[36masync\u001b[39m () \u001b[33m=>\u001b[39m {\u001b[22m\n\u001b[2m     \u001b[90m     |\u001b[39m   \u001b[31m\u001b[1m^\u001b[22m\u001b[2m\u001b[39m\u001b[22m\n\u001b[2m     \u001b[90m 119 |\u001b[39m     \u001b[36mconst\u001b[39m config\u001b[33m:\u001b[39m \u001b[33mWebSocketConfig\u001b[39m \u001b[33m=\u001b[39m {\u001b[22m\n\u001b[2m     \u001b[90m 120 |\u001b[39m       url\u001b[33m:\u001b[39m \u001b[33mTEST_WEBSOCKET_URL\u001b[39m\u001b[33m,\u001b[39m\u001b[22m\n\u001b[2m     \u001b[90m 121 |\u001b[39m       reconnectInterval\u001b[33m:\u001b[39m \u001b[35m1000\u001b[39m\u001b[33m,\u001b[39m\u001b[0m\u001b[22m\n\u001b[2m\u001b[22m\n\u001b[2m      \u001b[2mat \u001b[22m\u001b[2m\u001b[0m\u001b[36mtests/ivv/test_pdr1_mvp_functionality_validation.ts\u001b[39m\u001b[0m\u001b[2m:118:3\u001b[22m\u001b[2m\u001b[22m\n\u001b[2m      \u001b[2mat Object.<anonymous> (\u001b[22m\u001b[2m\u001b[0m\u001b[36mtests/ivv/test_pdr1_mvp_functionality_validation.ts\u001b[39m\u001b[0m\u001b[2m:98:1)\u001b[22m\u001b[2m\u001b[22m\n\n\u001b[1m\u001b[31m  \u001b[1m● \u001b[22m\u001b[1mPDR-1: MVP Functionality Validation › PDR-1.4: Video Recording Operations › should perform unlimited and timed duration recordings\u001b[39m\u001b[22m\n\n    thrown: \"Exceeded timeout of 30000 ms for a hook.\n    Add a timeout value to this test to increase the timeout, if this is a long-running test. See https://jestjs.io/docs/api#testname-fn-timeout.\"\n\u001b[2m\u001b[22m\n\u001b[2m    \u001b[0m \u001b[90m 116 |\u001b[39m   })\u001b[33m;\u001b[39m\u001b[22m\n\u001b[2m     \u001b[90m 117 |\u001b[39m\u001b[22m\n\u001b[2m    \u001b[31m\u001b[1m>\u001b[22m\u001b[2m\u001b[39m\u001b[90m 118 |\u001b[39m   beforeEach(\u001b[36masync\u001b[39m () \u001b[33m=>\u001b[39m {\u001b[22m\n\u001b[2m     \u001b[90m     |\u001b[39m   \u001b[31m\u001b[1m^\u001b[22m\u001b[2m\u001b[39m\u001b[22m\n\u001b[2m     \u001b[90m 119 |\u001b[39m     \u001b[36mconst\u001b[39m config\u001b[33m:\u001b[39m \u001b[33mWebSocketConfig\u001b[39m \u001b[33m=\u001b[39m {\u001b[22m\n\u001b[2m     \u001b[90m 120 |\u001b[39m       url\u001b[33m:\u001b[39m \u001b[33mTEST_WEBSOCKET_URL\u001b[39m\u001b[33m,\u001b[39m\u001b[22m\n\u001b[2m     \u001b[90m 121 |\u001b[39m       reconnectInterval\u001b[33m:\u001b[39m \u001b[35m1000\u001b[39m\u001b[33m,\u001b[39m\u001b[0m\u001b[22m\n\u001b[2m\u001b[22m\n\u001b[2m      \u001b[2mat \u001b[22m\u001b[2m\u001b[0m\u001b[36mtests/ivv/test_pdr1_mvp_functionality_validation.ts\u001b[39m\u001b[0m\u001b[2m:118:3\u001b[22m\u001b[2m\u001b[22m\n\u001b[2m      \u001b[2mat Object.<anonymous> (\u001b[22m\u001b[2m\u001b[0m\u001b[36mtests/ivv/test_pdr1_mvp_functionality_validation.ts\u001b[39m\u001b[0m\u001b[2m:98:1)\u001b[22m\u001b[2m\u001b[22m\n\n\u001b[1m\u001b[31m  \u001b[1m● \u001b[22m\u001b[1mPDR-1: MVP Functionality Validation › PDR-1.4: Video Recording Operations › should handle recording errors gracefully\u001b[39m\u001b[22m\n\n    thrown: \"Exceeded timeout of 30000 ms for a hook.\n    Add a timeout value to this test to increase the timeout, if this is a long-running test. See https://jestjs.io/docs/api#testname-fn-timeout.\"\n\u001b[2m\u001b[22m\n\u001b[2m    \u001b[0m \u001b[90m 116 |\u001b[39m   })\u001b[33m;\u001b[39m\u001b[22m\n\u001b[2m     \u001b[90m 117 |\u001b[39m\u001b[22m\n\u001b[2m    \u001b[31m\u001b[1m>\u001b[22m\u001b[2m\u001b[39m\u001b[90m 118 |\u001b[39m   beforeEach(\u001b[36masync\u001b[39m () \u001b[33m=>\u001b[39m {\u001b[22m\n\u001b[2m     \u001b[90m     |\u001b[39m   \u001b[31m\u001b[1m^\u001b[22m\u001b[2m\u001b[39m\u001b[22m\n\u001b[2m     \u001b[90m 119 |\u001b[39m     \u001b[36mconst\u001b[39m config\u001b[33m:\u001b[39m \u001b[33mWebSocketConfig\u001b[39m \u001b[33m=\u001b[39m {\u001b[22m\n\u001b[2m     \u001b[90m 120 |\u001b[39m       url\u001b[33m:\u001b[39m \u001b[33mTEST_WEBSOCKET_URL\u001b[39m\u001b[33m,\u001b[39m\u001b[22m\n\u001b[2m     \u001b[90m 121 |\u001b[39m       reconnectInterval\u001b[33m:\u001b[39m \u001b[35m1000\u001b[39m\u001b[33m,\u001b[39m\u001b[0m\u001b[22m\n\u001b[2m\u001b[22m\n\u001b[2m      \u001b[2mat \u001b[22m\u001b[2m\u001b[0m\u001b[36mtests/ivv/test_pdr1_mvp_functionality_validation.ts\u001b[39m\u001b[0m\u001b[2m:118:3\u001b[22m\u001b[2m\u001b[22m\n\u001b[2m      \u001b[2mat Object.<anonymous> (\u001b[22m\u001b[2m\u001b[0m\u001b[36mtests/ivv/test_pdr1_mvp_functionality_validation.ts\u001b[39m\u001b[0m\u001b[2m:98:1)\u001b[22m\u001b[2m\u001b[22m\n\n\u001b[1m\u001b[31m  \u001b[1m● \u001b[22m\u001b[1mPDR-1: MVP Functionality Validation › PDR-1.5: File Browsing and Download Functionality › should list recordings and snapshots with metadata\u001b[39m\u001b[22m\n\n    thrown: \"Exceeded timeout of 30000 ms for a hook.\n    Add a timeout value to this test to increase the timeout, if this is a long-running test. See https://jestjs.io/docs/api#testname-fn-timeout.\"\n\u001b[2m\u001b[22m\n\u001b[2m    \u001b[0m \u001b[90m 116 |\u001b[39m   })\u001b[33m;\u001b[39m\u001b[22m\n\u001b[2m     \u001b[90m 117 |\u001b[39m\u001b[22m\n\u001b[2m    \u001b[31m\u001b[1m>\u001b[22m\u001b[2m\u001b[39m\u001b[90m 118 |\u001b[39m   beforeEach(\u001b[36masync\u001b[39m () \u001b[33m=>\u001b[39m {\u001b[22m\n\u001b[2m     \u001b[90m     |\u001b[39m   \u001b[31m\u001b[1m^\u001b[22m\u001b[2m\u001b[39m\u001b[22m\n\u001b[2m     \u001b[90m 119 |\u001b[39m     \u001b[36mconst\u001b[39m config\u001b[33m:\u001b[39m \u001b[33mWebSocketConfig\u001b[39m \u001b[33m=\u001b[39m {\u001b[22m\n\u001b[2m     \u001b[90m 120 |\u001b[39m       url\u001b[33m:\u001b[39m \u001b[33mTEST_WEBSOCKET_URL\u001b[39m\u001b[33m,\u001b[39m\u001b[22m\n\u001b[2m     \u001b[90m 121 |\u001b[39m       reconnectInterval\u001b[33m:\u001b[39m \u001b[35m1000\u001b[39m\u001b[33m,\u001b[39m\u001b[0m\u001b[22m\n\u001b[2m\u001b[22m\n\u001b[2m      \u001b[2mat \u001b[22m\u001b[2m\u001b[0m\u001b[36mtests/ivv/test_pdr1_mvp_functionality_validation.ts\u001b[39m\u001b[0m\u001b[2m:118:3\u001b[22m\u001b[2m\u001b[22m\n\u001b[2m      \u001b[2mat Object.<anonymous> (\u001b[22m\u001b[2m\u001b[0m\u001b[36mtests/ivv/test_pdr1_mvp_functionality_validation.ts\u001b[39m\u001b[0m\u001b[2m:98:1)\u001b[22m\u001b[2m\u001b[22m\n\n\u001b[1m\u001b[31m  \u001b[1m● \u001b[22m\u001b[1mPDR-1: MVP Functionality Validation › PDR-1.5: File Browsing and Download Functionality › should handle pagination correctly\u001b[39m\u001b[22m\n\n    thrown: \"Exceeded timeout of 30000 ms for a hook.\n    Add a timeout value to this test to increase the timeout, if this is a long-running test. See https://jestjs.io/docs/api#testname-fn-timeout.\"\n\u001b[2m\u001b[22m\n\u001b[2m    \u001b[0m \u001b[90m 116 |\u001b[39m   })\u001b[33m;\u001b[39m\u001b[22m\n\u001b[2m     \u001b[90m 117 |\u001b[39m\u001b[22m\n\u001b[2m    \u001b[31m\u001b[1m>\u001b[22m\u001b[2m\u001b[39m\u001b[90m 118 |\u001b[39m   beforeEach(\u001b[36masync\u001b[39m () \u001b[33m=>\u001b[39m {\u001b[22m\n\u001b[2m     \u001b[90m     |\u001b[39m   \u001b[31m\u001b[1m^\u001b[22m\u001b[2m\u001b[39m\u001b[22m\n\u001b[2m     \u001b[90m 119 |\u001b[39m     \u001b[36mconst\u001b[39m config\u001b[33m:\u001b[39m \u001b[33mWebSocketConfig\u001b[39m \u001b[33m=\u001b[39m {\u001b[22m\n\u001b[2m     \u001b[90m 120 |\u001b[39m       url\u001b[33m:\u001b[39m \u001b[33mTEST_WEBSOCKET_URL\u001b[39m\u001b[33m,\u001b[39m\u001b[22m\n\u001b[2m     \u001b[90m 121 |\u001b[39m       reconnectInterval\u001b[33m:\u001b[39m \u001b[35m1000\u001b[39m\u001b[33m,\u001b[39m\u001b[0m\u001b[22m\n\u001b[2m\u001b[22m\n\u001b[2m      \u001b[2mat \u001b[22m\u001b[2m\u001b[0m\u001b[36mtests/ivv/test_pdr1_mvp_functionality_validation.ts\u001b[39m\u001b[0m\u001b[2m:118:3\u001b[22m\u001b[2m\u001b[22m\n\u001b[2m      \u001b[2mat Object.<anonymous> (\u001b[22m\u001b[2m\u001b[0m\u001b[36mtests/ivv/test_pdr1_mvp_functionality_validation.ts\u001b[39m\u001b[0m\u001b[2m:98:1)\u001b[22m\u001b[2m\u001b[22m\n\n\u001b[1m\u001b[31m  \u001b[1m● \u001b[22m\u001b[1mPDR-1: MVP Functionality Validation › PDR-1.6: Error Handling and Recovery › should handle network failures and reconnection\u001b[39m\u001b[22m\n\n    thrown: \"Exceeded timeout of 30000 ms for a hook.\n    Add a timeout value to this test to increase the timeout, if this is a long-running test. See https://jestjs.io/docs/api#testname-fn-timeout.\"\n\u001b[2m\u001b[22m\n\u001b[2m    \u001b[0m \u001b[90m 116 |\u001b[39m   })\u001b[33m;\u001b[39m\u001b[22m\n\u001b[2m     \u001b[90m 117 |\u001b[39m\u001b[22m\n\u001b[2m    \u001b[31m\u001b[1m>\u001b[22m\u001b[2m\u001b[39m\u001b[90m 118 |\u001b[39m   beforeEach(\u001b[36masync\u001b[39m () \u001b[33m=>\u001b[39m {\u001b[22m\n\u001b[2m     \u001b[90m     |\u001b[39m   \u001b[31m\u001b[1m^\u001b[22m\u001b[2m\u001b[39m\u001b[22m\n\u001b[2m     \u001b[90m 119 |\u001b[39m     \u001b[36mconst\u001b[39m config\u001b[33m:\u001b[39m \u001b[33mWebSocketConfig\u001b[39m \u001b[33m=\u001b[39m {\u001b[22m\n\u001b[2m     \u001b[90m 120 |\u001b[39m       url\u001b[33m:\u001b[39m \u001b[33mTEST_WEBSOCKET_URL\u001b[39m\u001b[33m,\u001b[39m\u001b[22m\n\u001b[2m     \u001b[90m 121 |\u001b[39m       reconnectInterval\u001b[33m:\u001b[39m \u001b[35m1000\u001b[39m\u001b[33m,\u001b[39m\u001b[0m\u001b[22m\n\u001b[2m\u001b[22m\n\u001b[2m      \u001b[2mat \u001b[22m\u001b[2m\u001b[0m\u001b[36mtests/ivv/test_pdr1_mvp_functionality_validation.ts\u001b[39m\u001b[0m\u001b[2m:118:3\u001b[22m\u001b[2m\u001b[22m\n\u001b[2m      \u001b[2mat Object.<anonymous> (\u001b[22m\u001b[2m\u001b[0m\u001b[36mtests/ivv/test_pdr1_mvp_functionality_validation.ts\u001b[39m\u001b[0m\u001b[2m:98:1)\u001b[22m\u001b[2m\u001b[22m\n\n\u001b[1m\u001b[31m  \u001b[1m● \u001b[22m\u001b[1mPDR-1: MVP Functionality Validation › PDR-1.6: Error Handling and Recovery › should handle server errors gracefully\u001b[39m\u001b[22m\n\n    thrown: \"Exceeded timeout of 30000 ms for a hook.\n    Add a timeout value to this test to increase the timeout, if this is a long-running test. See https://jestjs.io/docs/api#testname-fn-timeout.\"\n\u001b[2m\u001b[22m\n\u001b[2m    \u001b[0m \u001b[90m 116 |\u001b[39m   })\u001b[33m;\u001b[39m\u001b[22m\n\u001b[2m     \u001b[90m 117 |\u001b[39m\u001b[22m\n\u001b[2m    \u001b[31m\u001b[1m>\u001b[22m\u001b[2m\u001b[39m\u001b[90m 118 |\u001b[39m   beforeEach(\u001b[36masync\u001b[39m () \u001b[33m=>\u001b[39m {\u001b[22m\n\u001b[2m     \u001b[90m     |\u001b[39m   \u001b[31m\u001b[1m^\u001b[22m\u001b[2m\u001b[39m\u001b[22m\n\u001b[2m     \u001b[90m 119 |\u001b[39m     \u001b[36mconst\u001b[39m config\u001b[33m:\u001b[39m \u001b[33mWebSocketConfig\u001b[39m \u001b[33m=\u001b[39m {\u001b[22m\n\u001b[2m     \u001b[90m 120 |\u001b[39m       url\u001b[33m:\u001b[39m \u001b[33mTEST_WEBSOCKET_URL\u001b[39m\u001b[33m,\u001b[39m\u001b[22m\n\u001b[2m     \u001b[90m 121 |\u001b[39m       reconnectInterval\u001b[33m:\u001b[39m \u001b[35m1000\u001b[39m\u001b[33m,\u001b[39m\u001b[0m\u001b[22m\n\u001b[2m\u001b[22m\n\u001b[2m      \u001b[2mat \u001b[22m\u001b[2m\u001b[0m\u001b[36mtests/ivv/test_pdr1_mvp_functionality_validation.ts\u001b[39m\u001b[0m\u001b[2m:118:3\u001b[22m\u001b[2m\u001b[22m\n\u001b[2m      \u001b[2mat Object.<anonymous> (\u001b[22m\u001b[2m\u001b[0m\u001b[36mtests/ivv/test_pdr1_mvp_functionality_validation.ts\u001b[39m\u001b[0m\u001b[2m:98:1)\u001b[22m\u001b[2m\u001b[22m\n","name":"/home/carlossprekelsen/CameraRecorder/MediaMTX-Camera-Service-Client/client/tests/ivv/test_pdr1_mvp_functionality_validation.ts","startTime":1755625249579,"status":"failed","summary":""}],"wasInterrupted":false}
