?   	github.com/radio-control/rcc/cmd/rcc	[no test files]
ok  	github.com/radio-control/rcc/internal/adapter	1.053s
ok  	github.com/radio-control/rcc/internal/adapter/fake	1.031s
ok  	github.com/radio-control/rcc/internal/adapter/silvusmock	1.041s
?   	github.com/radio-control/rcc/internal/adaptertest	[no test files]
==================
WARNING: DATA RACE
Read at 0x00c00030c078 by goroutine 164:
  bytes.(*Buffer).String()
      /home/carlossprekelsen/go/pkg/mod/golang.org/toolchain@v0.0.1-go1.24.6.linux-amd64/src/bytes/buffer.go:71 +0x774
  github.com/radio-control/rcc/internal/api.TestSilvusMock_E2E_Integration.func3()
      /home/carlossprekelsen/CameraRecorder/RadioControlContainer/rcc/internal/api/silvusmock_e2e_test.go:165 +0x737
  testing.tRunner()
      /home/carlossprekelsen/go/pkg/mod/golang.org/toolchain@v0.0.1-go1.24.6.linux-amd64/src/testing/testing.go:1792 +0x225
  testing.(*T).Run.gowrap1()
      /home/carlossprekelsen/go/pkg/mod/golang.org/toolchain@v0.0.1-go1.24.6.linux-amd64/src/testing/testing.go:1851 +0x44

Previous write at 0x00c00030c078 by goroutine 165:
  bytes.(*Buffer).grow()
      /home/carlossprekelsen/go/pkg/mod/golang.org/toolchain@v0.0.1-go1.24.6.linux-amd64/src/bytes/buffer.go:154 +0x3ba
  bytes.(*Buffer).Write()
      /home/carlossprekelsen/go/pkg/mod/golang.org/toolchain@v0.0.1-go1.24.6.linux-amd64/src/bytes/buffer.go:179 +0xc4
  net/http/httptest.(*ResponseRecorder).Write()
      /home/carlossprekelsen/go/pkg/mod/golang.org/toolchain@v0.0.1-go1.24.6.linux-amd64/src/net/http/httptest/recorder.go:110 +0x97
  fmt.Fprintf()
      /home/carlossprekelsen/go/pkg/mod/golang.org/toolchain@v0.0.1-go1.24.6.linux-amd64/src/fmt/print.go:225 +0xaa
  github.com/radio-control/rcc/internal/telemetry.(*Hub).sendEventToClient()
      /home/carlossprekelsen/CameraRecorder/RadioControlContainer/rcc/internal/telemetry/hub.go:276 +0x2d9
  github.com/radio-control/rcc/internal/telemetry.(*Hub).handleClient()
      /home/carlossprekelsen/CameraRecorder/RadioControlContainer/rcc/internal/telemetry/hub.go:334 +0x371
  github.com/radio-control/rcc/internal/telemetry.(*Hub).Subscribe()
      /home/carlossprekelsen/CameraRecorder/RadioControlContainer/rcc/internal/telemetry/hub.go:169 +0xb68
  github.com/radio-control/rcc/internal/api.(*Server).handleTelemetry()
      /home/carlossprekelsen/CameraRecorder/RadioControlContainer/rcc/internal/api/routes.go:421 +0x1f5
  github.com/radio-control/rcc/internal/api.TestSilvusMock_E2E_Integration.func3.1()
      /home/carlossprekelsen/CameraRecorder/RadioControlContainer/rcc/internal/api/silvusmock_e2e_test.go:134 +0x4d

Goroutine 164 (running) created at:
  testing.(*T).Run()
      /home/carlossprekelsen/go/pkg/mod/golang.org/toolchain@v0.0.1-go1.24.6.linux-amd64/src/testing/testing.go:1851 +0x8f2
  github.com/radio-control/rcc/internal/api.TestSilvusMock_E2E_Integration()
      /home/carlossprekelsen/CameraRecorder/RadioControlContainer/rcc/internal/api/silvusmock_e2e_test.go:126 +0xc04
  testing.tRunner()
      /home/carlossprekelsen/go/pkg/mod/golang.org/toolchain@v0.0.1-go1.24.6.linux-amd64/src/testing/testing.go:1792 +0x225
  testing.(*T).Run.gowrap1()
      /home/carlossprekelsen/go/pkg/mod/golang.org/toolchain@v0.0.1-go1.24.6.linux-amd64/src/testing/testing.go:1851 +0x44

Goroutine 165 (running) created at:
  github.com/radio-control/rcc/internal/api.TestSilvusMock_E2E_Integration.func3()
      /home/carlossprekelsen/CameraRecorder/RadioControlContainer/rcc/internal/api/silvusmock_e2e_test.go:133 +0x3bc
  testing.tRunner()
      /home/carlossprekelsen/go/pkg/mod/golang.org/toolchain@v0.0.1-go1.24.6.linux-amd64/src/testing/testing.go:1792 +0x225
  testing.(*T).Run.gowrap1()
      /home/carlossprekelsen/go/pkg/mod/golang.org/toolchain@v0.0.1-go1.24.6.linux-amd64/src/testing/testing.go:1851 +0x44
==================
==================
WARNING: DATA RACE
Read at 0x00c00030c060 by goroutine 164:
  bytes.(*Buffer).String()
      /home/carlossprekelsen/go/pkg/mod/golang.org/toolchain@v0.0.1-go1.24.6.linux-amd64/src/bytes/buffer.go:71 +0x78a
  github.com/radio-control/rcc/internal/api.TestSilvusMock_E2E_Integration.func3()
      /home/carlossprekelsen/CameraRecorder/RadioControlContainer/rcc/internal/api/silvusmock_e2e_test.go:165 +0x737
  testing.tRunner()
      /home/carlossprekelsen/go/pkg/mod/golang.org/toolchain@v0.0.1-go1.24.6.linux-amd64/src/testing/testing.go:1792 +0x225
  testing.(*T).Run.gowrap1()
      /home/carlossprekelsen/go/pkg/mod/golang.org/toolchain@v0.0.1-go1.24.6.linux-amd64/src/testing/testing.go:1851 +0x44

Previous write at 0x00c00030c060 by goroutine 165:
  bytes.(*Buffer).tryGrowByReslice()
      /home/carlossprekelsen/go/pkg/mod/golang.org/toolchain@v0.0.1-go1.24.6.linux-amd64/src/bytes/buffer.go:117 +0xa5
  bytes.(*Buffer).Write()
      /home/carlossprekelsen/go/pkg/mod/golang.org/toolchain@v0.0.1-go1.24.6.linux-amd64/src/bytes/buffer.go:177 +0xb9
  net/http/httptest.(*ResponseRecorder).Write()
      /home/carlossprekelsen/go/pkg/mod/golang.org/toolchain@v0.0.1-go1.24.6.linux-amd64/src/net/http/httptest/recorder.go:110 +0x97
  fmt.Fprintf()
      /home/carlossprekelsen/go/pkg/mod/golang.org/toolchain@v0.0.1-go1.24.6.linux-amd64/src/fmt/print.go:225 +0xaa
  github.com/radio-control/rcc/internal/telemetry.(*Hub).sendEventToClient()
      /home/carlossprekelsen/CameraRecorder/RadioControlContainer/rcc/internal/telemetry/hub.go:286 +0x535
  github.com/radio-control/rcc/internal/telemetry.(*Hub).handleClient()
      /home/carlossprekelsen/CameraRecorder/RadioControlContainer/rcc/internal/telemetry/hub.go:334 +0x371
  github.com/radio-control/rcc/internal/telemetry.(*Hub).Subscribe()
      /home/carlossprekelsen/CameraRecorder/RadioControlContainer/rcc/internal/telemetry/hub.go:169 +0xb68
  github.com/radio-control/rcc/internal/api.(*Server).handleTelemetry()
      /home/carlossprekelsen/CameraRecorder/RadioControlContainer/rcc/internal/api/routes.go:421 +0x1f5
  github.com/radio-control/rcc/internal/api.TestSilvusMock_E2E_Integration.func3.1()
      /home/carlossprekelsen/CameraRecorder/RadioControlContainer/rcc/internal/api/silvusmock_e2e_test.go:134 +0x4d

Goroutine 164 (running) created at:
  testing.(*T).Run()
      /home/carlossprekelsen/go/pkg/mod/golang.org/toolchain@v0.0.1-go1.24.6.linux-amd64/src/testing/testing.go:1851 +0x8f2
  github.com/radio-control/rcc/internal/api.TestSilvusMock_E2E_Integration()
      /home/carlossprekelsen/CameraRecorder/RadioControlContainer/rcc/internal/api/silvusmock_e2e_test.go:126 +0xc04
  testing.tRunner()
      /home/carlossprekelsen/go/pkg/mod/golang.org/toolchain@v0.0.1-go1.24.6.linux-amd64/src/testing/testing.go:1792 +0x225
  testing.(*T).Run.gowrap1()
      /home/carlossprekelsen/go/pkg/mod/golang.org/toolchain@v0.0.1-go1.24.6.linux-amd64/src/testing/testing.go:1851 +0x44

Goroutine 165 (running) created at:
  github.com/radio-control/rcc/internal/api.TestSilvusMock_E2E_Integration.func3()
      /home/carlossprekelsen/CameraRecorder/RadioControlContainer/rcc/internal/api/silvusmock_e2e_test.go:133 +0x3bc
  testing.tRunner()
      /home/carlossprekelsen/go/pkg/mod/golang.org/toolchain@v0.0.1-go1.24.6.linux-amd64/src/testing/testing.go:1792 +0x225
  testing.(*T).Run.gowrap1()
      /home/carlossprekelsen/go/pkg/mod/golang.org/toolchain@v0.0.1-go1.24.6.linux-amd64/src/testing/testing.go:1851 +0x44
==================
==================
WARNING: DATA RACE
Read at 0x00c00018cf00 by goroutine 164:
  runtime.slicebytetostring()
      /home/carlossprekelsen/go/pkg/mod/golang.org/toolchain@v0.0.1-go1.24.6.linux-amd64/src/runtime/string.go:125 +0x0
  bytes.(*Buffer).String()
      /home/carlossprekelsen/go/pkg/mod/golang.org/toolchain@v0.0.1-go1.24.6.linux-amd64/src/bytes/buffer.go:71 +0x7d0
  github.com/radio-control/rcc/internal/api.TestSilvusMock_E2E_Integration.func3()
      /home/carlossprekelsen/CameraRecorder/RadioControlContainer/rcc/internal/api/silvusmock_e2e_test.go:165 +0x737
  testing.tRunner()
      /home/carlossprekelsen/go/pkg/mod/golang.org/toolchain@v0.0.1-go1.24.6.linux-amd64/src/testing/testing.go:1792 +0x225
  testing.(*T).Run.gowrap1()
      /home/carlossprekelsen/go/pkg/mod/golang.org/toolchain@v0.0.1-go1.24.6.linux-amd64/src/testing/testing.go:1851 +0x44

Previous write at 0x00c00018cf00 by goroutine 165:
  runtime.slicecopy()
      /home/carlossprekelsen/go/pkg/mod/golang.org/toolchain@v0.0.1-go1.24.6.linux-amd64/src/runtime/slice.go:355 +0x0
  bytes.growSlice()
      /home/carlossprekelsen/go/pkg/mod/golang.org/toolchain@v0.0.1-go1.24.6.linux-amd64/src/bytes/buffer.go:250 +0x13d
  bytes.(*Buffer).grow()
      /home/carlossprekelsen/go/pkg/mod/golang.org/toolchain@v0.0.1-go1.24.6.linux-amd64/src/bytes/buffer.go:151 +0x2b5
  bytes.(*Buffer).Write()
      /home/carlossprekelsen/go/pkg/mod/golang.org/toolchain@v0.0.1-go1.24.6.linux-amd64/src/bytes/buffer.go:179 +0xc4
  net/http/httptest.(*ResponseRecorder).Write()
      /home/carlossprekelsen/go/pkg/mod/golang.org/toolchain@v0.0.1-go1.24.6.linux-amd64/src/net/http/httptest/recorder.go:110 +0x97
  fmt.Fprintf()
      /home/carlossprekelsen/go/pkg/mod/golang.org/toolchain@v0.0.1-go1.24.6.linux-amd64/src/fmt/print.go:225 +0xaa
  github.com/radio-control/rcc/internal/telemetry.(*Hub).sendEventToClient()
      /home/carlossprekelsen/CameraRecorder/RadioControlContainer/rcc/internal/telemetry/hub.go:276 +0x2d9
  github.com/radio-control/rcc/internal/telemetry.(*Hub).handleClient()
      /home/carlossprekelsen/CameraRecorder/RadioControlContainer/rcc/internal/telemetry/hub.go:334 +0x371
  github.com/radio-control/rcc/internal/telemetry.(*Hub).Subscribe()
      /home/carlossprekelsen/CameraRecorder/RadioControlContainer/rcc/internal/telemetry/hub.go:169 +0xb68
  github.com/radio-control/rcc/internal/api.(*Server).handleTelemetry()
      /home/carlossprekelsen/CameraRecorder/RadioControlContainer/rcc/internal/api/routes.go:421 +0x1f5
  github.com/radio-control/rcc/internal/api.TestSilvusMock_E2E_Integration.func3.1()
      /home/carlossprekelsen/CameraRecorder/RadioControlContainer/rcc/internal/api/silvusmock_e2e_test.go:134 +0x4d

Goroutine 164 (running) created at:
  testing.(*T).Run()
      /home/carlossprekelsen/go/pkg/mod/golang.org/toolchain@v0.0.1-go1.24.6.linux-amd64/src/testing/testing.go:1851 +0x8f2
  github.com/radio-control/rcc/internal/api.TestSilvusMock_E2E_Integration()
      /home/carlossprekelsen/CameraRecorder/RadioControlContainer/rcc/internal/api/silvusmock_e2e_test.go:126 +0xc04
  testing.tRunner()
      /home/carlossprekelsen/go/pkg/mod/golang.org/toolchain@v0.0.1-go1.24.6.linux-amd64/src/testing/testing.go:1792 +0x225
  testing.(*T).Run.gowrap1()
      /home/carlossprekelsen/go/pkg/mod/golang.org/toolchain@v0.0.1-go1.24.6.linux-amd64/src/testing/testing.go:1851 +0x44

Goroutine 165 (running) created at:
  github.com/radio-control/rcc/internal/api.TestSilvusMock_E2E_Integration.func3()
      /home/carlossprekelsen/CameraRecorder/RadioControlContainer/rcc/internal/api/silvusmock_e2e_test.go:133 +0x3bc
  testing.tRunner()
      /home/carlossprekelsen/go/pkg/mod/golang.org/toolchain@v0.0.1-go1.24.6.linux-amd64/src/testing/testing.go:1792 +0x225
  testing.(*T).Run.gowrap1()
      /home/carlossprekelsen/go/pkg/mod/golang.org/toolchain@v0.0.1-go1.24.6.linux-amd64/src/testing/testing.go:1851 +0x44
==================
--- FAIL: TestSilvusMock_E2E_Integration (0.12s)
    --- FAIL: TestSilvusMock_E2E_Integration/ObserveTelemetry (0.10s)
        testing.go:1490: race detected during execution of test
    silvusmock_e2e_test.go:353: SilvusMock E2E Integration Test Summary:
    silvusmock_e2e_test.go:354: - SilvusMock adapter created with custom band plan
    silvusmock_e2e_test.go:355: - Power and frequency operations tested
    silvusmock_e2e_test.go:356: - Telemetry events published and observed
    silvusmock_e2e_test.go:357: - Fault injection modes tested (BUSY, UNAVAILABLE, INVALID_RANGE)
    silvusmock_e2e_test.go:358: - API endpoints tested (health, capabilities)
    silvusmock_e2e_test.go:359: - Command timing and state persistence verified
    silvusmock_e2e_test.go:360: - Concurrency testing completed
    silvusmock_e2e_test.go:361: - Silvus-specific behavior simulation tested
FAIL
FAIL	github.com/radio-control/rcc/internal/api	0.556s
ok  	github.com/radio-control/rcc/internal/audit	1.124s
ok  	github.com/radio-control/rcc/internal/auth	14.210s
ok  	github.com/radio-control/rcc/internal/command	1.029s
ok  	github.com/radio-control/rcc/internal/config	1.028s
ok  	github.com/radio-control/rcc/internal/radio	1.029s
ok  	github.com/radio-control/rcc/internal/telemetry	2.284s
==================
WARNING: DATA RACE
Read at 0x00c0000d25e8 by goroutine 38:
  github.com/radio-control/rcc/test/e2e.TestE2E_TelemetryIntegration()
      /home/carlossprekelsen/CameraRecorder/RadioControlContainer/rcc/test/e2e/api_happy_path_test.go:151 +0x9fe
  testing.tRunner()
      /home/carlossprekelsen/go/pkg/mod/golang.org/toolchain@v0.0.1-go1.24.6.linux-amd64/src/testing/testing.go:1792 +0x225
  testing.(*T).Run.gowrap1()
      /home/carlossprekelsen/go/pkg/mod/golang.org/toolchain@v0.0.1-go1.24.6.linux-amd64/src/testing/testing.go:1851 +0x44

Previous write at 0x00c0000d25e8 by goroutine 55:
  github.com/radio-control/rcc/test/e2e.TestE2E_TelemetryIntegration.func1()
      /home/carlossprekelsen/CameraRecorder/RadioControlContainer/rcc/test/e2e/api_happy_path_test.go:138 +0x23b

Goroutine 38 (running) created at:
  testing.(*T).Run()
      /home/carlossprekelsen/go/pkg/mod/golang.org/toolchain@v0.0.1-go1.24.6.linux-amd64/src/testing/testing.go:1851 +0x8f2
  testing.runTests.func1()
      /home/carlossprekelsen/go/pkg/mod/golang.org/toolchain@v0.0.1-go1.24.6.linux-amd64/src/testing/testing.go:2279 +0x85
  testing.tRunner()
      /home/carlossprekelsen/go/pkg/mod/golang.org/toolchain@v0.0.1-go1.24.6.linux-amd64/src/testing/testing.go:1792 +0x225
  testing.runTests()
      /home/carlossprekelsen/go/pkg/mod/golang.org/toolchain@v0.0.1-go1.24.6.linux-amd64/src/testing/testing.go:2277 +0x96c
  testing.(*M).Run()
      /home/carlossprekelsen/go/pkg/mod/golang.org/toolchain@v0.0.1-go1.24.6.linux-amd64/src/testing/testing.go:2142 +0xeea
  main.main()
      _testmain.go:113 +0x164

Goroutine 55 (running) created at:
  github.com/radio-control/rcc/test/e2e.TestE2E_TelemetryIntegration()
      /home/carlossprekelsen/CameraRecorder/RadioControlContainer/rcc/test/e2e/api_happy_path_test.go:127 +0x952
  testing.tRunner()
      /home/carlossprekelsen/go/pkg/mod/golang.org/toolchain@v0.0.1-go1.24.6.linux-amd64/src/testing/testing.go:1792 +0x225
  testing.(*T).Run.gowrap1()
      /home/carlossprekelsen/go/pkg/mod/golang.org/toolchain@v0.0.1-go1.24.6.linux-amd64/src/testing/testing.go:1851 +0x44
==================
==================
WARNING: DATA RACE
Read at 0x00c000290690 by goroutine 38:
  strings.Join()
      /home/carlossprekelsen/go/pkg/mod/golang.org/toolchain@v0.0.1-go1.24.6.linux-amd64/src/strings/strings.go:498 +0x177
  github.com/radio-control/rcc/test/e2e.TestE2E_TelemetryIntegration()
      /home/carlossprekelsen/CameraRecorder/RadioControlContainer/rcc/test/e2e/api_happy_path_test.go:151 +0xa1a
  testing.tRunner()
      /home/carlossprekelsen/go/pkg/mod/golang.org/toolchain@v0.0.1-go1.24.6.linux-amd64/src/testing/testing.go:1792 +0x225
  testing.(*T).Run.gowrap1()
      /home/carlossprekelsen/go/pkg/mod/golang.org/toolchain@v0.0.1-go1.24.6.linux-amd64/src/testing/testing.go:1851 +0x44

Previous write at 0x00c000290690 by goroutine 55:
  github.com/radio-control/rcc/test/e2e.TestE2E_TelemetryIntegration.func1()
      /home/carlossprekelsen/CameraRecorder/RadioControlContainer/rcc/test/e2e/api_happy_path_test.go:138 +0x1e8

Goroutine 38 (running) created at:
  testing.(*T).Run()
      /home/carlossprekelsen/go/pkg/mod/golang.org/toolchain@v0.0.1-go1.24.6.linux-amd64/src/testing/testing.go:1851 +0x8f2
  testing.runTests.func1()
      /home/carlossprekelsen/go/pkg/mod/golang.org/toolchain@v0.0.1-go1.24.6.linux-amd64/src/testing/testing.go:2279 +0x85
  testing.tRunner()
      /home/carlossprekelsen/go/pkg/mod/golang.org/toolchain@v0.0.1-go1.24.6.linux-amd64/src/testing/testing.go:1792 +0x225
  testing.runTests()
      /home/carlossprekelsen/go/pkg/mod/golang.org/toolchain@v0.0.1-go1.24.6.linux-amd64/src/testing/testing.go:2277 +0x96c
  testing.(*M).Run()
      /home/carlossprekelsen/go/pkg/mod/golang.org/toolchain@v0.0.1-go1.24.6.linux-amd64/src/testing/testing.go:2142 +0xeea
  main.main()
      _testmain.go:113 +0x164

Goroutine 55 (running) created at:
  github.com/radio-control/rcc/test/e2e.TestE2E_TelemetryIntegration()
      /home/carlossprekelsen/CameraRecorder/RadioControlContainer/rcc/test/e2e/api_happy_path_test.go:127 +0x952
  testing.tRunner()
      /home/carlossprekelsen/go/pkg/mod/golang.org/toolchain@v0.0.1-go1.24.6.linux-amd64/src/testing/testing.go:1792 +0x225
  testing.(*T).Run.gowrap1()
      /home/carlossprekelsen/go/pkg/mod/golang.org/toolchain@v0.0.1-go1.24.6.linux-amd64/src/testing/testing.go:1851 +0x44
==================
--- FAIL: TestE2E_TelemetryIntegration (1.31s)
    contract_validator.go:48: Spec Version: v1.0.0
    harness.go:119: === HARNESS SUMMARY ===
    harness.go:120: Active Radio ID: silvus-001
    harness.go:121: Band Plan: [{Index:1 FrequencyMhz:2412} {Index:6 FrequencyMhz:2437} {Index:11 FrequencyMhz:2462}]
    harness.go:122: Correlation ID: fixed-1
    harness.go:123: With Auth: false
    harness.go:124: Server URL: http://127.0.0.1:38009
    harness.go:125: =====================
    api_happy_path_test.go:97: === TEST EVIDENCE ===
    api_happy_path_test.go:98: Server URL: http://127.0.0.1:38009
    api_happy_path_test.go:99: ===================
    api_happy_path_test.go:154: === SSE EVIDENCE ===
    api_happy_path_test.go:155: Received 2 events
    api_happy_path_test.go:157: Event 1: id: 1
        event: ready
        data: {"snapshot":{"activeRadioId":"","radios":[]}}
    contract_validator.go:240: Parsed SSE event data: map[data:{"snapshot":{"activeRadioId":"","radios":[]}} event:ready id:1]
    api_happy_path_test.go:157: Event 2: id: 1
        event: powerChanged
        data: {"powerDbm":25,"radioId":"silvus-001","ts":"2025-10-03T20:14:52Z"}
    contract_validator.go:240: Parsed SSE event data: map[data:{"powerDbm":25,"radioId":"silvus-001","ts":"2025-10-03T20:14:52Z"} event:powerChanged id:1]
    api_happy_path_test.go:161: ===================
    api_happy_path_test.go:172: âœ… Telemetry integration working correctly
    api_happy_path_test.go:133: SSE read error: read tcp 127.0.0.1:40062->127.0.0.1:38009: use of closed network connection
    testing.go:1490: race detected during execution of test
--- FAIL: TestHelperFunctions_mustHaveNumber (0.00s)
    --- FAIL: TestHelperFunctions_mustHaveNumber/wrong_number (0.00s)
        helpers.go:106: Expected value to be 10, got 42.5
    --- FAIL: TestHelperFunctions_mustHaveNumber/not_number (0.00s)
        helpers.go:102: Expected value to be a number, got string: not_a_number
    --- FAIL: TestHelperFunctions_mustHaveNumber/missing_field (0.00s)
        helpers.go:102: Expected value to be a number, got <nil>: <nil>
--- FAIL: TestHelperFunctions_mustHave (0.00s)
    --- FAIL: TestHelperFunctions_mustHave/wrong_value (0.00s)
        helpers.go:85: Expected key to be wrong, got value
    --- FAIL: TestHelperFunctions_mustHave/missing_key (0.00s)
        helpers.go:85: Expected missing to be value, got <nil>
--- FAIL: TestE2E_TelemetryLastEventID (2.81s)
    contract_validator.go:48: Spec Version: v1.0.0
    harness.go:119: === HARNESS SUMMARY ===
    harness.go:120: Active Radio ID: silvus-001
    harness.go:121: Band Plan: [{Index:1 FrequencyMhz:2412} {Index:6 FrequencyMhz:2437} {Index:11 FrequencyMhz:2462}]
    harness.go:122: Correlation ID: fixed-1
    harness.go:123: With Auth: false
    harness.go:124: Server URL: http://127.0.0.1:34239
    harness.go:125: =====================
    telemetry_sse_test.go:176: First telemetry connection did not complete
--- FAIL: TestE2E_TelemetryHeartbeat (6.11s)
    contract_validator.go:48: Spec Version: v1.0.0
    harness.go:119: === HARNESS SUMMARY ===
    harness.go:120: Active Radio ID: silvus-001
    harness.go:121: Band Plan: [{Index:1 FrequencyMhz:2412} {Index:6 FrequencyMhz:2437} {Index:11 FrequencyMhz:2462}]
    harness.go:122: Correlation ID: fixed-1
    harness.go:123: With Auth: false
    harness.go:124: Server URL: http://127.0.0.1:34551
    harness.go:125: =====================
    telemetry_sse_test.go:313: Telemetry did not complete
FAIL
FAIL	github.com/radio-control/rcc/test/e2e	14.610s
?   	github.com/radio-control/rcc/test/fixtures	[no test files]
ok  	github.com/radio-control/rcc/test/harness	1.032s
FAIL
