mode: set
github.com/camerarecorder/mediamtx-camera-service-go/internal/config/config_manager.go:32.43,39.2 1 1
github.com/camerarecorder/mediamtx-camera-service-go/internal/config/config_manager.go:42.62,54.58 4 1
github.com/camerarecorder/mediamtx-camera-service-go/internal/config/config_manager.go:54.58,56.3 1 1
github.com/camerarecorder/mediamtx-camera-service-go/internal/config/config_manager.go:59.2,72.41 8 1
github.com/camerarecorder/mediamtx-camera-service-go/internal/config/config_manager.go:72.41,74.3 1 1
github.com/camerarecorder/mediamtx-camera-service-go/internal/config/config_manager.go:77.2,78.45 2 1
github.com/camerarecorder/mediamtx-camera-service-go/internal/config/config_manager.go:78.45,80.3 1 1
github.com/camerarecorder/mediamtx-camera-service-go/internal/config/config_manager.go:85.2,85.63 1 1
github.com/camerarecorder/mediamtx-camera-service-go/internal/config/config_manager.go:85.63,87.3 1 1
github.com/camerarecorder/mediamtx-camera-service-go/internal/config/config_manager.go:90.2,90.48 1 1
github.com/camerarecorder/mediamtx-camera-service-go/internal/config/config_manager.go:90.48,92.3 1 0
github.com/camerarecorder/mediamtx-camera-service-go/internal/config/config_manager.go:95.2,101.61 4 1
github.com/camerarecorder/mediamtx-camera-service-go/internal/config/config_manager.go:101.61,102.48 1 1
github.com/camerarecorder/mediamtx-camera-service-go/internal/config/config_manager.go:102.48,104.4 1 0
github.com/camerarecorder/mediamtx-camera-service-go/internal/config/config_manager.go:108.2,116.12 3 1
github.com/camerarecorder/mediamtx-camera-service-go/internal/config/config_manager.go:123.70,125.55 1 1
github.com/camerarecorder/mediamtx-camera-service-go/internal/config/config_manager.go:125.55,127.3 1 1
github.com/camerarecorder/mediamtx-camera-service-go/internal/config/config_manager.go:130.2,131.16 2 1
github.com/camerarecorder/mediamtx-camera-service-go/internal/config/config_manager.go:131.16,133.3 1 0
github.com/camerarecorder/mediamtx-camera-service-go/internal/config/config_manager.go:136.2,136.23 1 1
github.com/camerarecorder/mediamtx-camera-service-go/internal/config/config_manager.go:136.23,138.3 1 1
github.com/camerarecorder/mediamtx-camera-service-go/internal/config/config_manager.go:141.2,144.29 3 1
github.com/camerarecorder/mediamtx-camera-service-go/internal/config/config_manager.go:144.29,146.24 2 1
github.com/camerarecorder/mediamtx-camera-service-go/internal/config/config_manager.go:146.24,147.12 1 1
github.com/camerarecorder/mediamtx-camera-service-go/internal/config/config_manager.go:149.3,149.42 1 1
github.com/camerarecorder/mediamtx-camera-service-go/internal/config/config_manager.go:149.42,150.12 1 1
github.com/camerarecorder/mediamtx-camera-service-go/internal/config/config_manager.go:152.3,153.8 2 1
github.com/camerarecorder/mediamtx-camera-service-go/internal/config/config_manager.go:156.2,156.27 1 1
github.com/camerarecorder/mediamtx-camera-service-go/internal/config/config_manager.go:156.27,158.3 1 1
github.com/camerarecorder/mediamtx-camera-service-go/internal/config/config_manager.go:160.2,160.12 1 1
github.com/camerarecorder/mediamtx-camera-service-go/internal/config/config_manager.go:167.75,169.49 1 1
github.com/camerarecorder/mediamtx-camera-service-go/internal/config/config_manager.go:169.49,171.3 1 1
github.com/camerarecorder/mediamtx-camera-service-go/internal/config/config_manager.go:172.2,172.59 1 1
github.com/camerarecorder/mediamtx-camera-service-go/internal/config/config_manager.go:172.59,174.3 1 1
github.com/camerarecorder/mediamtx-camera-service-go/internal/config/config_manager.go:177.2,177.51 1 1
github.com/camerarecorder/mediamtx-camera-service-go/internal/config/config_manager.go:177.51,179.3 1 0
github.com/camerarecorder/mediamtx-camera-service-go/internal/config/config_manager.go:180.2,180.69 1 1
github.com/camerarecorder/mediamtx-camera-service-go/internal/config/config_manager.go:180.69,182.3 1 0
github.com/camerarecorder/mediamtx-camera-service-go/internal/config/config_manager.go:183.2,183.71 1 1
github.com/camerarecorder/mediamtx-camera-service-go/internal/config/config_manager.go:183.71,185.3 1 0
github.com/camerarecorder/mediamtx-camera-service-go/internal/config/config_manager.go:186.2,186.75 1 1
github.com/camerarecorder/mediamtx-camera-service-go/internal/config/config_manager.go:186.75,188.3 1 0
github.com/camerarecorder/mediamtx-camera-service-go/internal/config/config_manager.go:189.2,189.69 1 1
github.com/camerarecorder/mediamtx-camera-service-go/internal/config/config_manager.go:189.69,191.3 1 0
github.com/camerarecorder/mediamtx-camera-service-go/internal/config/config_manager.go:192.2,192.57 1 1
github.com/camerarecorder/mediamtx-camera-service-go/internal/config/config_manager.go:192.57,194.3 1 0
github.com/camerarecorder/mediamtx-camera-service-go/internal/config/config_manager.go:195.2,195.61 1 1
github.com/camerarecorder/mediamtx-camera-service-go/internal/config/config_manager.go:195.61,197.3 1 0
github.com/camerarecorder/mediamtx-camera-service-go/internal/config/config_manager.go:198.2,198.60 1 1
github.com/camerarecorder/mediamtx-camera-service-go/internal/config/config_manager.go:198.60,200.3 1 0
github.com/camerarecorder/mediamtx-camera-service-go/internal/config/config_manager.go:203.2,203.37 1 1
github.com/camerarecorder/mediamtx-camera-service-go/internal/config/config_manager.go:203.37,205.3 1 0
github.com/camerarecorder/mediamtx-camera-service-go/internal/config/config_manager.go:206.2,206.41 1 1
github.com/camerarecorder/mediamtx-camera-service-go/internal/config/config_manager.go:206.41,208.3 1 0
github.com/camerarecorder/mediamtx-camera-service-go/internal/config/config_manager.go:209.2,209.42 1 1
github.com/camerarecorder/mediamtx-camera-service-go/internal/config/config_manager.go:209.42,211.3 1 1
github.com/camerarecorder/mediamtx-camera-service-go/internal/config/config_manager.go:212.2,212.48 1 1
github.com/camerarecorder/mediamtx-camera-service-go/internal/config/config_manager.go:212.48,214.3 1 0
github.com/camerarecorder/mediamtx-camera-service-go/internal/config/config_manager.go:215.2,215.44 1 1
github.com/camerarecorder/mediamtx-camera-service-go/internal/config/config_manager.go:215.44,217.3 1 0
github.com/camerarecorder/mediamtx-camera-service-go/internal/config/config_manager.go:220.2,222.39 3 1
github.com/camerarecorder/mediamtx-camera-service-go/internal/config/config_manager.go:222.39,223.53 1 1
github.com/camerarecorder/mediamtx-camera-service-go/internal/config/config_manager.go:223.53,225.9 2 1
github.com/camerarecorder/mediamtx-camera-service-go/internal/config/config_manager.go:228.2,228.17 1 1
github.com/camerarecorder/mediamtx-camera-service-go/internal/config/config_manager.go:228.17,230.3 1 1
github.com/camerarecorder/mediamtx-camera-service-go/internal/config/config_manager.go:231.2,231.52 1 1
github.com/camerarecorder/mediamtx-camera-service-go/internal/config/config_manager.go:231.52,233.3 1 0
github.com/camerarecorder/mediamtx-camera-service-go/internal/config/config_manager.go:234.2,234.84 1 1
github.com/camerarecorder/mediamtx-camera-service-go/internal/config/config_manager.go:234.84,236.3 1 1
github.com/camerarecorder/mediamtx-camera-service-go/internal/config/config_manager.go:239.2,239.54 1 1
github.com/camerarecorder/mediamtx-camera-service-go/internal/config/config_manager.go:239.54,241.3 1 0
github.com/camerarecorder/mediamtx-camera-service-go/internal/config/config_manager.go:242.2,242.55 1 1
github.com/camerarecorder/mediamtx-camera-service-go/internal/config/config_manager.go:242.55,244.3 1 0
github.com/camerarecorder/mediamtx-camera-service-go/internal/config/config_manager.go:245.2,245.42 1 1
github.com/camerarecorder/mediamtx-camera-service-go/internal/config/config_manager.go:245.42,247.3 1 0
github.com/camerarecorder/mediamtx-camera-service-go/internal/config/config_manager.go:248.2,248.41 1 1
github.com/camerarecorder/mediamtx-camera-service-go/internal/config/config_manager.go:248.41,250.3 1 0
github.com/camerarecorder/mediamtx-camera-service-go/internal/config/config_manager.go:251.2,251.42 1 1
github.com/camerarecorder/mediamtx-camera-service-go/internal/config/config_manager.go:251.42,253.3 1 0
github.com/camerarecorder/mediamtx-camera-service-go/internal/config/config_manager.go:254.2,254.33 1 1
github.com/camerarecorder/mediamtx-camera-service-go/internal/config/config_manager.go:254.33,256.3 1 0
github.com/camerarecorder/mediamtx-camera-service-go/internal/config/config_manager.go:257.2,257.35 1 1
github.com/camerarecorder/mediamtx-camera-service-go/internal/config/config_manager.go:257.35,259.3 1 0
github.com/camerarecorder/mediamtx-camera-service-go/internal/config/config_manager.go:260.2,260.46 1 1
github.com/camerarecorder/mediamtx-camera-service-go/internal/config/config_manager.go:260.46,262.3 1 0
github.com/camerarecorder/mediamtx-camera-service-go/internal/config/config_manager.go:263.2,263.45 1 1
github.com/camerarecorder/mediamtx-camera-service-go/internal/config/config_manager.go:263.45,265.3 1 0
github.com/camerarecorder/mediamtx-camera-service-go/internal/config/config_manager.go:266.2,266.47 1 1
github.com/camerarecorder/mediamtx-camera-service-go/internal/config/config_manager.go:266.47,268.3 1 0
github.com/camerarecorder/mediamtx-camera-service-go/internal/config/config_manager.go:271.2,271.54 1 1
github.com/camerarecorder/mediamtx-camera-service-go/internal/config/config_manager.go:271.54,273.3 1 0
github.com/camerarecorder/mediamtx-camera-service-go/internal/config/config_manager.go:274.2,274.68 1 1
github.com/camerarecorder/mediamtx-camera-service-go/internal/config/config_manager.go:274.68,276.3 1 0
github.com/camerarecorder/mediamtx-camera-service-go/internal/config/config_manager.go:277.2,277.36 1 1
github.com/camerarecorder/mediamtx-camera-service-go/internal/config/config_manager.go:277.36,279.3 1 0
github.com/camerarecorder/mediamtx-camera-service-go/internal/config/config_manager.go:280.2,280.37 1 1
github.com/camerarecorder/mediamtx-camera-service-go/internal/config/config_manager.go:280.37,282.3 1 0
github.com/camerarecorder/mediamtx-camera-service-go/internal/config/config_manager.go:283.2,283.42 1 1
github.com/camerarecorder/mediamtx-camera-service-go/internal/config/config_manager.go:283.42,285.3 1 0
github.com/camerarecorder/mediamtx-camera-service-go/internal/config/config_manager.go:286.2,286.33 1 1
github.com/camerarecorder/mediamtx-camera-service-go/internal/config/config_manager.go:286.33,288.3 1 0
github.com/camerarecorder/mediamtx-camera-service-go/internal/config/config_manager.go:289.2,289.36 1 1
github.com/camerarecorder/mediamtx-camera-service-go/internal/config/config_manager.go:289.36,291.3 1 0
github.com/camerarecorder/mediamtx-camera-service-go/internal/config/config_manager.go:294.2,294.72 1 1
github.com/camerarecorder/mediamtx-camera-service-go/internal/config/config_manager.go:294.72,296.3 1 0
github.com/camerarecorder/mediamtx-camera-service-go/internal/config/config_manager.go:297.2,297.74 1 1
github.com/camerarecorder/mediamtx-camera-service-go/internal/config/config_manager.go:297.74,299.3 1 0
github.com/camerarecorder/mediamtx-camera-service-go/internal/config/config_manager.go:300.2,300.63 1 1
github.com/camerarecorder/mediamtx-camera-service-go/internal/config/config_manager.go:300.63,302.3 1 0
github.com/camerarecorder/mediamtx-camera-service-go/internal/config/config_manager.go:303.2,303.57 1 1
github.com/camerarecorder/mediamtx-camera-service-go/internal/config/config_manager.go:303.57,305.3 1 0
github.com/camerarecorder/mediamtx-camera-service-go/internal/config/config_manager.go:306.2,306.58 1 1
github.com/camerarecorder/mediamtx-camera-service-go/internal/config/config_manager.go:306.58,308.3 1 0
github.com/camerarecorder/mediamtx-camera-service-go/internal/config/config_manager.go:310.2,310.12 1 1
github.com/camerarecorder/mediamtx-camera-service-go/internal/config/config_manager.go:317.63,320.35 2 0
github.com/camerarecorder/mediamtx-camera-service-go/internal/config/config_manager.go:320.35,322.70 2 0
github.com/camerarecorder/mediamtx-camera-service-go/internal/config/config_manager.go:322.70,324.4 1 0
github.com/camerarecorder/mediamtx-camera-service-go/internal/config/config_manager.go:328.2,328.34 1 0
github.com/camerarecorder/mediamtx-camera-service-go/internal/config/config_manager.go:328.34,330.18 1 0
github.com/camerarecorder/mediamtx-camera-service-go/internal/config/config_manager.go:330.18,331.12 1 0
github.com/camerarecorder/mediamtx-camera-service-go/internal/config/config_manager.go:335.3,335.37 1 0
github.com/camerarecorder/mediamtx-camera-service-go/internal/config/config_manager.go:335.37,337.4 1 0
github.com/camerarecorder/mediamtx-camera-service-go/internal/config/config_manager.go:340.3,340.73 1 0
github.com/camerarecorder/mediamtx-camera-service-go/internal/config/config_manager.go:340.73,342.4 1 0
github.com/camerarecorder/mediamtx-camera-service-go/internal/config/config_manager.go:345.2,345.12 1 0
github.com/camerarecorder/mediamtx-camera-service-go/internal/config/config_manager.go:349.84,355.9 3 0
github.com/camerarecorder/mediamtx-camera-service-go/internal/config/config_manager.go:356.45,358.51 1 0
github.com/camerarecorder/mediamtx-camera-service-go/internal/config/config_manager.go:358.51,360.4 1 0
github.com/camerarecorder/mediamtx-camera-service-go/internal/config/config_manager.go:360.9,360.39 1 0
github.com/camerarecorder/mediamtx-camera-service-go/internal/config/config_manager.go:360.39,362.4 1 0
github.com/camerarecorder/mediamtx-camera-service-go/internal/config/config_manager.go:364.45,366.37 1 0
github.com/camerarecorder/mediamtx-camera-service-go/internal/config/config_manager.go:366.37,368.4 1 0
github.com/camerarecorder/mediamtx-camera-service-go/internal/config/config_manager.go:370.45,372.37 1 0
github.com/camerarecorder/mediamtx-camera-service-go/internal/config/config_manager.go:372.37,374.4 1 0
github.com/camerarecorder/mediamtx-camera-service-go/internal/config/config_manager.go:376.48,381.36 4 0
github.com/camerarecorder/mediamtx-camera-service-go/internal/config/config_manager.go:381.36,382.27 1 0
github.com/camerarecorder/mediamtx-camera-service-go/internal/config/config_manager.go:382.27,384.10 2 0
github.com/camerarecorder/mediamtx-camera-service-go/internal/config/config_manager.go:387.3,387.15 1 0
github.com/camerarecorder/mediamtx-camera-service-go/internal/config/config_manager.go:387.15,389.4 1 0
github.com/camerarecorder/mediamtx-camera-service-go/internal/config/config_manager.go:391.46,396.37 4 0
github.com/camerarecorder/mediamtx-camera-service-go/internal/config/config_manager.go:396.37,397.27 1 0
github.com/camerarecorder/mediamtx-camera-service-go/internal/config/config_manager.go:397.27,399.10 2 0
github.com/camerarecorder/mediamtx-camera-service-go/internal/config/config_manager.go:402.3,402.15 1 0
github.com/camerarecorder/mediamtx-camera-service-go/internal/config/config_manager.go:402.15,404.4 1 0
github.com/camerarecorder/mediamtx-camera-service-go/internal/config/config_manager.go:406.47,408.37 1 0
github.com/camerarecorder/mediamtx-camera-service-go/internal/config/config_manager.go:408.37,410.4 1 0
github.com/camerarecorder/mediamtx-camera-service-go/internal/config/config_manager.go:412.48,414.54 1 0
github.com/camerarecorder/mediamtx-camera-service-go/internal/config/config_manager.go:414.54,416.36 1 0
github.com/camerarecorder/mediamtx-camera-service-go/internal/config/config_manager.go:416.36,418.5 1 0
github.com/camerarecorder/mediamtx-camera-service-go/internal/config/config_manager.go:419.9,424.41 4 0
github.com/camerarecorder/mediamtx-camera-service-go/internal/config/config_manager.go:424.41,425.28 1 0
github.com/camerarecorder/mediamtx-camera-service-go/internal/config/config_manager.go:425.28,427.11 2 0
github.com/camerarecorder/mediamtx-camera-service-go/internal/config/config_manager.go:430.4,430.16 1 0
github.com/camerarecorder/mediamtx-camera-service-go/internal/config/config_manager.go:430.16,432.5 1 0
github.com/camerarecorder/mediamtx-camera-service-go/internal/config/config_manager.go:435.132,437.65 1 0
github.com/camerarecorder/mediamtx-camera-service-go/internal/config/config_manager.go:437.65,439.4 1 0
github.com/camerarecorder/mediamtx-camera-service-go/internal/config/config_manager.go:439.9,439.26 1 0
github.com/camerarecorder/mediamtx-camera-service-go/internal/config/config_manager.go:439.26,441.4 1 0
github.com/camerarecorder/mediamtx-camera-service-go/internal/config/config_manager.go:443.133,445.52 1 0
github.com/camerarecorder/mediamtx-camera-service-go/internal/config/config_manager.go:445.52,447.4 1 0
github.com/camerarecorder/mediamtx-camera-service-go/internal/config/config_manager.go:447.9,447.23 1 0
github.com/camerarecorder/mediamtx-camera-service-go/internal/config/config_manager.go:447.23,449.4 1 0
github.com/camerarecorder/mediamtx-camera-service-go/internal/config/config_manager.go:451.93,453.67 1 0
github.com/camerarecorder/mediamtx-camera-service-go/internal/config/config_manager.go:453.67,455.4 1 0
github.com/camerarecorder/mediamtx-camera-service-go/internal/config/config_manager.go:455.9,455.28 1 0
github.com/camerarecorder/mediamtx-camera-service-go/internal/config/config_manager.go:455.28,457.4 1 0
github.com/camerarecorder/mediamtx-camera-service-go/internal/config/config_manager.go:460.2,460.12 1 0
github.com/camerarecorder/mediamtx-camera-service-go/internal/config/config_manager.go:464.52,470.16 3 1
github.com/camerarecorder/mediamtx-camera-service-go/internal/config/config_manager.go:470.16,472.3 1 0
github.com/camerarecorder/mediamtx-camera-service-go/internal/config/config_manager.go:474.2,480.50 5 1
github.com/camerarecorder/mediamtx-camera-service-go/internal/config/config_manager.go:480.50,486.3 5 0
github.com/camerarecorder/mediamtx-camera-service-go/internal/config/config_manager.go:489.2,497.12 4 1
github.com/camerarecorder/mediamtx-camera-service-go/internal/config/config_manager.go:501.45,505.23 3 1
github.com/camerarecorder/mediamtx-camera-service-go/internal/config/config_manager.go:505.23,507.44 1 1
github.com/camerarecorder/mediamtx-camera-service-go/internal/config/config_manager.go:507.44,509.4 1 0
github.com/camerarecorder/mediamtx-camera-service-go/internal/config/config_manager.go:510.3,510.19 1 1
github.com/camerarecorder/mediamtx-camera-service-go/internal/config/config_manager.go:515.45,521.6 3 1
github.com/camerarecorder/mediamtx-camera-service-go/internal/config/config_manager.go:521.6,522.10 1 1
github.com/camerarecorder/mediamtx-camera-service-go/internal/config/config_manager.go:523.22,524.10 1 1
github.com/camerarecorder/mediamtx-camera-service-go/internal/config/config_manager.go:525.41,526.11 1 1
github.com/camerarecorder/mediamtx-camera-service-go/internal/config/config_manager.go:526.11,528.5 1 0
github.com/camerarecorder/mediamtx-camera-service-go/internal/config/config_manager.go:531.4,531.35 1 1
github.com/camerarecorder/mediamtx-camera-service-go/internal/config/config_manager.go:531.35,538.21 2 1
github.com/camerarecorder/mediamtx-camera-service-go/internal/config/config_manager.go:539.42,541.28 1 1
github.com/camerarecorder/mediamtx-camera-service-go/internal/config/config_manager.go:541.28,543.7 1 1
github.com/camerarecorder/mediamtx-camera-service-go/internal/config/config_manager.go:544.6,544.64 1 1
github.com/camerarecorder/mediamtx-camera-service-go/internal/config/config_manager.go:544.64,546.7 1 1
github.com/camerarecorder/mediamtx-camera-service-go/internal/config/config_manager.go:547.26,550.12 3 1
github.com/camerarecorder/mediamtx-camera-service-go/internal/config/config_manager.go:554.39,555.11 1 1
github.com/camerarecorder/mediamtx-camera-service-go/internal/config/config_manager.go:555.11,557.5 1 1
github.com/camerarecorder/mediamtx-camera-service-go/internal/config/config_manager.go:558.4,558.56 1 0
github.com/camerarecorder/mediamtx-camera-service-go/internal/config/config_manager.go:564.48,568.58 2 1
github.com/camerarecorder/mediamtx-camera-service-go/internal/config/config_manager.go:568.58,572.3 3 0
github.com/camerarecorder/mediamtx-camera-service-go/internal/config/config_manager.go:575.2,575.53 1 1
github.com/camerarecorder/mediamtx-camera-service-go/internal/config/config_manager.go:575.53,578.3 2 0
github.com/camerarecorder/mediamtx-camera-service-go/internal/config/config_manager.go:580.2,580.55 1 1
github.com/camerarecorder/mediamtx-camera-service-go/internal/config/config_manager.go:584.33,597.2 5 1
github.com/camerarecorder/mediamtx-camera-service-go/internal/config/config_manager.go:600.46,604.22 3 1
github.com/camerarecorder/mediamtx-camera-service-go/internal/config/config_manager.go:604.22,606.3 1 0
github.com/camerarecorder/mediamtx-camera-service-go/internal/config/config_manager.go:607.2,607.18 1 1
github.com/camerarecorder/mediamtx-camera-service-go/internal/config/config_manager.go:611.45,615.22 3 1
github.com/camerarecorder/mediamtx-camera-service-go/internal/config/config_manager.go:615.22,617.3 1 0
github.com/camerarecorder/mediamtx-camera-service-go/internal/config/config_manager.go:619.2,619.25 1 1
github.com/camerarecorder/mediamtx-camera-service-go/internal/config/config_manager.go:619.25,621.3 1 0
github.com/camerarecorder/mediamtx-camera-service-go/internal/config/config_manager.go:623.2,638.53 7 1
github.com/camerarecorder/mediamtx-camera-service-go/internal/config/config_manager.go:638.53,640.3 1 0
github.com/camerarecorder/mediamtx-camera-service-go/internal/config/config_manager.go:643.2,643.40 1 1
github.com/camerarecorder/mediamtx-camera-service-go/internal/config/config_manager.go:643.40,645.3 1 0
github.com/camerarecorder/mediamtx-camera-service-go/internal/config/config_manager.go:647.2,653.12 2 1
github.com/camerarecorder/mediamtx-camera-service-go/internal/config/config_manager.go:657.74,736.2 65 1
github.com/camerarecorder/mediamtx-camera-service-go/internal/config/config_manager.go:739.68,743.2 3 1
github.com/camerarecorder/mediamtx-camera-service-go/internal/config/config_manager.go:746.54,887.2 109 1
github.com/camerarecorder/mediamtx-camera-service-go/internal/config/config_manager.go:890.68,922.46 2 0
github.com/camerarecorder/mediamtx-camera-service-go/internal/config/config_manager.go:922.46,923.46 1 0
github.com/camerarecorder/mediamtx-camera-service-go/internal/config/config_manager.go:923.46,931.4 1 0
github.com/camerarecorder/mediamtx-camera-service-go/internal/config/config_manager.go:937.63,939.2 1 0
github.com/camerarecorder/mediamtx-camera-service-go/internal/config/config_manager.go:942.76,943.46 1 1
github.com/camerarecorder/mediamtx-camera-service-go/internal/config/config_manager.go:943.46,944.45 1 1
github.com/camerarecorder/mediamtx-camera-service-go/internal/config/config_manager.go:944.45,945.17 1 1
github.com/camerarecorder/mediamtx-camera-service-go/internal/config/config_manager.go:945.17,946.33 1 1
github.com/camerarecorder/mediamtx-camera-service-go/internal/config/config_manager.go:946.33,948.6 1 1
github.com/camerarecorder/mediamtx-camera-service-go/internal/config/config_manager.go:950.4,950.14 1 1
github.com/camerarecorder/mediamtx-camera-service-go/internal/config/config_manager.go:956.33,1025.2 1 1
github.com/camerarecorder/mediamtx-camera-service-go/internal/config/config_validation.go:14.42,16.2 1 1
github.com/camerarecorder/mediamtx-camera-service-go/internal/config/config_validation.go:19.43,23.61 2 1
github.com/camerarecorder/mediamtx-camera-service-go/internal/config/config_validation.go:23.61,25.3 1 1
github.com/camerarecorder/mediamtx-camera-service-go/internal/config/config_validation.go:27.2,27.65 1 1
github.com/camerarecorder/mediamtx-camera-service-go/internal/config/config_validation.go:27.65,29.3 1 1
github.com/camerarecorder/mediamtx-camera-service-go/internal/config/config_validation.go:31.2,31.61 1 1
github.com/camerarecorder/mediamtx-camera-service-go/internal/config/config_validation.go:31.61,33.3 1 1
github.com/camerarecorder/mediamtx-camera-service-go/internal/config/config_validation.go:35.2,35.63 1 1
github.com/camerarecorder/mediamtx-camera-service-go/internal/config/config_validation.go:35.63,37.3 1 1
github.com/camerarecorder/mediamtx-camera-service-go/internal/config/config_validation.go:39.2,39.67 1 1
github.com/camerarecorder/mediamtx-camera-service-go/internal/config/config_validation.go:39.67,41.3 1 1
github.com/camerarecorder/mediamtx-camera-service-go/internal/config/config_validation.go:43.2,43.66 1 1
github.com/camerarecorder/mediamtx-camera-service-go/internal/config/config_validation.go:43.66,45.3 1 1
github.com/camerarecorder/mediamtx-camera-service-go/internal/config/config_validation.go:47.2,47.61 1 1
github.com/camerarecorder/mediamtx-camera-service-go/internal/config/config_validation.go:47.61,49.3 1 1
github.com/camerarecorder/mediamtx-camera-service-go/internal/config/config_validation.go:51.2,51.75 1 1
github.com/camerarecorder/mediamtx-camera-service-go/internal/config/config_validation.go:51.75,53.3 1 1
github.com/camerarecorder/mediamtx-camera-service-go/internal/config/config_validation.go:55.2,55.71 1 1
github.com/camerarecorder/mediamtx-camera-service-go/internal/config/config_validation.go:55.71,57.3 1 1
github.com/camerarecorder/mediamtx-camera-service-go/internal/config/config_validation.go:59.2,59.79 1 1
github.com/camerarecorder/mediamtx-camera-service-go/internal/config/config_validation.go:59.79,61.3 1 1
github.com/camerarecorder/mediamtx-camera-service-go/internal/config/config_validation.go:64.2,64.21 1 1
github.com/camerarecorder/mediamtx-camera-service-go/internal/config/config_validation.go:64.21,69.3 1 1
github.com/camerarecorder/mediamtx-camera-service-go/internal/config/config_validation.go:71.2,71.12 1 1
github.com/camerarecorder/mediamtx-camera-service-go/internal/config/config_validation.go:75.55,76.23 1 1
github.com/camerarecorder/mediamtx-camera-service-go/internal/config/config_validation.go:76.23,78.3 1 1
github.com/camerarecorder/mediamtx-camera-service-go/internal/config/config_validation.go:80.2,80.45 1 1
github.com/camerarecorder/mediamtx-camera-service-go/internal/config/config_validation.go:80.45,82.3 1 1
github.com/camerarecorder/mediamtx-camera-service-go/internal/config/config_validation.go:84.2,84.32 1 1
github.com/camerarecorder/mediamtx-camera-service-go/internal/config/config_validation.go:84.32,86.3 1 0
github.com/camerarecorder/mediamtx-camera-service-go/internal/config/config_validation.go:88.2,88.51 1 1
github.com/camerarecorder/mediamtx-camera-service-go/internal/config/config_validation.go:88.51,90.3 1 1
github.com/camerarecorder/mediamtx-camera-service-go/internal/config/config_validation.go:92.2,92.32 1 1
github.com/camerarecorder/mediamtx-camera-service-go/internal/config/config_validation.go:92.32,94.3 1 0
github.com/camerarecorder/mediamtx-camera-service-go/internal/config/config_validation.go:96.2,96.12 1 1
github.com/camerarecorder/mediamtx-camera-service-go/internal/config/config_validation.go:100.59,101.23 1 1
github.com/camerarecorder/mediamtx-camera-service-go/internal/config/config_validation.go:101.23,103.3 1 1
github.com/camerarecorder/mediamtx-camera-service-go/internal/config/config_validation.go:105.2,105.51 1 1
github.com/camerarecorder/mediamtx-camera-service-go/internal/config/config_validation.go:105.51,107.3 1 0
github.com/camerarecorder/mediamtx-camera-service-go/internal/config/config_validation.go:109.2,109.53 1 1
github.com/camerarecorder/mediamtx-camera-service-go/internal/config/config_validation.go:109.53,111.3 1 0
github.com/camerarecorder/mediamtx-camera-service-go/internal/config/config_validation.go:113.2,113.57 1 1
github.com/camerarecorder/mediamtx-camera-service-go/internal/config/config_validation.go:113.57,115.3 1 1
github.com/camerarecorder/mediamtx-camera-service-go/internal/config/config_validation.go:117.2,117.51 1 1
github.com/camerarecorder/mediamtx-camera-service-go/internal/config/config_validation.go:117.51,119.3 1 0
github.com/camerarecorder/mediamtx-camera-service-go/internal/config/config_validation.go:121.2,121.29 1 1
github.com/camerarecorder/mediamtx-camera-service-go/internal/config/config_validation.go:121.29,123.3 1 0
github.com/camerarecorder/mediamtx-camera-service-go/internal/config/config_validation.go:125.2,125.33 1 1
github.com/camerarecorder/mediamtx-camera-service-go/internal/config/config_validation.go:125.33,127.3 1 0
github.com/camerarecorder/mediamtx-camera-service-go/internal/config/config_validation.go:129.2,129.32 1 1
github.com/camerarecorder/mediamtx-camera-service-go/internal/config/config_validation.go:129.32,131.3 1 0
github.com/camerarecorder/mediamtx-camera-service-go/internal/config/config_validation.go:134.2,134.59 1 1
github.com/camerarecorder/mediamtx-camera-service-go/internal/config/config_validation.go:134.59,136.3 1 1
github.com/camerarecorder/mediamtx-camera-service-go/internal/config/config_validation.go:139.2,139.37 1 1
github.com/camerarecorder/mediamtx-camera-service-go/internal/config/config_validation.go:139.37,141.3 1 0
github.com/camerarecorder/mediamtx-camera-service-go/internal/config/config_validation.go:143.2,143.40 1 1
github.com/camerarecorder/mediamtx-camera-service-go/internal/config/config_validation.go:143.40,145.3 1 0
github.com/camerarecorder/mediamtx-camera-service-go/internal/config/config_validation.go:147.2,147.45 1 1
github.com/camerarecorder/mediamtx-camera-service-go/internal/config/config_validation.go:147.45,149.3 1 0
github.com/camerarecorder/mediamtx-camera-service-go/internal/config/config_validation.go:151.2,151.42 1 1
github.com/camerarecorder/mediamtx-camera-service-go/internal/config/config_validation.go:151.42,153.3 1 0
github.com/camerarecorder/mediamtx-camera-service-go/internal/config/config_validation.go:155.2,155.53 1 1
github.com/camerarecorder/mediamtx-camera-service-go/internal/config/config_validation.go:155.53,157.3 1 0
github.com/camerarecorder/mediamtx-camera-service-go/internal/config/config_validation.go:159.2,159.39 1 1
github.com/camerarecorder/mediamtx-camera-service-go/internal/config/config_validation.go:159.39,161.3 1 0
github.com/camerarecorder/mediamtx-camera-service-go/internal/config/config_validation.go:163.2,163.41 1 1
github.com/camerarecorder/mediamtx-camera-service-go/internal/config/config_validation.go:163.41,165.3 1 0
github.com/camerarecorder/mediamtx-camera-service-go/internal/config/config_validation.go:167.2,167.66 1 1
github.com/camerarecorder/mediamtx-camera-service-go/internal/config/config_validation.go:167.66,169.3 1 0
github.com/camerarecorder/mediamtx-camera-service-go/internal/config/config_validation.go:171.2,171.43 1 1
github.com/camerarecorder/mediamtx-camera-service-go/internal/config/config_validation.go:171.43,173.3 1 0
github.com/camerarecorder/mediamtx-camera-service-go/internal/config/config_validation.go:175.2,175.36 1 1
github.com/camerarecorder/mediamtx-camera-service-go/internal/config/config_validation.go:175.36,177.3 1 0
github.com/camerarecorder/mediamtx-camera-service-go/internal/config/config_validation.go:180.2,180.79 1 1
github.com/camerarecorder/mediamtx-camera-service-go/internal/config/config_validation.go:180.79,182.3 1 0
github.com/camerarecorder/mediamtx-camera-service-go/internal/config/config_validation.go:184.2,184.12 1 1
github.com/camerarecorder/mediamtx-camera-service-go/internal/config/config_validation.go:188.53,190.51 2 1
github.com/camerarecorder/mediamtx-camera-service-go/internal/config/config_validation.go:190.51,192.3 1 1
github.com/camerarecorder/mediamtx-camera-service-go/internal/config/config_validation.go:194.2,195.47 2 1
github.com/camerarecorder/mediamtx-camera-service-go/internal/config/config_validation.go:195.47,197.3 1 0
github.com/camerarecorder/mediamtx-camera-service-go/internal/config/config_validation.go:199.2,200.49 2 1
github.com/camerarecorder/mediamtx-camera-service-go/internal/config/config_validation.go:200.49,202.3 1 0
github.com/camerarecorder/mediamtx-camera-service-go/internal/config/config_validation.go:204.2,204.26 1 1
github.com/camerarecorder/mediamtx-camera-service-go/internal/config/config_validation.go:204.26,206.3 1 0
github.com/camerarecorder/mediamtx-camera-service-go/internal/config/config_validation.go:208.2,209.44 2 1
github.com/camerarecorder/mediamtx-camera-service-go/internal/config/config_validation.go:209.44,211.3 1 0
github.com/camerarecorder/mediamtx-camera-service-go/internal/config/config_validation.go:213.2,213.12 1 1
github.com/camerarecorder/mediamtx-camera-service-go/internal/config/config_validation.go:217.73,218.25 1 1
github.com/camerarecorder/mediamtx-camera-service-go/internal/config/config_validation.go:218.25,220.3 1 0
github.com/camerarecorder/mediamtx-camera-service-go/internal/config/config_validation.go:222.2,222.30 1 1
github.com/camerarecorder/mediamtx-camera-service-go/internal/config/config_validation.go:222.30,224.3 1 0
github.com/camerarecorder/mediamtx-camera-service-go/internal/config/config_validation.go:226.2,226.27 1 1
github.com/camerarecorder/mediamtx-camera-service-go/internal/config/config_validation.go:226.27,228.3 1 0
github.com/camerarecorder/mediamtx-camera-service-go/internal/config/config_validation.go:230.2,230.31 1 1
github.com/camerarecorder/mediamtx-camera-service-go/internal/config/config_validation.go:230.31,232.3 1 0
github.com/camerarecorder/mediamtx-camera-service-go/internal/config/config_validation.go:234.2,234.12 1 1
github.com/camerarecorder/mediamtx-camera-service-go/internal/config/config_validation.go:238.55,239.29 1 1
github.com/camerarecorder/mediamtx-camera-service-go/internal/config/config_validation.go:239.29,241.3 1 1
github.com/camerarecorder/mediamtx-camera-service-go/internal/config/config_validation.go:243.2,243.34 1 1
github.com/camerarecorder/mediamtx-camera-service-go/internal/config/config_validation.go:243.34,245.3 1 1
github.com/camerarecorder/mediamtx-camera-service-go/internal/config/config_validation.go:247.2,247.34 1 1
github.com/camerarecorder/mediamtx-camera-service-go/internal/config/config_validation.go:247.34,249.3 1 0
github.com/camerarecorder/mediamtx-camera-service-go/internal/config/config_validation.go:251.2,251.60 1 1
github.com/camerarecorder/mediamtx-camera-service-go/internal/config/config_validation.go:251.60,253.3 1 0
github.com/camerarecorder/mediamtx-camera-service-go/internal/config/config_validation.go:255.2,255.51 1 1
github.com/camerarecorder/mediamtx-camera-service-go/internal/config/config_validation.go:255.51,257.3 1 0
github.com/camerarecorder/mediamtx-camera-service-go/internal/config/config_validation.go:259.2,259.35 1 1
github.com/camerarecorder/mediamtx-camera-service-go/internal/config/config_validation.go:259.35,261.3 1 1
github.com/camerarecorder/mediamtx-camera-service-go/internal/config/config_validation.go:263.2,263.40 1 1
github.com/camerarecorder/mediamtx-camera-service-go/internal/config/config_validation.go:263.40,265.3 1 0
github.com/camerarecorder/mediamtx-camera-service-go/internal/config/config_validation.go:267.2,267.37 1 1
github.com/camerarecorder/mediamtx-camera-service-go/internal/config/config_validation.go:267.37,269.3 1 0
github.com/camerarecorder/mediamtx-camera-service-go/internal/config/config_validation.go:271.2,271.12 1 1
github.com/camerarecorder/mediamtx-camera-service-go/internal/config/config_validation.go:275.57,277.59 2 1
github.com/camerarecorder/mediamtx-camera-service-go/internal/config/config_validation.go:277.59,279.3 1 1
github.com/camerarecorder/mediamtx-camera-service-go/internal/config/config_validation.go:281.2,281.25 1 1
github.com/camerarecorder/mediamtx-camera-service-go/internal/config/config_validation.go:281.25,283.3 1 1
github.com/camerarecorder/mediamtx-camera-service-go/internal/config/config_validation.go:285.2,285.49 1 1
github.com/camerarecorder/mediamtx-camera-service-go/internal/config/config_validation.go:285.49,287.3 1 0
github.com/camerarecorder/mediamtx-camera-service-go/internal/config/config_validation.go:289.2,289.29 1 1
github.com/camerarecorder/mediamtx-camera-service-go/internal/config/config_validation.go:289.29,291.3 1 1
github.com/camerarecorder/mediamtx-camera-service-go/internal/config/config_validation.go:293.2,293.28 1 1
github.com/camerarecorder/mediamtx-camera-service-go/internal/config/config_validation.go:293.28,295.3 1 0
github.com/camerarecorder/mediamtx-camera-service-go/internal/config/config_validation.go:297.2,297.12 1 1
github.com/camerarecorder/mediamtx-camera-service-go/internal/config/config_validation.go:301.61,303.44 2 1
github.com/camerarecorder/mediamtx-camera-service-go/internal/config/config_validation.go:303.44,305.3 1 1
github.com/camerarecorder/mediamtx-camera-service-go/internal/config/config_validation.go:307.2,308.47 2 1
github.com/camerarecorder/mediamtx-camera-service-go/internal/config/config_validation.go:308.47,310.3 1 1
github.com/camerarecorder/mediamtx-camera-service-go/internal/config/config_validation.go:312.2,312.33 1 1
github.com/camerarecorder/mediamtx-camera-service-go/internal/config/config_validation.go:312.33,314.3 1 0
github.com/camerarecorder/mediamtx-camera-service-go/internal/config/config_validation.go:316.2,316.32 1 1
github.com/camerarecorder/mediamtx-camera-service-go/internal/config/config_validation.go:316.32,318.3 1 1
github.com/camerarecorder/mediamtx-camera-service-go/internal/config/config_validation.go:320.2,320.33 1 1
github.com/camerarecorder/mediamtx-camera-service-go/internal/config/config_validation.go:320.33,322.3 1 0
github.com/camerarecorder/mediamtx-camera-service-go/internal/config/config_validation.go:324.2,324.24 1 1
github.com/camerarecorder/mediamtx-camera-service-go/internal/config/config_validation.go:324.24,326.3 1 0
github.com/camerarecorder/mediamtx-camera-service-go/internal/config/config_validation.go:328.2,328.25 1 1
github.com/camerarecorder/mediamtx-camera-service-go/internal/config/config_validation.go:328.25,330.3 1 0
github.com/camerarecorder/mediamtx-camera-service-go/internal/config/config_validation.go:332.2,332.36 1 1
github.com/camerarecorder/mediamtx-camera-service-go/internal/config/config_validation.go:332.36,334.3 1 0
github.com/camerarecorder/mediamtx-camera-service-go/internal/config/config_validation.go:336.2,336.12 1 1
github.com/camerarecorder/mediamtx-camera-service-go/internal/config/config_validation.go:340.59,342.44 2 1
github.com/camerarecorder/mediamtx-camera-service-go/internal/config/config_validation.go:342.44,344.3 1 1
github.com/camerarecorder/mediamtx-camera-service-go/internal/config/config_validation.go:346.2,346.48 1 1
github.com/camerarecorder/mediamtx-camera-service-go/internal/config/config_validation.go:346.48,348.3 1 1
github.com/camerarecorder/mediamtx-camera-service-go/internal/config/config_validation.go:350.2,350.26 1 1
github.com/camerarecorder/mediamtx-camera-service-go/internal/config/config_validation.go:350.26,352.3 1 0
github.com/camerarecorder/mediamtx-camera-service-go/internal/config/config_validation.go:354.2,354.27 1 1
github.com/camerarecorder/mediamtx-camera-service-go/internal/config/config_validation.go:354.27,356.3 1 1
github.com/camerarecorder/mediamtx-camera-service-go/internal/config/config_validation.go:358.2,358.33 1 1
github.com/camerarecorder/mediamtx-camera-service-go/internal/config/config_validation.go:358.33,360.3 1 0
github.com/camerarecorder/mediamtx-camera-service-go/internal/config/config_validation.go:362.2,362.24 1 1
github.com/camerarecorder/mediamtx-camera-service-go/internal/config/config_validation.go:362.24,364.3 1 0
github.com/camerarecorder/mediamtx-camera-service-go/internal/config/config_validation.go:366.2,366.26 1 1
github.com/camerarecorder/mediamtx-camera-service-go/internal/config/config_validation.go:366.26,368.3 1 0
github.com/camerarecorder/mediamtx-camera-service-go/internal/config/config_validation.go:370.2,370.12 1 1
github.com/camerarecorder/mediamtx-camera-service-go/internal/config/config_validation.go:374.55,375.71 1 1
github.com/camerarecorder/mediamtx-camera-service-go/internal/config/config_validation.go:375.71,377.3 1 1
github.com/camerarecorder/mediamtx-camera-service-go/internal/config/config_validation.go:379.2,379.73 1 1
github.com/camerarecorder/mediamtx-camera-service-go/internal/config/config_validation.go:379.73,381.3 1 1
github.com/camerarecorder/mediamtx-camera-service-go/internal/config/config_validation.go:383.2,383.12 1 1
github.com/camerarecorder/mediamtx-camera-service-go/internal/config/config_validation.go:387.71,388.40 1 1
github.com/camerarecorder/mediamtx-camera-service-go/internal/config/config_validation.go:388.40,390.3 1 1
github.com/camerarecorder/mediamtx-camera-service-go/internal/config/config_validation.go:392.2,392.34 1 1
github.com/camerarecorder/mediamtx-camera-service-go/internal/config/config_validation.go:392.34,394.3 1 1
github.com/camerarecorder/mediamtx-camera-service-go/internal/config/config_validation.go:396.2,396.33 1 1
github.com/camerarecorder/mediamtx-camera-service-go/internal/config/config_validation.go:396.33,398.3 1 0
github.com/camerarecorder/mediamtx-camera-service-go/internal/config/config_validation.go:400.2,400.30 1 1
github.com/camerarecorder/mediamtx-camera-service-go/internal/config/config_validation.go:400.30,402.3 1 0
github.com/camerarecorder/mediamtx-camera-service-go/internal/config/config_validation.go:404.2,404.27 1 1
github.com/camerarecorder/mediamtx-camera-service-go/internal/config/config_validation.go:404.27,406.3 1 0
github.com/camerarecorder/mediamtx-camera-service-go/internal/config/config_validation.go:408.2,408.12 1 1
github.com/camerarecorder/mediamtx-camera-service-go/internal/config/config_validation.go:412.73,413.40 1 1
github.com/camerarecorder/mediamtx-camera-service-go/internal/config/config_validation.go:413.40,415.3 1 0
github.com/camerarecorder/mediamtx-camera-service-go/internal/config/config_validation.go:417.2,417.34 1 1
github.com/camerarecorder/mediamtx-camera-service-go/internal/config/config_validation.go:417.34,419.3 1 1
github.com/camerarecorder/mediamtx-camera-service-go/internal/config/config_validation.go:421.2,421.33 1 1
github.com/camerarecorder/mediamtx-camera-service-go/internal/config/config_validation.go:421.33,423.3 1 0
github.com/camerarecorder/mediamtx-camera-service-go/internal/config/config_validation.go:425.2,425.30 1 1
github.com/camerarecorder/mediamtx-camera-service-go/internal/config/config_validation.go:425.30,427.3 1 0
github.com/camerarecorder/mediamtx-camera-service-go/internal/config/config_validation.go:429.2,429.27 1 1
github.com/camerarecorder/mediamtx-camera-service-go/internal/config/config_validation.go:429.27,431.3 1 0
github.com/camerarecorder/mediamtx-camera-service-go/internal/config/config_validation.go:433.2,433.12 1 1
github.com/camerarecorder/mediamtx-camera-service-go/internal/config/config_validation.go:437.69,438.79 1 1
github.com/camerarecorder/mediamtx-camera-service-go/internal/config/config_validation.go:438.79,440.3 1 1
github.com/camerarecorder/mediamtx-camera-service-go/internal/config/config_validation.go:442.2,442.77 1 1
github.com/camerarecorder/mediamtx-camera-service-go/internal/config/config_validation.go:442.77,444.3 1 1
github.com/camerarecorder/mediamtx-camera-service-go/internal/config/config_validation.go:446.2,446.12 1 1
github.com/camerarecorder/mediamtx-camera-service-go/internal/config/config_validation.go:450.85,451.33 1 1
github.com/camerarecorder/mediamtx-camera-service-go/internal/config/config_validation.go:451.33,453.3 1 1
github.com/camerarecorder/mediamtx-camera-service-go/internal/config/config_validation.go:455.2,455.30 1 1
github.com/camerarecorder/mediamtx-camera-service-go/internal/config/config_validation.go:455.30,457.3 1 0
github.com/camerarecorder/mediamtx-camera-service-go/internal/config/config_validation.go:459.2,459.27 1 1
github.com/camerarecorder/mediamtx-camera-service-go/internal/config/config_validation.go:459.27,461.3 1 0
github.com/camerarecorder/mediamtx-camera-service-go/internal/config/config_validation.go:463.2,463.30 1 1
github.com/camerarecorder/mediamtx-camera-service-go/internal/config/config_validation.go:463.30,465.3 1 1
github.com/camerarecorder/mediamtx-camera-service-go/internal/config/config_validation.go:467.2,467.33 1 1
github.com/camerarecorder/mediamtx-camera-service-go/internal/config/config_validation.go:467.33,469.3 1 0
github.com/camerarecorder/mediamtx-camera-service-go/internal/config/config_validation.go:471.2,471.12 1 1
github.com/camerarecorder/mediamtx-camera-service-go/internal/config/config_validation.go:475.83,476.38 1 1
github.com/camerarecorder/mediamtx-camera-service-go/internal/config/config_validation.go:476.38,478.3 1 0
github.com/camerarecorder/mediamtx-camera-service-go/internal/config/config_validation.go:480.2,480.43 1 1
github.com/camerarecorder/mediamtx-camera-service-go/internal/config/config_validation.go:480.43,482.3 1 1
github.com/camerarecorder/mediamtx-camera-service-go/internal/config/config_validation.go:484.2,484.39 1 1
github.com/camerarecorder/mediamtx-camera-service-go/internal/config/config_validation.go:484.39,486.3 1 0
github.com/camerarecorder/mediamtx-camera-service-go/internal/config/config_validation.go:488.2,488.12 1 1
github.com/camerarecorder/mediamtx-camera-service-go/internal/config/config_validation.go:492.65,493.87 1 1
github.com/camerarecorder/mediamtx-camera-service-go/internal/config/config_validation.go:493.87,495.3 1 1
github.com/camerarecorder/mediamtx-camera-service-go/internal/config/config_validation.go:497.2,497.75 1 1
github.com/camerarecorder/mediamtx-camera-service-go/internal/config/config_validation.go:497.75,499.3 1 0
github.com/camerarecorder/mediamtx-camera-service-go/internal/config/config_validation.go:501.2,501.73 1 1
github.com/camerarecorder/mediamtx-camera-service-go/internal/config/config_validation.go:501.73,503.3 1 0
github.com/camerarecorder/mediamtx-camera-service-go/internal/config/config_validation.go:505.2,505.12 1 1
github.com/camerarecorder/mediamtx-camera-service-go/internal/config/config_validation.go:509.81,510.33 1 1
github.com/camerarecorder/mediamtx-camera-service-go/internal/config/config_validation.go:510.33,512.3 1 1
github.com/camerarecorder/mediamtx-camera-service-go/internal/config/config_validation.go:514.2,514.32 1 1
github.com/camerarecorder/mediamtx-camera-service-go/internal/config/config_validation.go:514.32,516.3 1 1
github.com/camerarecorder/mediamtx-camera-service-go/internal/config/config_validation.go:518.2,518.31 1 1
github.com/camerarecorder/mediamtx-camera-service-go/internal/config/config_validation.go:518.31,520.3 1 0
github.com/camerarecorder/mediamtx-camera-service-go/internal/config/config_validation.go:522.2,522.29 1 1
github.com/camerarecorder/mediamtx-camera-service-go/internal/config/config_validation.go:522.29,524.3 1 1
github.com/camerarecorder/mediamtx-camera-service-go/internal/config/config_validation.go:526.2,526.12 1 1
github.com/camerarecorder/mediamtx-camera-service-go/internal/config/config_validation.go:530.69,531.39 1 1
github.com/camerarecorder/mediamtx-camera-service-go/internal/config/config_validation.go:531.39,533.3 1 0
github.com/camerarecorder/mediamtx-camera-service-go/internal/config/config_validation.go:535.2,535.44 1 1
github.com/camerarecorder/mediamtx-camera-service-go/internal/config/config_validation.go:535.44,537.3 1 0
github.com/camerarecorder/mediamtx-camera-service-go/internal/config/config_validation.go:539.2,539.40 1 1
github.com/camerarecorder/mediamtx-camera-service-go/internal/config/config_validation.go:539.40,541.3 1 0
github.com/camerarecorder/mediamtx-camera-service-go/internal/config/config_validation.go:543.2,543.47 1 1
github.com/camerarecorder/mediamtx-camera-service-go/internal/config/config_validation.go:543.47,545.3 1 0
github.com/camerarecorder/mediamtx-camera-service-go/internal/config/config_validation.go:547.2,547.39 1 1
github.com/camerarecorder/mediamtx-camera-service-go/internal/config/config_validation.go:547.39,549.3 1 0
github.com/camerarecorder/mediamtx-camera-service-go/internal/config/config_validation.go:551.2,551.44 1 1
github.com/camerarecorder/mediamtx-camera-service-go/internal/config/config_validation.go:551.44,553.3 1 0
github.com/camerarecorder/mediamtx-camera-service-go/internal/config/config_validation.go:555.2,555.45 1 1
github.com/camerarecorder/mediamtx-camera-service-go/internal/config/config_validation.go:555.45,557.3 1 0
github.com/camerarecorder/mediamtx-camera-service-go/internal/config/config_validation.go:559.2,559.39 1 1
github.com/camerarecorder/mediamtx-camera-service-go/internal/config/config_validation.go:559.39,561.3 1 0
github.com/camerarecorder/mediamtx-camera-service-go/internal/config/config_validation.go:563.2,563.12 1 1
github.com/camerarecorder/mediamtx-camera-service-go/internal/config/config_validation.go:567.67,568.26 1 1
github.com/camerarecorder/mediamtx-camera-service-go/internal/config/config_validation.go:568.26,570.3 1 0
github.com/camerarecorder/mediamtx-camera-service-go/internal/config/config_validation.go:572.2,572.41 1 1
github.com/camerarecorder/mediamtx-camera-service-go/internal/config/config_validation.go:572.41,574.3 1 0
github.com/camerarecorder/mediamtx-camera-service-go/internal/config/config_validation.go:576.2,576.36 1 1
github.com/camerarecorder/mediamtx-camera-service-go/internal/config/config_validation.go:576.36,578.3 1 0
github.com/camerarecorder/mediamtx-camera-service-go/internal/config/config_validation.go:580.2,580.12 1 1
github.com/camerarecorder/mediamtx-camera-service-go/internal/config/config_validation.go:584.73,587.40 2 1
github.com/camerarecorder/mediamtx-camera-service-go/internal/config/config_validation.go:587.40,589.3 1 1
github.com/camerarecorder/mediamtx-camera-service-go/internal/config/config_validation.go:592.2,592.26 1 1
github.com/camerarecorder/mediamtx-camera-service-go/internal/config/config_validation.go:592.26,593.28 1 1
github.com/camerarecorder/mediamtx-camera-service-go/internal/config/config_validation.go:593.28,595.4 1 0
github.com/camerarecorder/mediamtx-camera-service-go/internal/config/config_validation.go:596.3,596.55 1 1
github.com/camerarecorder/mediamtx-camera-service-go/internal/config/config_validation.go:596.55,598.4 1 0
github.com/camerarecorder/mediamtx-camera-service-go/internal/config/config_validation.go:602.2,602.27 1 1
github.com/camerarecorder/mediamtx-camera-service-go/internal/config/config_validation.go:602.27,603.28 1 0
github.com/camerarecorder/mediamtx-camera-service-go/internal/config/config_validation.go:603.28,605.4 1 0
github.com/camerarecorder/mediamtx-camera-service-go/internal/config/config_validation.go:606.3,606.30 1 0
github.com/camerarecorder/mediamtx-camera-service-go/internal/config/config_validation.go:606.30,608.4 1 0
github.com/camerarecorder/mediamtx-camera-service-go/internal/config/config_validation.go:611.2,611.12 1 1
github.com/camerarecorder/mediamtx-camera-service-go/internal/config/config_validation.go:615.50,616.29 1 1
github.com/camerarecorder/mediamtx-camera-service-go/internal/config/config_validation.go:616.29,617.20 1 1
github.com/camerarecorder/mediamtx-camera-service-go/internal/config/config_validation.go:617.20,619.4 1 1
github.com/camerarecorder/mediamtx-camera-service-go/internal/config/config_validation.go:621.2,621.14 1 1
