mode: set
github.com/camerarecorder/mediamtx-camera-service-go/internal/mediamtx/client.go:37.94,54.2 2 1
github.com/camerarecorder/mediamtx-camera-service-go/internal/mediamtx/client.go:57.72,59.2 1 1
github.com/camerarecorder/mediamtx-camera-service-go/internal/mediamtx/client.go:62.86,64.2 1 1
github.com/camerarecorder/mediamtx-camera-service-go/internal/mediamtx/client.go:67.85,69.2 1 1
github.com/camerarecorder/mediamtx-camera-service-go/internal/mediamtx/client.go:72.65,75.2 2 1
github.com/camerarecorder/mediamtx-camera-service-go/internal/mediamtx/client.go:78.57,80.16 2 1
github.com/camerarecorder/mediamtx-camera-service-go/internal/mediamtx/client.go:80.16,82.3 1 1
github.com/camerarecorder/mediamtx-camera-service-go/internal/mediamtx/client.go:83.2,83.12 1 1
github.com/camerarecorder/mediamtx-camera-service-go/internal/mediamtx/client.go:87.32,91.2 1 1
github.com/camerarecorder/mediamtx-camera-service-go/internal/mediamtx/client.go:94.99,98.17 3 1
github.com/camerarecorder/mediamtx-camera-service-go/internal/mediamtx/client.go:98.17,100.3 1 1
github.com/camerarecorder/mediamtx-camera-service-go/internal/mediamtx/client.go:102.2,103.16 2 1
github.com/camerarecorder/mediamtx-camera-service-go/internal/mediamtx/client.go:103.16,105.3 1 0
github.com/camerarecorder/mediamtx-camera-service-go/internal/mediamtx/client.go:108.2,120.16 5 1
github.com/camerarecorder/mediamtx-camera-service-go/internal/mediamtx/client.go:120.16,122.3 1 1
github.com/camerarecorder/mediamtx-camera-service-go/internal/mediamtx/client.go:123.2,127.16 3 1
github.com/camerarecorder/mediamtx-camera-service-go/internal/mediamtx/client.go:127.16,129.3 1 0
github.com/camerarecorder/mediamtx-camera-service-go/internal/mediamtx/client.go:132.2,138.28 2 1
github.com/camerarecorder/mediamtx-camera-service-go/internal/mediamtx/client.go:138.28,140.3 1 1
github.com/camerarecorder/mediamtx-camera-service-go/internal/mediamtx/client.go:142.2,142.23 1 1
github.com/camerarecorder/mediamtx-camera-service-go/internal/mediamtx/client.go:167.59,169.56 2 1
github.com/camerarecorder/mediamtx-camera-service-go/internal/mediamtx/client.go:169.56,171.3 1 0
github.com/camerarecorder/mediamtx-camera-service-go/internal/mediamtx/client.go:173.2,174.40 2 1
github.com/camerarecorder/mediamtx-camera-service-go/internal/mediamtx/client.go:174.40,176.3 1 1
github.com/camerarecorder/mediamtx-camera-service-go/internal/mediamtx/client.go:178.2,178.21 1 1
github.com/camerarecorder/mediamtx-camera-service-go/internal/mediamtx/client.go:182.55,184.56 2 1
github.com/camerarecorder/mediamtx-camera-service-go/internal/mediamtx/client.go:184.56,186.3 1 1
github.com/camerarecorder/mediamtx-camera-service-go/internal/mediamtx/client.go:188.2,189.38 2 0
github.com/camerarecorder/mediamtx-camera-service-go/internal/mediamtx/client.go:189.38,191.3 1 0
github.com/camerarecorder/mediamtx-camera-service-go/internal/mediamtx/client.go:193.2,193.19 1 0
github.com/camerarecorder/mediamtx-camera-service-go/internal/mediamtx/client.go:197.62,199.56 2 0
github.com/camerarecorder/mediamtx-camera-service-go/internal/mediamtx/client.go:199.56,201.3 1 0
github.com/camerarecorder/mediamtx-camera-service-go/internal/mediamtx/client.go:204.2,205.16 2 0
github.com/camerarecorder/mediamtx-camera-service-go/internal/mediamtx/client.go:205.16,207.3 1 0
github.com/camerarecorder/mediamtx-camera-service-go/internal/mediamtx/client.go:209.2,213.8 1 0
github.com/camerarecorder/mediamtx-camera-service-go/internal/mediamtx/client.go:217.56,219.20 1 1
github.com/camerarecorder/mediamtx-camera-service-go/internal/mediamtx/client.go:219.20,221.3 1 0
github.com/camerarecorder/mediamtx-camera-service-go/internal/mediamtx/client.go:224.2,225.54 2 1
github.com/camerarecorder/mediamtx-camera-service-go/internal/mediamtx/client.go:225.54,227.3 1 0
github.com/camerarecorder/mediamtx-camera-service-go/internal/mediamtx/client.go:229.2,229.21 1 1
github.com/camerarecorder/mediamtx-camera-service-go/internal/mediamtx/client.go:233.53,234.19 1 0
github.com/camerarecorder/mediamtx-camera-service-go/internal/mediamtx/client.go:234.19,236.3 1 0
github.com/camerarecorder/mediamtx-camera-service-go/internal/mediamtx/client.go:239.2,239.28 1 0
github.com/camerarecorder/mediamtx-camera-service-go/internal/mediamtx/client.go:240.14,241.11 1 0
github.com/camerarecorder/mediamtx-camera-service-go/internal/mediamtx/client.go:242.30,243.47 1 0
github.com/camerarecorder/mediamtx-camera-service-go/internal/mediamtx/client.go:243.47,245.4 1 0
github.com/camerarecorder/mediamtx-camera-service-go/internal/mediamtx/client.go:247.2,247.11 1 0
github.com/camerarecorder/mediamtx-camera-service-go/internal/mediamtx/client.go:251.41,252.11 1 0
github.com/camerarecorder/mediamtx-camera-service-go/internal/mediamtx/client.go:252.11,254.3 1 0
github.com/camerarecorder/mediamtx-camera-service-go/internal/mediamtx/client.go:255.2,255.18 1 0
github.com/camerarecorder/mediamtx-camera-service-go/internal/mediamtx/client.go:259.52,261.52 2 0
github.com/camerarecorder/mediamtx-camera-service-go/internal/mediamtx/client.go:261.52,263.3 1 0
github.com/camerarecorder/mediamtx-camera-service-go/internal/mediamtx/client.go:264.2,264.19 1 0
github.com/camerarecorder/mediamtx-camera-service-go/internal/mediamtx/client.go:268.58,270.55 2 0
github.com/camerarecorder/mediamtx-camera-service-go/internal/mediamtx/client.go:270.55,272.3 1 0
github.com/camerarecorder/mediamtx-camera-service-go/internal/mediamtx/client.go:273.2,273.22 1 0
github.com/camerarecorder/mediamtx-camera-service-go/internal/mediamtx/client.go:295.70,301.2 2 1
github.com/camerarecorder/mediamtx-camera-service-go/internal/mediamtx/client.go:304.59,308.25 2 1
github.com/camerarecorder/mediamtx-camera-service-go/internal/mediamtx/client.go:308.25,310.3 1 0
github.com/camerarecorder/mediamtx-camera-service-go/internal/mediamtx/client.go:311.2,311.41 1 1
github.com/camerarecorder/mediamtx-camera-service-go/internal/mediamtx/client.go:311.41,313.3 1 0
github.com/camerarecorder/mediamtx-camera-service-go/internal/mediamtx/client.go:314.2,314.39 1 1
github.com/camerarecorder/mediamtx-camera-service-go/internal/mediamtx/client.go:314.39,316.3 1 0
github.com/camerarecorder/mediamtx-camera-service-go/internal/mediamtx/client.go:317.2,317.28 1 1
github.com/camerarecorder/mediamtx-camera-service-go/internal/mediamtx/client.go:317.28,319.3 1 0
github.com/camerarecorder/mediamtx-camera-service-go/internal/mediamtx/client.go:320.2,320.28 1 1
github.com/camerarecorder/mediamtx-camera-service-go/internal/mediamtx/client.go:320.28,322.3 1 0
github.com/camerarecorder/mediamtx-camera-service-go/internal/mediamtx/client.go:323.2,323.25 1 1
github.com/camerarecorder/mediamtx-camera-service-go/internal/mediamtx/client.go:323.25,325.3 1 0
github.com/camerarecorder/mediamtx-camera-service-go/internal/mediamtx/client.go:326.2,326.25 1 1
github.com/camerarecorder/mediamtx-camera-service-go/internal/mediamtx/client.go:326.25,328.3 1 0
github.com/camerarecorder/mediamtx-camera-service-go/internal/mediamtx/client.go:329.2,329.28 1 1
github.com/camerarecorder/mediamtx-camera-service-go/internal/mediamtx/client.go:329.28,331.3 1 0
github.com/camerarecorder/mediamtx-camera-service-go/internal/mediamtx/client.go:332.2,332.29 1 1
github.com/camerarecorder/mediamtx-camera-service-go/internal/mediamtx/client.go:332.29,334.3 1 0
github.com/camerarecorder/mediamtx-camera-service-go/internal/mediamtx/client.go:335.2,335.36 1 1
github.com/camerarecorder/mediamtx-camera-service-go/internal/mediamtx/client.go:335.36,337.3 1 0
github.com/camerarecorder/mediamtx-camera-service-go/internal/mediamtx/client.go:338.2,338.38 1 1
github.com/camerarecorder/mediamtx-camera-service-go/internal/mediamtx/client.go:338.38,340.3 1 0
github.com/camerarecorder/mediamtx-camera-service-go/internal/mediamtx/client.go:342.2,347.30 2 1
github.com/camerarecorder/mediamtx-camera-service-go/internal/mediamtx/client.go:351.78,356.2 2 0
github.com/camerarecorder/mediamtx-camera-service-go/internal/mediamtx/client.go:359.78,365.2 2 1
github.com/camerarecorder/mediamtx-camera-service-go/internal/mediamtx/config_integration.go:31.106,36.2 1 1
github.com/camerarecorder/mediamtx-camera-service-go/internal/mediamtx/config_integration.go:39.75,41.16 2 1
github.com/camerarecorder/mediamtx-camera-service-go/internal/mediamtx/config_integration.go:41.16,43.3 1 0
github.com/camerarecorder/mediamtx-camera-service-go/internal/mediamtx/config_integration.go:46.2,94.28 3 1
github.com/camerarecorder/mediamtx-camera-service-go/internal/mediamtx/config_integration.go:98.91,99.55 1 1
github.com/camerarecorder/mediamtx-camera-service-go/internal/mediamtx/config_integration.go:99.55,101.3 1 1
github.com/camerarecorder/mediamtx-camera-service-go/internal/mediamtx/config_integration.go:104.2,104.31 1 1
github.com/camerarecorder/mediamtx-camera-service-go/internal/mediamtx/config_integration.go:104.31,106.3 1 0
github.com/camerarecorder/mediamtx-camera-service-go/internal/mediamtx/config_integration.go:108.2,108.33 1 1
github.com/camerarecorder/mediamtx-camera-service-go/internal/mediamtx/config_integration.go:108.33,110.3 1 0
github.com/camerarecorder/mediamtx-camera-service-go/internal/mediamtx/config_integration.go:112.2,112.41 1 1
github.com/camerarecorder/mediamtx-camera-service-go/internal/mediamtx/config_integration.go:112.41,114.3 1 0
github.com/camerarecorder/mediamtx-camera-service-go/internal/mediamtx/config_integration.go:116.2,116.40 1 1
github.com/camerarecorder/mediamtx-camera-service-go/internal/mediamtx/config_integration.go:116.40,118.3 1 0
github.com/camerarecorder/mediamtx-camera-service-go/internal/mediamtx/config_integration.go:120.2,121.12 2 1
github.com/camerarecorder/mediamtx-camera-service-go/internal/mediamtx/config_integration.go:125.84,127.16 2 1
github.com/camerarecorder/mediamtx-camera-service-go/internal/mediamtx/config_integration.go:127.16,129.3 1 0
github.com/camerarecorder/mediamtx-camera-service-go/internal/mediamtx/config_integration.go:131.2,131.28 1 1
github.com/camerarecorder/mediamtx-camera-service-go/internal/mediamtx/config_integration.go:135.82,137.16 2 1
github.com/camerarecorder/mediamtx-camera-service-go/internal/mediamtx/config_integration.go:137.16,139.3 1 0
github.com/camerarecorder/mediamtx-camera-service-go/internal/mediamtx/config_integration.go:141.2,141.28 1 1
github.com/camerarecorder/mediamtx-camera-service-go/internal/mediamtx/config_integration.go:145.78,147.16 2 1
github.com/camerarecorder/mediamtx-camera-service-go/internal/mediamtx/config_integration.go:147.16,149.3 1 0
github.com/camerarecorder/mediamtx-camera-service-go/internal/mediamtx/config_integration.go:151.2,151.25 1 1
github.com/camerarecorder/mediamtx-camera-service-go/internal/mediamtx/config_integration.go:155.78,157.16 2 1
github.com/camerarecorder/mediamtx-camera-service-go/internal/mediamtx/config_integration.go:157.16,159.3 1 0
github.com/camerarecorder/mediamtx-camera-service-go/internal/mediamtx/config_integration.go:161.2,161.25 1 1
github.com/camerarecorder/mediamtx-camera-service-go/internal/mediamtx/config_integration.go:165.88,167.16 2 1
github.com/camerarecorder/mediamtx-camera-service-go/internal/mediamtx/config_integration.go:167.16,169.3 1 0
github.com/camerarecorder/mediamtx-camera-service-go/internal/mediamtx/config_integration.go:171.2,171.30 1 1
github.com/camerarecorder/mediamtx-camera-service-go/internal/mediamtx/config_integration.go:175.89,177.66 1 1
github.com/camerarecorder/mediamtx-camera-service-go/internal/mediamtx/config_integration.go:177.66,179.3 1 1
github.com/camerarecorder/mediamtx-camera-service-go/internal/mediamtx/config_integration.go:182.2,183.16 2 1
github.com/camerarecorder/mediamtx-camera-service-go/internal/mediamtx/config_integration.go:183.16,185.3 1 0
github.com/camerarecorder/mediamtx-camera-service-go/internal/mediamtx/config_integration.go:188.2,207.54 18 1
github.com/camerarecorder/mediamtx-camera-service-go/internal/mediamtx/config_integration.go:207.54,210.3 2 0
github.com/camerarecorder/mediamtx-camera-service-go/internal/mediamtx/config_integration.go:212.2,213.12 2 1
github.com/camerarecorder/mediamtx-camera-service-go/internal/mediamtx/config_integration.go:217.86,222.2 2 1
github.com/camerarecorder/mediamtx-camera-service-go/internal/mediamtx/controller.go:55.64,61.2 4 1
github.com/camerarecorder/mediamtx-camera-service-go/internal/mediamtx/controller.go:64.91,69.57 3 1
github.com/camerarecorder/mediamtx-camera-service-go/internal/mediamtx/controller.go:69.57,71.3 1 0
github.com/camerarecorder/mediamtx-camera-service-go/internal/mediamtx/controller.go:74.2,88.12 3 1
github.com/camerarecorder/mediamtx-camera-service-go/internal/mediamtx/controller.go:92.67,97.13 4 1
github.com/camerarecorder/mediamtx-camera-service-go/internal/mediamtx/controller.go:97.13,99.3 1 0
github.com/camerarecorder/mediamtx-camera-service-go/internal/mediamtx/controller.go:102.2,111.12 4 1
github.com/camerarecorder/mediamtx-camera-service-go/internal/mediamtx/controller.go:115.72,121.56 4 1
github.com/camerarecorder/mediamtx-camera-service-go/internal/mediamtx/controller.go:121.56,129.3 1 1
github.com/camerarecorder/mediamtx-camera-service-go/internal/mediamtx/controller.go:131.2,131.25 1 1
github.com/camerarecorder/mediamtx-camera-service-go/internal/mediamtx/controller.go:135.77,139.65 3 1
github.com/camerarecorder/mediamtx-camera-service-go/internal/mediamtx/controller.go:139.65,148.3 1 1
github.com/camerarecorder/mediamtx-camera-service-go/internal/mediamtx/controller.go:150.2,150.12 1 1
github.com/camerarecorder/mediamtx-camera-service-go/internal/mediamtx/controller.go:154.122,160.16 3 1
github.com/camerarecorder/mediamtx-camera-service-go/internal/mediamtx/controller.go:160.16,162.3 1 0
github.com/camerarecorder/mediamtx-camera-service-go/internal/mediamtx/controller.go:165.2,197.8 8 1
github.com/camerarecorder/mediamtx-camera-service-go/internal/mediamtx/controller.go:201.55,205.17 3 1
github.com/camerarecorder/mediamtx-camera-service-go/internal/mediamtx/controller.go:205.17,207.3 1 1
github.com/camerarecorder/mediamtx-camera-service-go/internal/mediamtx/controller.go:209.2,212.51 2 1
github.com/camerarecorder/mediamtx-camera-service-go/internal/mediamtx/controller.go:212.51,214.3 1 0
github.com/camerarecorder/mediamtx-camera-service-go/internal/mediamtx/controller.go:216.2,220.12 4 1
github.com/camerarecorder/mediamtx-camera-service-go/internal/mediamtx/controller.go:224.54,228.18 3 1
github.com/camerarecorder/mediamtx-camera-service-go/internal/mediamtx/controller.go:228.18,230.3 1 1
github.com/camerarecorder/mediamtx-camera-service-go/internal/mediamtx/controller.go:232.2,236.45 3 1
github.com/camerarecorder/mediamtx-camera-service-go/internal/mediamtx/controller.go:236.45,237.36 1 1
github.com/camerarecorder/mediamtx-camera-service-go/internal/mediamtx/controller.go:237.36,239.66 2 0
github.com/camerarecorder/mediamtx-camera-service-go/internal/mediamtx/controller.go:239.66,241.5 1 0
github.com/camerarecorder/mediamtx-camera-service-go/internal/mediamtx/controller.go:244.2,247.50 2 1
github.com/camerarecorder/mediamtx-camera-service-go/internal/mediamtx/controller.go:247.50,249.3 1 0
github.com/camerarecorder/mediamtx-camera-service-go/internal/mediamtx/controller.go:252.2,252.41 1 1
github.com/camerarecorder/mediamtx-camera-service-go/internal/mediamtx/controller.go:252.41,254.3 1 0
github.com/camerarecorder/mediamtx-camera-service-go/internal/mediamtx/controller.go:256.2,259.12 3 1
github.com/camerarecorder/mediamtx-camera-service-go/internal/mediamtx/controller.go:263.76,264.18 1 1
github.com/camerarecorder/mediamtx-camera-service-go/internal/mediamtx/controller.go:264.18,266.3 1 1
github.com/camerarecorder/mediamtx-camera-service-go/internal/mediamtx/controller.go:268.2,269.21 2 1
github.com/camerarecorder/mediamtx-camera-service-go/internal/mediamtx/controller.go:273.72,274.18 1 1
github.com/camerarecorder/mediamtx-camera-service-go/internal/mediamtx/controller.go:274.18,276.3 1 1
github.com/camerarecorder/mediamtx-camera-service-go/internal/mediamtx/controller.go:279.2,280.16 2 1
github.com/camerarecorder/mediamtx-camera-service-go/internal/mediamtx/controller.go:280.16,282.3 1 0
github.com/camerarecorder/mediamtx-camera-service-go/internal/mediamtx/controller.go:285.2,286.33 2 1
github.com/camerarecorder/mediamtx-camera-service-go/internal/mediamtx/controller.go:286.33,287.19 1 1
github.com/camerarecorder/mediamtx-camera-service-go/internal/mediamtx/controller.go:287.19,289.4 1 1
github.com/camerarecorder/mediamtx-camera-service-go/internal/mediamtx/controller.go:293.2,304.44 3 1
github.com/camerarecorder/mediamtx-camera-service-go/internal/mediamtx/controller.go:304.44,310.3 5 0
github.com/camerarecorder/mediamtx-camera-service-go/internal/mediamtx/controller.go:312.2,312.21 1 1
github.com/camerarecorder/mediamtx-camera-service-go/internal/mediamtx/controller.go:317.84,318.18 1 1
github.com/camerarecorder/mediamtx-camera-service-go/internal/mediamtx/controller.go:318.18,320.3 1 0
github.com/camerarecorder/mediamtx-camera-service-go/internal/mediamtx/controller.go:323.2,339.66 11 1
github.com/camerarecorder/mediamtx-camera-service-go/internal/mediamtx/controller.go:339.66,341.3 1 1
github.com/camerarecorder/mediamtx-camera-service-go/internal/mediamtx/controller.go:342.2,342.80 1 1
github.com/camerarecorder/mediamtx-camera-service-go/internal/mediamtx/controller.go:342.80,344.3 1 1
github.com/camerarecorder/mediamtx-camera-service-go/internal/mediamtx/controller.go:345.2,345.93 1 1
github.com/camerarecorder/mediamtx-camera-service-go/internal/mediamtx/controller.go:345.93,347.3 1 1
github.com/camerarecorder/mediamtx-camera-service-go/internal/mediamtx/controller.go:350.2,351.62 2 1
github.com/camerarecorder/mediamtx-camera-service-go/internal/mediamtx/controller.go:351.62,353.3 1 1
github.com/camerarecorder/mediamtx-camera-service-go/internal/mediamtx/controller.go:356.2,357.75 2 1
github.com/camerarecorder/mediamtx-camera-service-go/internal/mediamtx/controller.go:357.75,359.3 1 1
github.com/camerarecorder/mediamtx-camera-service-go/internal/mediamtx/controller.go:361.2,372.27 2 1
github.com/camerarecorder/mediamtx-camera-service-go/internal/mediamtx/controller.go:376.73,377.18 1 1
github.com/camerarecorder/mediamtx-camera-service-go/internal/mediamtx/controller.go:377.18,379.3 1 0
github.com/camerarecorder/mediamtx-camera-service-go/internal/mediamtx/controller.go:381.2,381.41 1 1
github.com/camerarecorder/mediamtx-camera-service-go/internal/mediamtx/controller.go:385.81,386.18 1 1
github.com/camerarecorder/mediamtx-camera-service-go/internal/mediamtx/controller.go:386.18,388.3 1 0
github.com/camerarecorder/mediamtx-camera-service-go/internal/mediamtx/controller.go:390.2,390.43 1 1
github.com/camerarecorder/mediamtx-camera-service-go/internal/mediamtx/controller.go:394.94,395.18 1 1
github.com/camerarecorder/mediamtx-camera-service-go/internal/mediamtx/controller.go:395.18,397.3 1 0
github.com/camerarecorder/mediamtx-camera-service-go/internal/mediamtx/controller.go:399.2,399.56 1 1
github.com/camerarecorder/mediamtx-camera-service-go/internal/mediamtx/controller.go:403.73,404.18 1 0
github.com/camerarecorder/mediamtx-camera-service-go/internal/mediamtx/controller.go:404.18,406.3 1 0
github.com/camerarecorder/mediamtx-camera-service-go/internal/mediamtx/controller.go:408.2,408.46 1 0
github.com/camerarecorder/mediamtx-camera-service-go/internal/mediamtx/controller.go:412.69,413.18 1 1
github.com/camerarecorder/mediamtx-camera-service-go/internal/mediamtx/controller.go:413.18,415.3 1 0
github.com/camerarecorder/mediamtx-camera-service-go/internal/mediamtx/controller.go:417.2,417.37 1 1
github.com/camerarecorder/mediamtx-camera-service-go/internal/mediamtx/controller.go:421.79,422.18 1 0
github.com/camerarecorder/mediamtx-camera-service-go/internal/mediamtx/controller.go:422.18,424.3 1 0
github.com/camerarecorder/mediamtx-camera-service-go/internal/mediamtx/controller.go:426.2,426.41 1 0
github.com/camerarecorder/mediamtx-camera-service-go/internal/mediamtx/controller.go:430.72,431.18 1 1
github.com/camerarecorder/mediamtx-camera-service-go/internal/mediamtx/controller.go:431.18,433.3 1 0
github.com/camerarecorder/mediamtx-camera-service-go/internal/mediamtx/controller.go:435.2,438.25 2 1
github.com/camerarecorder/mediamtx-camera-service-go/internal/mediamtx/controller.go:438.25,440.3 1 0
github.com/camerarecorder/mediamtx-camera-service-go/internal/mediamtx/controller.go:441.2,441.41 1 1
github.com/camerarecorder/mediamtx-camera-service-go/internal/mediamtx/controller.go:441.41,443.3 1 0
github.com/camerarecorder/mediamtx-camera-service-go/internal/mediamtx/controller.go:444.2,444.39 1 1
github.com/camerarecorder/mediamtx-camera-service-go/internal/mediamtx/controller.go:444.39,446.3 1 0
github.com/camerarecorder/mediamtx-camera-service-go/internal/mediamtx/controller.go:447.2,447.28 1 1
github.com/camerarecorder/mediamtx-camera-service-go/internal/mediamtx/controller.go:447.28,449.3 1 0
github.com/camerarecorder/mediamtx-camera-service-go/internal/mediamtx/controller.go:450.2,450.28 1 1
github.com/camerarecorder/mediamtx-camera-service-go/internal/mediamtx/controller.go:450.28,452.3 1 0
github.com/camerarecorder/mediamtx-camera-service-go/internal/mediamtx/controller.go:453.2,453.25 1 1
github.com/camerarecorder/mediamtx-camera-service-go/internal/mediamtx/controller.go:453.25,455.3 1 0
github.com/camerarecorder/mediamtx-camera-service-go/internal/mediamtx/controller.go:456.2,456.25 1 1
github.com/camerarecorder/mediamtx-camera-service-go/internal/mediamtx/controller.go:456.25,458.3 1 0
github.com/camerarecorder/mediamtx-camera-service-go/internal/mediamtx/controller.go:459.2,459.28 1 1
github.com/camerarecorder/mediamtx-camera-service-go/internal/mediamtx/controller.go:459.28,461.3 1 0
github.com/camerarecorder/mediamtx-camera-service-go/internal/mediamtx/controller.go:462.2,462.29 1 1
github.com/camerarecorder/mediamtx-camera-service-go/internal/mediamtx/controller.go:462.29,464.3 1 0
github.com/camerarecorder/mediamtx-camera-service-go/internal/mediamtx/controller.go:465.2,465.36 1 1
github.com/camerarecorder/mediamtx-camera-service-go/internal/mediamtx/controller.go:465.36,467.3 1 0
github.com/camerarecorder/mediamtx-camera-service-go/internal/mediamtx/controller.go:468.2,468.38 1 1
github.com/camerarecorder/mediamtx-camera-service-go/internal/mediamtx/controller.go:468.38,470.3 1 0
github.com/camerarecorder/mediamtx-camera-service-go/internal/mediamtx/controller.go:472.2,472.71 1 1
github.com/camerarecorder/mediamtx-camera-service-go/internal/mediamtx/controller.go:476.73,477.18 1 0
github.com/camerarecorder/mediamtx-camera-service-go/internal/mediamtx/controller.go:477.18,479.3 1 0
github.com/camerarecorder/mediamtx-camera-service-go/internal/mediamtx/controller.go:481.2,481.44 1 0
github.com/camerarecorder/mediamtx-camera-service-go/internal/mediamtx/controller.go:485.106,486.18 1 1
github.com/camerarecorder/mediamtx-camera-service-go/internal/mediamtx/controller.go:486.18,488.3 1 0
github.com/camerarecorder/mediamtx-camera-service-go/internal/mediamtx/controller.go:491.2,491.18 1 1
github.com/camerarecorder/mediamtx-camera-service-go/internal/mediamtx/controller.go:491.18,493.3 1 1
github.com/camerarecorder/mediamtx-camera-service-go/internal/mediamtx/controller.go:494.2,494.16 1 1
github.com/camerarecorder/mediamtx-camera-service-go/internal/mediamtx/controller.go:494.16,496.3 1 1
github.com/camerarecorder/mediamtx-camera-service-go/internal/mediamtx/controller.go:499.2,503.48 3 1
github.com/camerarecorder/mediamtx-camera-service-go/internal/mediamtx/controller.go:503.48,506.3 2 0
github.com/camerarecorder/mediamtx-camera-service-go/internal/mediamtx/controller.go:507.2,528.16 5 1
github.com/camerarecorder/mediamtx-camera-service-go/internal/mediamtx/controller.go:528.16,530.3 1 0
github.com/camerarecorder/mediamtx-camera-service-go/internal/mediamtx/controller.go:533.2,547.21 6 1
github.com/camerarecorder/mediamtx-camera-service-go/internal/mediamtx/controller.go:551.81,552.18 1 1
github.com/camerarecorder/mediamtx-camera-service-go/internal/mediamtx/controller.go:552.18,554.3 1 0
github.com/camerarecorder/mediamtx-camera-service-go/internal/mediamtx/controller.go:557.2,557.21 1 1
github.com/camerarecorder/mediamtx-camera-service-go/internal/mediamtx/controller.go:557.21,559.3 1 1
github.com/camerarecorder/mediamtx-camera-service-go/internal/mediamtx/controller.go:561.2,561.48 1 1
github.com/camerarecorder/mediamtx-camera-service-go/internal/mediamtx/controller.go:565.89,568.13 3 1
github.com/camerarecorder/mediamtx-camera-service-go/internal/mediamtx/controller.go:568.13,571.3 2 1
github.com/camerarecorder/mediamtx-camera-service-go/internal/mediamtx/controller.go:573.2,573.35 1 1
github.com/camerarecorder/mediamtx-camera-service-go/internal/mediamtx/controller.go:573.35,576.3 2 0
github.com/camerarecorder/mediamtx-camera-service-go/internal/mediamtx/controller.go:579.2,583.21 3 1
github.com/camerarecorder/mediamtx-camera-service-go/internal/mediamtx/controller.go:583.21,584.71 1 0
github.com/camerarecorder/mediamtx-camera-service-go/internal/mediamtx/controller.go:584.71,589.4 1 0
github.com/camerarecorder/mediamtx-camera-service-go/internal/mediamtx/controller.go:590.8,592.3 1 1
github.com/camerarecorder/mediamtx-camera-service-go/internal/mediamtx/controller.go:595.2,602.88 6 1
github.com/camerarecorder/mediamtx-camera-service-go/internal/mediamtx/controller.go:602.88,604.3 1 0
github.com/camerarecorder/mediamtx-camera-service-go/internal/mediamtx/controller.go:606.2,615.12 3 1
github.com/camerarecorder/mediamtx-camera-service-go/internal/mediamtx/controller.go:619.96,620.18 1 0
github.com/camerarecorder/mediamtx-camera-service-go/internal/mediamtx/controller.go:620.18,622.3 1 0
github.com/camerarecorder/mediamtx-camera-service-go/internal/mediamtx/controller.go:625.2,630.16 4 0
github.com/camerarecorder/mediamtx-camera-service-go/internal/mediamtx/controller.go:630.16,632.3 1 0
github.com/camerarecorder/mediamtx-camera-service-go/internal/mediamtx/controller.go:635.2,636.16 2 0
github.com/camerarecorder/mediamtx-camera-service-go/internal/mediamtx/controller.go:636.16,638.3 1 0
github.com/camerarecorder/mediamtx-camera-service-go/internal/mediamtx/controller.go:640.2,656.22 3 0
github.com/camerarecorder/mediamtx-camera-service-go/internal/mediamtx/controller.go:660.78,661.18 1 1
github.com/camerarecorder/mediamtx-camera-service-go/internal/mediamtx/controller.go:661.18,663.3 1 1
github.com/camerarecorder/mediamtx-camera-service-go/internal/mediamtx/controller.go:665.2,665.22 1 1
github.com/camerarecorder/mediamtx-camera-service-go/internal/mediamtx/controller.go:669.86,670.18 1 1
github.com/camerarecorder/mediamtx-camera-service-go/internal/mediamtx/controller.go:670.18,672.3 1 0
github.com/camerarecorder/mediamtx-camera-service-go/internal/mediamtx/controller.go:675.2,675.47 1 1
github.com/camerarecorder/mediamtx-camera-service-go/internal/mediamtx/controller.go:675.47,677.3 1 1
github.com/camerarecorder/mediamtx-camera-service-go/internal/mediamtx/controller.go:680.2,685.12 5 0
github.com/camerarecorder/mediamtx-camera-service-go/internal/mediamtx/controller.go:689.51,690.19 1 1
github.com/camerarecorder/mediamtx-camera-service-go/internal/mediamtx/controller.go:690.19,692.3 1 0
github.com/camerarecorder/mediamtx-camera-service-go/internal/mediamtx/controller.go:694.2,694.26 1 1
github.com/camerarecorder/mediamtx-camera-service-go/internal/mediamtx/controller.go:694.26,696.3 1 1
github.com/camerarecorder/mediamtx-camera-service-go/internal/mediamtx/controller.go:698.2,698.25 1 1
github.com/camerarecorder/mediamtx-camera-service-go/internal/mediamtx/controller.go:698.25,700.3 1 0
github.com/camerarecorder/mediamtx-camera-service-go/internal/mediamtx/controller.go:702.2,702.30 1 1
github.com/camerarecorder/mediamtx-camera-service-go/internal/mediamtx/controller.go:702.30,704.3 1 0
github.com/camerarecorder/mediamtx-camera-service-go/internal/mediamtx/controller.go:706.2,706.28 1 1
github.com/camerarecorder/mediamtx-camera-service-go/internal/mediamtx/controller.go:706.28,708.3 1 0
github.com/camerarecorder/mediamtx-camera-service-go/internal/mediamtx/controller.go:711.2,711.49 1 1
github.com/camerarecorder/mediamtx-camera-service-go/internal/mediamtx/controller.go:711.49,713.3 1 1
github.com/camerarecorder/mediamtx-camera-service-go/internal/mediamtx/controller.go:715.2,715.48 1 1
github.com/camerarecorder/mediamtx-camera-service-go/internal/mediamtx/controller.go:715.48,717.3 1 0
github.com/camerarecorder/mediamtx-camera-service-go/internal/mediamtx/controller.go:719.2,719.44 1 1
github.com/camerarecorder/mediamtx-camera-service-go/internal/mediamtx/controller.go:719.44,721.3 1 0
github.com/camerarecorder/mediamtx-camera-service-go/internal/mediamtx/controller.go:724.2,724.45 1 1
github.com/camerarecorder/mediamtx-camera-service-go/internal/mediamtx/controller.go:724.45,726.3 1 0
github.com/camerarecorder/mediamtx-camera-service-go/internal/mediamtx/controller.go:728.2,728.52 1 1
github.com/camerarecorder/mediamtx-camera-service-go/internal/mediamtx/controller.go:728.52,730.3 1 0
github.com/camerarecorder/mediamtx-camera-service-go/internal/mediamtx/controller.go:732.2,732.48 1 1
github.com/camerarecorder/mediamtx-camera-service-go/internal/mediamtx/controller.go:732.48,734.3 1 0
github.com/camerarecorder/mediamtx-camera-service-go/internal/mediamtx/controller.go:736.2,736.12 1 1
github.com/camerarecorder/mediamtx-camera-service-go/internal/mediamtx/controller.go:740.46,742.2 1 1
github.com/camerarecorder/mediamtx-camera-service-go/internal/mediamtx/controller.go:745.47,747.2 1 1
github.com/camerarecorder/mediamtx-camera-service-go/internal/mediamtx/controller.go:750.61,752.2 1 1
github.com/camerarecorder/mediamtx-camera-service-go/internal/mediamtx/controller.go:755.61,757.2 1 0
github.com/camerarecorder/mediamtx-camera-service-go/internal/mediamtx/controller.go:760.146,761.18 1 1
github.com/camerarecorder/mediamtx-camera-service-go/internal/mediamtx/controller.go:761.18,763.3 1 0
github.com/camerarecorder/mediamtx-camera-service-go/internal/mediamtx/controller.go:765.2,772.18 2 1
github.com/camerarecorder/mediamtx-camera-service-go/internal/mediamtx/controller.go:772.18,774.3 1 0
github.com/camerarecorder/mediamtx-camera-service-go/internal/mediamtx/controller.go:777.2,778.16 2 1
github.com/camerarecorder/mediamtx-camera-service-go/internal/mediamtx/controller.go:778.16,780.3 1 1
github.com/camerarecorder/mediamtx-camera-service-go/internal/mediamtx/controller.go:783.2,800.21 8 0
github.com/camerarecorder/mediamtx-camera-service-go/internal/mediamtx/controller.go:804.89,805.18 1 0
github.com/camerarecorder/mediamtx-camera-service-go/internal/mediamtx/controller.go:805.18,807.3 1 0
github.com/camerarecorder/mediamtx-camera-service-go/internal/mediamtx/controller.go:809.2,816.13 5 0
github.com/camerarecorder/mediamtx-camera-service-go/internal/mediamtx/controller.go:816.13,818.3 1 0
github.com/camerarecorder/mediamtx-camera-service-go/internal/mediamtx/controller.go:821.2,828.16 6 0
github.com/camerarecorder/mediamtx-camera-service-go/internal/mediamtx/controller.go:828.16,832.3 2 0
github.com/camerarecorder/mediamtx-camera-service-go/internal/mediamtx/controller.go:835.2,844.12 3 0
github.com/camerarecorder/mediamtx-camera-service-go/internal/mediamtx/controller.go:848.69,871.2 5 0
github.com/camerarecorder/mediamtx-camera-service-go/internal/mediamtx/controller.go:874.94,876.2 1 0
github.com/camerarecorder/mediamtx-camera-service-go/internal/mediamtx/controller.go:879.74,881.2 1 1
github.com/camerarecorder/mediamtx-camera-service-go/internal/mediamtx/controller.go:884.87,885.18 1 0
github.com/camerarecorder/mediamtx-camera-service-go/internal/mediamtx/controller.go:885.18,887.3 1 0
github.com/camerarecorder/mediamtx-camera-service-go/internal/mediamtx/controller.go:889.2,889.63 1 0
github.com/camerarecorder/mediamtx-camera-service-go/internal/mediamtx/controller.go:893.136,894.18 1 1
github.com/camerarecorder/mediamtx-camera-service-go/internal/mediamtx/controller.go:894.18,896.3 1 1
github.com/camerarecorder/mediamtx-camera-service-go/internal/mediamtx/controller.go:898.2,906.16 3 1
github.com/camerarecorder/mediamtx-camera-service-go/internal/mediamtx/controller.go:906.16,912.3 2 0
github.com/camerarecorder/mediamtx-camera-service-go/internal/mediamtx/controller.go:915.2,915.30 1 1
github.com/camerarecorder/mediamtx-camera-service-go/internal/mediamtx/controller.go:915.30,916.57 1 1
github.com/camerarecorder/mediamtx-camera-service-go/internal/mediamtx/controller.go:916.57,922.4 1 1
github.com/camerarecorder/mediamtx-camera-service-go/internal/mediamtx/controller.go:925.2,925.22 1 1
github.com/camerarecorder/mediamtx-camera-service-go/internal/mediamtx/controller.go:929.79,931.2 1 1
github.com/camerarecorder/mediamtx-camera-service-go/internal/mediamtx/controller.go:934.58,936.2 1 1
github.com/camerarecorder/mediamtx-camera-service-go/internal/mediamtx/controller.go:939.91,940.18 1 1
github.com/camerarecorder/mediamtx-camera-service-go/internal/mediamtx/controller.go:940.18,942.3 1 1
github.com/camerarecorder/mediamtx-camera-service-go/internal/mediamtx/controller.go:944.2,944.58 1 1
github.com/camerarecorder/mediamtx-camera-service-go/internal/mediamtx/controller.go:948.105,949.18 1 1
github.com/camerarecorder/mediamtx-camera-service-go/internal/mediamtx/controller.go:949.18,951.3 1 0
github.com/camerarecorder/mediamtx-camera-service-go/internal/mediamtx/controller.go:953.2,953.69 1 1
github.com/camerarecorder/mediamtx-camera-service-go/internal/mediamtx/controller.go:957.62,959.2 1 1
github.com/camerarecorder/mediamtx-camera-service-go/internal/mediamtx/controller.go:962.73,964.2 1 1
github.com/camerarecorder/mediamtx-camera-service-go/internal/mediamtx/controller.go:967.107,968.18 1 1
github.com/camerarecorder/mediamtx-camera-service-go/internal/mediamtx/controller.go:968.18,970.3 1 0
github.com/camerarecorder/mediamtx-camera-service-go/internal/mediamtx/controller.go:973.2,973.21 1 1
github.com/camerarecorder/mediamtx-camera-service-go/internal/mediamtx/controller.go:973.21,975.3 1 1
github.com/camerarecorder/mediamtx-camera-service-go/internal/mediamtx/controller.go:977.2,984.13 5 1
github.com/camerarecorder/mediamtx-camera-service-go/internal/mediamtx/controller.go:984.13,986.3 1 1
github.com/camerarecorder/mediamtx-camera-service-go/internal/mediamtx/controller.go:988.2,988.21 1 1
github.com/camerarecorder/mediamtx-camera-service-go/internal/mediamtx/controller.go:992.104,993.18 1 1
github.com/camerarecorder/mediamtx-camera-service-go/internal/mediamtx/controller.go:993.18,995.3 1 0
github.com/camerarecorder/mediamtx-camera-service-go/internal/mediamtx/controller.go:997.2,1002.65 2 1
github.com/camerarecorder/mediamtx-camera-service-go/internal/mediamtx/controller.go:1006.103,1007.18 1 1
github.com/camerarecorder/mediamtx-camera-service-go/internal/mediamtx/controller.go:1007.18,1009.3 1 0
github.com/camerarecorder/mediamtx-camera-service-go/internal/mediamtx/controller.go:1011.2,1016.63 2 1
github.com/camerarecorder/mediamtx-camera-service-go/internal/mediamtx/controller.go:1020.100,1021.18 1 1
github.com/camerarecorder/mediamtx-camera-service-go/internal/mediamtx/controller.go:1021.18,1023.3 1 0
github.com/camerarecorder/mediamtx-camera-service-go/internal/mediamtx/controller.go:1025.2,1027.59 2 1
github.com/camerarecorder/mediamtx-camera-service-go/internal/mediamtx/controller.go:1031.99,1032.18 1 1
github.com/camerarecorder/mediamtx-camera-service-go/internal/mediamtx/controller.go:1032.18,1034.3 1 0
github.com/camerarecorder/mediamtx-camera-service-go/internal/mediamtx/controller.go:1036.2,1038.57 2 1
github.com/camerarecorder/mediamtx-camera-service-go/internal/mediamtx/controller.go:1042.82,1043.18 1 1
github.com/camerarecorder/mediamtx-camera-service-go/internal/mediamtx/controller.go:1043.18,1045.3 1 0
github.com/camerarecorder/mediamtx-camera-service-go/internal/mediamtx/controller.go:1047.2,1049.58 2 1
github.com/camerarecorder/mediamtx-camera-service-go/internal/mediamtx/controller.go:1053.81,1054.18 1 1
github.com/camerarecorder/mediamtx-camera-service-go/internal/mediamtx/controller.go:1054.18,1056.3 1 0
github.com/camerarecorder/mediamtx-camera-service-go/internal/mediamtx/controller.go:1058.2,1060.60 2 1
github.com/camerarecorder/mediamtx-camera-service-go/internal/mediamtx/controller.go:1064.73,1066.2 1 1
github.com/camerarecorder/mediamtx-camera-service-go/internal/mediamtx/errors.go:33.40,34.21 1 1
github.com/camerarecorder/mediamtx-camera-service-go/internal/mediamtx/errors.go:34.21,36.3 1 1
github.com/camerarecorder/mediamtx-camera-service-go/internal/mediamtx/errors.go:37.2,37.66 1 1
github.com/camerarecorder/mediamtx-camera-service-go/internal/mediamtx/errors.go:40.40,42.2 1 1
github.com/camerarecorder/mediamtx-camera-service-go/internal/mediamtx/errors.go:51.46,53.2 1 1
github.com/camerarecorder/mediamtx-camera-service-go/internal/mediamtx/errors.go:63.38,65.2 1 1
github.com/camerarecorder/mediamtx-camera-service-go/internal/mediamtx/errors.go:67.38,69.2 1 1
github.com/camerarecorder/mediamtx-camera-service-go/internal/mediamtx/errors.go:79.36,81.2 1 1
github.com/camerarecorder/mediamtx-camera-service-go/internal/mediamtx/errors.go:83.36,85.2 1 1
github.com/camerarecorder/mediamtx-camera-service-go/internal/mediamtx/errors.go:96.41,98.2 1 1
github.com/camerarecorder/mediamtx-camera-service-go/internal/mediamtx/errors.go:100.41,102.2 1 1
github.com/camerarecorder/mediamtx-camera-service-go/internal/mediamtx/errors.go:154.40,156.2 1 1
github.com/camerarecorder/mediamtx-camera-service-go/internal/mediamtx/errors.go:158.40,160.2 1 0
github.com/camerarecorder/mediamtx-camera-service-go/internal/mediamtx/errors.go:162.44,164.2 1 1
github.com/camerarecorder/mediamtx-camera-service-go/internal/mediamtx/errors.go:166.46,168.2 1 1
github.com/camerarecorder/mediamtx-camera-service-go/internal/mediamtx/errors.go:170.53,172.2 1 1
github.com/camerarecorder/mediamtx-camera-service-go/internal/mediamtx/errors.go:174.53,176.2 1 1
github.com/camerarecorder/mediamtx-camera-service-go/internal/mediamtx/errors.go:178.38,180.2 1 1
github.com/camerarecorder/mediamtx-camera-service-go/internal/mediamtx/errors.go:182.38,184.2 1 0
github.com/camerarecorder/mediamtx-camera-service-go/internal/mediamtx/errors.go:194.45,196.2 1 1
github.com/camerarecorder/mediamtx-camera-service-go/internal/mediamtx/errors.go:198.45,200.2 1 0
github.com/camerarecorder/mediamtx-camera-service-go/internal/mediamtx/errors.go:255.73,261.2 1 0
github.com/camerarecorder/mediamtx-camera-service-go/internal/mediamtx/errors.go:264.83,271.2 1 1
github.com/camerarecorder/mediamtx-camera-service-go/internal/mediamtx/errors.go:274.75,278.20 3 1
github.com/camerarecorder/mediamtx-camera-service-go/internal/mediamtx/errors.go:279.31,280.34 1 0
github.com/camerarecorder/mediamtx-camera-service-go/internal/mediamtx/errors.go:281.28,282.31 1 0
github.com/camerarecorder/mediamtx-camera-service-go/internal/mediamtx/errors.go:283.27,284.33 1 1
github.com/camerarecorder/mediamtx-camera-service-go/internal/mediamtx/errors.go:285.27,286.32 1 0
github.com/camerarecorder/mediamtx-camera-service-go/internal/mediamtx/errors.go:287.38,288.36 1 0
github.com/camerarecorder/mediamtx-camera-service-go/internal/mediamtx/errors.go:289.29,290.26 1 0
github.com/camerarecorder/mediamtx-camera-service-go/internal/mediamtx/errors.go:291.37,292.34 1 0
github.com/camerarecorder/mediamtx-camera-service-go/internal/mediamtx/errors.go:293.33,294.30 1 0
github.com/camerarecorder/mediamtx-camera-service-go/internal/mediamtx/errors.go:297.2,301.3 1 1
github.com/camerarecorder/mediamtx-camera-service-go/internal/mediamtx/errors.go:305.64,311.2 1 0
github.com/camerarecorder/mediamtx-camera-service-go/internal/mediamtx/errors.go:314.82,321.2 1 1
github.com/camerarecorder/mediamtx-camera-service-go/internal/mediamtx/errors.go:324.60,330.2 1 1
github.com/camerarecorder/mediamtx-camera-service-go/internal/mediamtx/errors.go:333.78,340.2 1 1
github.com/camerarecorder/mediamtx-camera-service-go/internal/mediamtx/errors.go:343.79,350.2 1 1
github.com/camerarecorder/mediamtx-camera-service-go/internal/mediamtx/errors.go:353.97,361.2 1 0
github.com/camerarecorder/mediamtx-camera-service-go/internal/mediamtx/errors.go:364.72,371.2 1 1
github.com/camerarecorder/mediamtx-camera-service-go/internal/mediamtx/errors.go:374.90,382.2 1 1
github.com/camerarecorder/mediamtx-camera-service-go/internal/mediamtx/errors.go:387.132,398.2 1 1
github.com/camerarecorder/mediamtx-camera-service-go/internal/mediamtx/errors.go:401.48,402.16 1 1
github.com/camerarecorder/mediamtx-camera-service-go/internal/mediamtx/errors.go:402.16,404.3 1 0
github.com/camerarecorder/mediamtx-camera-service-go/internal/mediamtx/errors.go:407.2,407.9 1 1
github.com/camerarecorder/mediamtx-camera-service-go/internal/mediamtx/errors.go:408.46,409.84 1 0
github.com/camerarecorder/mediamtx-camera-service-go/internal/mediamtx/errors.go:410.42,411.86 1 0
github.com/camerarecorder/mediamtx-camera-service-go/internal/mediamtx/errors.go:412.47,413.86 1 0
github.com/camerarecorder/mediamtx-camera-service-go/internal/mediamtx/errors.go:414.44,415.86 1 0
github.com/camerarecorder/mediamtx-camera-service-go/internal/mediamtx/errors.go:416.41,417.88 1 0
github.com/camerarecorder/mediamtx-camera-service-go/internal/mediamtx/errors.go:418.42,419.83 1 0
github.com/camerarecorder/mediamtx-camera-service-go/internal/mediamtx/errors.go:420.46,421.83 1 0
github.com/camerarecorder/mediamtx-camera-service-go/internal/mediamtx/errors.go:422.38,423.87 1 1
github.com/camerarecorder/mediamtx-camera-service-go/internal/mediamtx/errors.go:424.10,427.10 2 0
github.com/camerarecorder/mediamtx-camera-service-go/internal/mediamtx/errors.go:428.36,429.87 1 0
github.com/camerarecorder/mediamtx-camera-service-go/internal/mediamtx/errors.go:430.38,431.89 1 0
github.com/camerarecorder/mediamtx-camera-service-go/internal/mediamtx/errors.go:432.39,433.87 1 0
github.com/camerarecorder/mediamtx-camera-service-go/internal/mediamtx/errors.go:434.36,435.85 1 0
github.com/camerarecorder/mediamtx-camera-service-go/internal/mediamtx/errors.go:436.36,437.91 1 0
github.com/camerarecorder/mediamtx-camera-service-go/internal/mediamtx/errors.go:438.11,439.87 1 0
github.com/camerarecorder/mediamtx-camera-service-go/internal/mediamtx/errors.go:445.38,447.2 1 0
github.com/camerarecorder/mediamtx-camera-service-go/internal/mediamtx/errors.go:450.61,451.18 1 1
github.com/camerarecorder/mediamtx-camera-service-go/internal/mediamtx/errors.go:452.28,453.81 1 0
github.com/camerarecorder/mediamtx-camera-service-go/internal/mediamtx/errors.go:454.28,455.81 1 0
github.com/camerarecorder/mediamtx-camera-service-go/internal/mediamtx/errors.go:456.29,457.78 1 0
github.com/camerarecorder/mediamtx-camera-service-go/internal/mediamtx/errors.go:458.27,459.69 1 0
github.com/camerarecorder/mediamtx-camera-service-go/internal/mediamtx/errors.go:460.29,461.78 1 0
github.com/camerarecorder/mediamtx-camera-service-go/internal/mediamtx/errors.go:462.31,463.80 1 0
github.com/camerarecorder/mediamtx-camera-service-go/internal/mediamtx/errors.go:464.29,465.83 1 1
github.com/camerarecorder/mediamtx-camera-service-go/internal/mediamtx/errors.go:466.10,467.51 1 0
github.com/camerarecorder/mediamtx-camera-service-go/internal/mediamtx/errors.go:472.34,473.49 1 0
github.com/camerarecorder/mediamtx-camera-service-go/internal/mediamtx/errors.go:473.49,475.3 1 0
github.com/camerarecorder/mediamtx-camera-service-go/internal/mediamtx/errors.go:478.2,482.33 1 0
github.com/camerarecorder/mediamtx-camera-service-go/internal/mediamtx/errors.go:486.57,489.49 2 1
github.com/camerarecorder/mediamtx-camera-service-go/internal/mediamtx/errors.go:489.49,496.40 7 1
github.com/camerarecorder/mediamtx-camera-service-go/internal/mediamtx/errors.go:496.40,498.4 1 0
github.com/camerarecorder/mediamtx-camera-service-go/internal/mediamtx/errors.go:502.2,505.17 3 1
github.com/camerarecorder/mediamtx-camera-service-go/internal/mediamtx/errors.go:509.78,515.2 1 1
github.com/camerarecorder/mediamtx-camera-service-go/internal/mediamtx/errors.go:518.96,525.2 1 1
github.com/camerarecorder/mediamtx-camera-service-go/internal/mediamtx/errors.go:528.38,531.2 2 0
github.com/camerarecorder/mediamtx-camera-service-go/internal/mediamtx/errors.go:534.36,537.2 2 0
github.com/camerarecorder/mediamtx-camera-service-go/internal/mediamtx/errors.go:540.34,543.2 2 0
github.com/camerarecorder/mediamtx-camera-service-go/internal/mediamtx/errors.go:546.39,549.2 2 0
github.com/camerarecorder/mediamtx-camera-service-go/internal/mediamtx/errors.go:552.36,555.2 2 0
github.com/camerarecorder/mediamtx-camera-service-go/internal/mediamtx/errors.go:558.43,561.2 2 0
github.com/camerarecorder/mediamtx-camera-service-go/internal/mediamtx/errors.go:564.44,567.2 2 0
github.com/camerarecorder/mediamtx-camera-service-go/internal/mediamtx/ffmpeg_manager.go:82.84,84.56 1 1
github.com/camerarecorder/mediamtx-camera-service-go/internal/mediamtx/ffmpeg_manager.go:84.56,86.3 1 1
github.com/camerarecorder/mediamtx-camera-service-go/internal/mediamtx/ffmpeg_manager.go:87.2,87.50 1 1
github.com/camerarecorder/mediamtx-camera-service-go/internal/mediamtx/ffmpeg_manager.go:87.50,89.3 1 1
github.com/camerarecorder/mediamtx-camera-service-go/internal/mediamtx/ffmpeg_manager.go:90.2,90.49 1 1
github.com/camerarecorder/mediamtx-camera-service-go/internal/mediamtx/ffmpeg_manager.go:90.49,92.3 1 1
github.com/camerarecorder/mediamtx-camera-service-go/internal/mediamtx/ffmpeg_manager.go:93.2,93.47 1 1
github.com/camerarecorder/mediamtx-camera-service-go/internal/mediamtx/ffmpeg_manager.go:93.47,95.3 1 1
github.com/camerarecorder/mediamtx-camera-service-go/internal/mediamtx/ffmpeg_manager.go:96.2,96.44 1 1
github.com/camerarecorder/mediamtx-camera-service-go/internal/mediamtx/ffmpeg_manager.go:96.44,98.3 1 1
github.com/camerarecorder/mediamtx-camera-service-go/internal/mediamtx/ffmpeg_manager.go:100.2,100.57 1 1
github.com/camerarecorder/mediamtx-camera-service-go/internal/mediamtx/ffmpeg_manager.go:100.57,102.3 1 1
github.com/camerarecorder/mediamtx-camera-service-go/internal/mediamtx/ffmpeg_manager.go:103.2,103.51 1 1
github.com/camerarecorder/mediamtx-camera-service-go/internal/mediamtx/ffmpeg_manager.go:103.51,105.3 1 1
github.com/camerarecorder/mediamtx-camera-service-go/internal/mediamtx/ffmpeg_manager.go:106.2,106.50 1 1
github.com/camerarecorder/mediamtx-camera-service-go/internal/mediamtx/ffmpeg_manager.go:106.50,108.3 1 1
github.com/camerarecorder/mediamtx-camera-service-go/internal/mediamtx/ffmpeg_manager.go:109.2,109.48 1 1
github.com/camerarecorder/mediamtx-camera-service-go/internal/mediamtx/ffmpeg_manager.go:109.48,111.3 1 1
github.com/camerarecorder/mediamtx-camera-service-go/internal/mediamtx/ffmpeg_manager.go:112.2,112.45 1 1
github.com/camerarecorder/mediamtx-camera-service-go/internal/mediamtx/ffmpeg_manager.go:112.45,114.3 1 1
github.com/camerarecorder/mediamtx-camera-service-go/internal/mediamtx/ffmpeg_manager.go:117.2,117.51 1 1
github.com/camerarecorder/mediamtx-camera-service-go/internal/mediamtx/ffmpeg_manager.go:117.51,124.3 1 1
github.com/camerarecorder/mediamtx-camera-service-go/internal/mediamtx/ffmpeg_manager.go:126.2,126.45 1 1
github.com/camerarecorder/mediamtx-camera-service-go/internal/mediamtx/ffmpeg_manager.go:126.45,137.3 1 1
github.com/camerarecorder/mediamtx-camera-service-go/internal/mediamtx/ffmpeg_manager.go:139.2,139.60 1 1
github.com/camerarecorder/mediamtx-camera-service-go/internal/mediamtx/ffmpeg_manager.go:139.60,141.3 1 1
github.com/camerarecorder/mediamtx-camera-service-go/internal/mediamtx/ffmpeg_manager.go:142.2,142.51 1 1
github.com/camerarecorder/mediamtx-camera-service-go/internal/mediamtx/ffmpeg_manager.go:142.51,144.3 1 1
github.com/camerarecorder/mediamtx-camera-service-go/internal/mediamtx/ffmpeg_manager.go:145.2,145.66 1 1
github.com/camerarecorder/mediamtx-camera-service-go/internal/mediamtx/ffmpeg_manager.go:145.66,147.3 1 1
github.com/camerarecorder/mediamtx-camera-service-go/internal/mediamtx/ffmpeg_manager.go:148.2,148.61 1 1
github.com/camerarecorder/mediamtx-camera-service-go/internal/mediamtx/ffmpeg_manager.go:148.61,150.3 1 1
github.com/camerarecorder/mediamtx-camera-service-go/internal/mediamtx/ffmpeg_manager.go:152.2,159.3 1 1
github.com/camerarecorder/mediamtx-camera-service-go/internal/mediamtx/ffmpeg_manager.go:163.110,170.23 2 1
github.com/camerarecorder/mediamtx-camera-service-go/internal/mediamtx/ffmpeg_manager.go:170.23,172.3 1 1
github.com/camerarecorder/mediamtx-camera-service-go/internal/mediamtx/ffmpeg_manager.go:174.2,174.41 1 1
github.com/camerarecorder/mediamtx-camera-service-go/internal/mediamtx/ffmpeg_manager.go:174.41,176.3 1 1
github.com/camerarecorder/mediamtx-camera-service-go/internal/mediamtx/ffmpeg_manager.go:179.2,180.53 2 1
github.com/camerarecorder/mediamtx-camera-service-go/internal/mediamtx/ffmpeg_manager.go:180.53,182.3 1 0
github.com/camerarecorder/mediamtx-camera-service-go/internal/mediamtx/ffmpeg_manager.go:185.2,197.36 3 1
github.com/camerarecorder/mediamtx-camera-service-go/internal/mediamtx/ffmpeg_manager.go:197.36,199.3 1 1
github.com/camerarecorder/mediamtx-camera-service-go/internal/mediamtx/ffmpeg_manager.go:202.2,219.25 8 1
github.com/camerarecorder/mediamtx-camera-service-go/internal/mediamtx/ffmpeg_manager.go:223.74,228.13 4 1
github.com/camerarecorder/mediamtx-camera-service-go/internal/mediamtx/ffmpeg_manager.go:228.13,231.3 2 1
github.com/camerarecorder/mediamtx-camera-service-go/internal/mediamtx/ffmpeg_manager.go:232.2,241.54 4 0
github.com/camerarecorder/mediamtx-camera-service-go/internal/mediamtx/ffmpeg_manager.go:241.54,243.3 1 0
github.com/camerarecorder/mediamtx-camera-service-go/internal/mediamtx/ffmpeg_manager.go:243.8,243.58 1 0
github.com/camerarecorder/mediamtx-camera-service-go/internal/mediamtx/ffmpeg_manager.go:243.58,245.3 1 0
github.com/camerarecorder/mediamtx-camera-service-go/internal/mediamtx/ffmpeg_manager.go:245.8,247.3 1 0
github.com/camerarecorder/mediamtx-camera-service-go/internal/mediamtx/ffmpeg_manager.go:250.2,259.12 5 0
github.com/camerarecorder/mediamtx-camera-service-go/internal/mediamtx/ffmpeg_manager.go:263.105,274.74 4 0
github.com/camerarecorder/mediamtx-camera-service-go/internal/mediamtx/ffmpeg_manager.go:274.74,277.3 2 0
github.com/camerarecorder/mediamtx-camera-service-go/internal/mediamtx/ffmpeg_manager.go:280.2,281.68 2 0
github.com/camerarecorder/mediamtx-camera-service-go/internal/mediamtx/ffmpeg_manager.go:281.68,287.3 2 0
github.com/camerarecorder/mediamtx-camera-service-go/internal/mediamtx/ffmpeg_manager.go:287.8,293.13 4 0
github.com/camerarecorder/mediamtx-camera-service-go/internal/mediamtx/ffmpeg_manager.go:293.13,295.4 1 0
github.com/camerarecorder/mediamtx-camera-service-go/internal/mediamtx/ffmpeg_manager.go:297.3,297.10 1 0
github.com/camerarecorder/mediamtx-camera-service-go/internal/mediamtx/ffmpeg_manager.go:298.22,299.18 1 0
github.com/camerarecorder/mediamtx-camera-service-go/internal/mediamtx/ffmpeg_manager.go:299.18,304.5 1 0
github.com/camerarecorder/mediamtx-camera-service-go/internal/mediamtx/ffmpeg_manager.go:305.4,305.60 1 0
github.com/camerarecorder/mediamtx-camera-service-go/internal/mediamtx/ffmpeg_manager.go:306.41,312.73 2 0
github.com/camerarecorder/mediamtx-camera-service-go/internal/mediamtx/ffmpeg_manager.go:317.2,317.75 1 0
github.com/camerarecorder/mediamtx-camera-service-go/internal/mediamtx/ffmpeg_manager.go:317.75,319.52 2 0
github.com/camerarecorder/mediamtx-camera-service-go/internal/mediamtx/ffmpeg_manager.go:319.52,325.4 2 0
github.com/camerarecorder/mediamtx-camera-service-go/internal/mediamtx/ffmpeg_manager.go:325.9,331.14 4 0
github.com/camerarecorder/mediamtx-camera-service-go/internal/mediamtx/ffmpeg_manager.go:331.14,333.5 1 0
github.com/camerarecorder/mediamtx-camera-service-go/internal/mediamtx/ffmpeg_manager.go:335.4,335.11 1 0
github.com/camerarecorder/mediamtx-camera-service-go/internal/mediamtx/ffmpeg_manager.go:336.23,337.19 1 0
github.com/camerarecorder/mediamtx-camera-service-go/internal/mediamtx/ffmpeg_manager.go:337.19,342.6 1 0
github.com/camerarecorder/mediamtx-camera-service-go/internal/mediamtx/ffmpeg_manager.go:343.5,343.58 1 0
github.com/camerarecorder/mediamtx-camera-service-go/internal/mediamtx/ffmpeg_manager.go:344.35,350.73 2 0
github.com/camerarecorder/mediamtx-camera-service-go/internal/mediamtx/ffmpeg_manager.go:356.2,367.15 6 0
github.com/camerarecorder/mediamtx-camera-service-go/internal/mediamtx/ffmpeg_manager.go:371.78,376.13 4 1
github.com/camerarecorder/mediamtx-camera-service-go/internal/mediamtx/ffmpeg_manager.go:376.13,378.3 1 1
github.com/camerarecorder/mediamtx-camera-service-go/internal/mediamtx/ffmpeg_manager.go:381.2,381.32 1 0
github.com/camerarecorder/mediamtx-camera-service-go/internal/mediamtx/ffmpeg_manager.go:381.32,383.3 1 0
github.com/camerarecorder/mediamtx-camera-service-go/internal/mediamtx/ffmpeg_manager.go:386.2,386.70 1 0
github.com/camerarecorder/mediamtx-camera-service-go/internal/mediamtx/ffmpeg_manager.go:386.70,388.3 1 0
github.com/camerarecorder/mediamtx-camera-service-go/internal/mediamtx/ffmpeg_manager.go:390.2,390.36 1 0
github.com/camerarecorder/mediamtx-camera-service-go/internal/mediamtx/ffmpeg_manager.go:394.129,402.37 2 1
github.com/camerarecorder/mediamtx-camera-service-go/internal/mediamtx/ffmpeg_manager.go:402.37,404.3 1 1
github.com/camerarecorder/mediamtx-camera-service-go/internal/mediamtx/ffmpeg_manager.go:406.2,406.41 1 1
github.com/camerarecorder/mediamtx-camera-service-go/internal/mediamtx/ffmpeg_manager.go:406.41,408.3 1 1
github.com/camerarecorder/mediamtx-camera-service-go/internal/mediamtx/ffmpeg_manager.go:411.2,415.16 3 1
github.com/camerarecorder/mediamtx-camera-service-go/internal/mediamtx/ffmpeg_manager.go:415.16,417.3 1 0
github.com/camerarecorder/mediamtx-camera-service-go/internal/mediamtx/ffmpeg_manager.go:419.2,425.17 2 1
github.com/camerarecorder/mediamtx-camera-service-go/internal/mediamtx/ffmpeg_manager.go:429.76,433.2 2 1
github.com/camerarecorder/mediamtx-camera-service-go/internal/mediamtx/ffmpeg_manager.go:436.93,447.15 4 1
github.com/camerarecorder/mediamtx-camera-service-go/internal/mediamtx/ffmpeg_manager.go:447.15,450.3 2 1
github.com/camerarecorder/mediamtx-camera-service-go/internal/mediamtx/ffmpeg_manager.go:453.2,457.53 3 1
github.com/camerarecorder/mediamtx-camera-service-go/internal/mediamtx/ffmpeg_manager.go:457.53,459.3 1 0
github.com/camerarecorder/mediamtx-camera-service-go/internal/mediamtx/ffmpeg_manager.go:462.2,462.113 1 1
github.com/camerarecorder/mediamtx-camera-service-go/internal/mediamtx/ffmpeg_manager.go:466.136,473.30 5 1
github.com/camerarecorder/mediamtx-camera-service-go/internal/mediamtx/ffmpeg_manager.go:474.22,478.42 4 1
github.com/camerarecorder/mediamtx-camera-service-go/internal/mediamtx/ffmpeg_manager.go:479.23,483.42 4 0
github.com/camerarecorder/mediamtx-camera-service-go/internal/mediamtx/ffmpeg_manager.go:484.10,489.37 4 0
github.com/camerarecorder/mediamtx-camera-service-go/internal/mediamtx/ffmpeg_manager.go:492.2,495.56 3 1
github.com/camerarecorder/mediamtx-camera-service-go/internal/mediamtx/ffmpeg_manager.go:495.56,510.37 4 1
github.com/camerarecorder/mediamtx-camera-service-go/internal/mediamtx/ffmpeg_manager.go:510.37,518.31 4 0
github.com/camerarecorder/mediamtx-camera-service-go/internal/mediamtx/ffmpeg_manager.go:518.31,526.13 4 0
github.com/camerarecorder/mediamtx-camera-service-go/internal/mediamtx/ffmpeg_manager.go:528.4,528.18 1 0
github.com/camerarecorder/mediamtx-camera-service-go/internal/mediamtx/ffmpeg_manager.go:531.3,536.13 4 1
github.com/camerarecorder/mediamtx-camera-service-go/internal/mediamtx/ffmpeg_manager.go:536.13,538.4 1 1
github.com/camerarecorder/mediamtx-camera-service-go/internal/mediamtx/ffmpeg_manager.go:540.3,540.10 1 1
github.com/camerarecorder/mediamtx-camera-service-go/internal/mediamtx/ffmpeg_manager.go:541.22,543.18 2 1
github.com/camerarecorder/mediamtx-camera-service-go/internal/mediamtx/ffmpeg_manager.go:543.18,549.5 2 0
github.com/camerarecorder/mediamtx-camera-service-go/internal/mediamtx/ffmpeg_manager.go:550.4,554.38 2 1
github.com/camerarecorder/mediamtx-camera-service-go/internal/mediamtx/ffmpeg_manager.go:556.25,565.41 4 0
github.com/camerarecorder/mediamtx-camera-service-go/internal/mediamtx/ffmpeg_manager.go:568.3,568.30 1 1
github.com/camerarecorder/mediamtx-camera-service-go/internal/mediamtx/ffmpeg_manager.go:568.30,576.4 3 1
github.com/camerarecorder/mediamtx-camera-service-go/internal/mediamtx/ffmpeg_manager.go:579.2,579.16 1 1
github.com/camerarecorder/mediamtx-camera-service-go/internal/mediamtx/ffmpeg_manager.go:583.100,594.22 6 1
github.com/camerarecorder/mediamtx-camera-service-go/internal/mediamtx/ffmpeg_manager.go:594.22,596.3 1 0
github.com/camerarecorder/mediamtx-camera-service-go/internal/mediamtx/ffmpeg_manager.go:598.2,598.14 1 1
github.com/camerarecorder/mediamtx-camera-service-go/internal/mediamtx/ffmpeg_manager.go:602.108,607.13 4 1
github.com/camerarecorder/mediamtx-camera-service-go/internal/mediamtx/ffmpeg_manager.go:607.13,613.3 2 1
github.com/camerarecorder/mediamtx-camera-service-go/internal/mediamtx/ffmpeg_manager.go:615.2,618.16 3 1
github.com/camerarecorder/mediamtx-camera-service-go/internal/mediamtx/ffmpeg_manager.go:618.16,620.3 1 1
github.com/camerarecorder/mediamtx-camera-service-go/internal/mediamtx/ffmpeg_manager.go:620.8,622.3 1 0
github.com/camerarecorder/mediamtx-camera-service-go/internal/mediamtx/ffmpeg_manager.go:625.2,625.34 1 1
github.com/camerarecorder/mediamtx-camera-service-go/internal/mediamtx/ffmpeg_manager.go:625.34,627.3 1 1
github.com/camerarecorder/mediamtx-camera-service-go/internal/mediamtx/ffmpeg_manager.go:627.8,632.3 3 0
github.com/camerarecorder/mediamtx-camera-service-go/internal/mediamtx/ffmpeg_manager.go:634.2,642.42 1 1
github.com/camerarecorder/mediamtx-camera-service-go/internal/mediamtx/ffmpeg_manager.go:646.89,654.50 3 1
github.com/camerarecorder/mediamtx-camera-service-go/internal/mediamtx/ffmpeg_manager.go:654.50,656.3 1 0
github.com/camerarecorder/mediamtx-camera-service-go/internal/mediamtx/ffmpeg_manager.go:659.2,659.52 1 1
github.com/camerarecorder/mediamtx-camera-service-go/internal/mediamtx/ffmpeg_manager.go:659.52,661.3 1 1
github.com/camerarecorder/mediamtx-camera-service-go/internal/mediamtx/ffmpeg_manager.go:663.2,668.12 2 0
github.com/camerarecorder/mediamtx-camera-service-go/internal/mediamtx/ffmpeg_manager.go:672.98,677.16 3 1
github.com/camerarecorder/mediamtx-camera-service-go/internal/mediamtx/ffmpeg_manager.go:677.16,679.3 1 1
github.com/camerarecorder/mediamtx-camera-service-go/internal/mediamtx/ffmpeg_manager.go:681.2,681.41 1 1
github.com/camerarecorder/mediamtx-camera-service-go/internal/mediamtx/ffmpeg_manager.go:685.111,694.17 5 1
github.com/camerarecorder/mediamtx-camera-service-go/internal/mediamtx/ffmpeg_manager.go:694.17,696.3 1 0
github.com/camerarecorder/mediamtx-camera-service-go/internal/mediamtx/ffmpeg_manager.go:697.2,701.18 3 1
github.com/camerarecorder/mediamtx-camera-service-go/internal/mediamtx/ffmpeg_manager.go:701.18,703.3 1 1
github.com/camerarecorder/mediamtx-camera-service-go/internal/mediamtx/ffmpeg_manager.go:704.2,708.15 3 1
github.com/camerarecorder/mediamtx-camera-service-go/internal/mediamtx/ffmpeg_manager.go:708.15,710.3 1 1
github.com/camerarecorder/mediamtx-camera-service-go/internal/mediamtx/ffmpeg_manager.go:711.2,715.18 3 1
github.com/camerarecorder/mediamtx-camera-service-go/internal/mediamtx/ffmpeg_manager.go:715.18,717.3 1 0
github.com/camerarecorder/mediamtx-camera-service-go/internal/mediamtx/ffmpeg_manager.go:718.2,723.16 3 1
github.com/camerarecorder/mediamtx-camera-service-go/internal/mediamtx/ffmpeg_manager.go:727.128,739.2 3 0
github.com/camerarecorder/mediamtx-camera-service-go/internal/mediamtx/ffmpeg_manager.go:742.116,752.34 4 0
github.com/camerarecorder/mediamtx-camera-service-go/internal/mediamtx/ffmpeg_manager.go:752.34,754.3 1 0
github.com/camerarecorder/mediamtx-camera-service-go/internal/mediamtx/ffmpeg_manager.go:757.2,757.30 1 0
github.com/camerarecorder/mediamtx-camera-service-go/internal/mediamtx/ffmpeg_manager.go:757.30,759.3 1 0
github.com/camerarecorder/mediamtx-camera-service-go/internal/mediamtx/ffmpeg_manager.go:762.2,770.16 4 0
github.com/camerarecorder/mediamtx-camera-service-go/internal/mediamtx/ffmpeg_manager.go:774.99,783.29 5 0
github.com/camerarecorder/mediamtx-camera-service-go/internal/mediamtx/ffmpeg_manager.go:783.29,789.3 1 0
github.com/camerarecorder/mediamtx-camera-service-go/internal/mediamtx/ffmpeg_manager.go:789.8,794.3 1 0
github.com/camerarecorder/mediamtx-camera-service-go/internal/mediamtx/ffmpeg_manager.go:797.2,797.30 1 0
github.com/camerarecorder/mediamtx-camera-service-go/internal/mediamtx/ffmpeg_manager.go:797.30,799.3 1 0
github.com/camerarecorder/mediamtx-camera-service-go/internal/mediamtx/ffmpeg_manager.go:801.2,801.15 1 0
github.com/camerarecorder/mediamtx-camera-service-go/internal/mediamtx/ffmpeg_manager.go:805.61,817.34 6 0
github.com/camerarecorder/mediamtx-camera-service-go/internal/mediamtx/ffmpeg_manager.go:817.34,825.3 2 0
github.com/camerarecorder/mediamtx-camera-service-go/internal/mediamtx/ffmpeg_manager.go:827.2,832.12 2 0
github.com/camerarecorder/mediamtx-camera-service-go/internal/mediamtx/ffmpeg_manager.go:836.83,850.2 6 1
github.com/camerarecorder/mediamtx-camera-service-go/internal/mediamtx/ffmpeg_manager.go:853.65,859.16 3 1
github.com/camerarecorder/mediamtx-camera-service-go/internal/mediamtx/ffmpeg_manager.go:859.16,862.3 2 1
github.com/camerarecorder/mediamtx-camera-service-go/internal/mediamtx/ffmpeg_manager.go:862.8,864.3 1 1
github.com/camerarecorder/mediamtx-camera-service-go/internal/mediamtx/ffmpeg_manager.go:867.2,869.23 3 1
github.com/camerarecorder/mediamtx-camera-service-go/internal/mediamtx/ffmpeg_manager.go:873.64,884.2 5 1
github.com/camerarecorder/mediamtx-camera-service-go/internal/mediamtx/health_monitor.go:36.39,37.11 1 1
github.com/camerarecorder/mediamtx-camera-service-go/internal/mediamtx/health_monitor.go:38.21,39.18 1 0
github.com/camerarecorder/mediamtx-camera-service-go/internal/mediamtx/health_monitor.go:40.23,41.21 1 0
github.com/camerarecorder/mediamtx-camera-service-go/internal/mediamtx/health_monitor.go:42.19,43.16 1 1
github.com/camerarecorder/mediamtx-camera-service-go/internal/mediamtx/health_monitor.go:44.10,45.19 1 0
github.com/camerarecorder/mediamtx-camera-service-go/internal/mediamtx/health_monitor.go:91.107,111.2 2 1
github.com/camerarecorder/mediamtx-camera-service-go/internal/mediamtx/health_monitor.go:114.58,118.15 3 1
github.com/camerarecorder/mediamtx-camera-service-go/internal/mediamtx/health_monitor.go:118.15,120.3 1 1
github.com/camerarecorder/mediamtx-camera-service-go/internal/mediamtx/health_monitor.go:122.2,128.12 5 1
github.com/camerarecorder/mediamtx-camera-service-go/internal/mediamtx/health_monitor.go:132.57,136.16 3 1
github.com/camerarecorder/mediamtx-camera-service-go/internal/mediamtx/health_monitor.go:136.16,138.3 1 1
github.com/camerarecorder/mediamtx-camera-service-go/internal/mediamtx/health_monitor.go:140.2,146.9 4 1
github.com/camerarecorder/mediamtx-camera-service-go/internal/mediamtx/health_monitor.go:147.20,147.20 0 1
github.com/camerarecorder/mediamtx-camera-service-go/internal/mediamtx/health_monitor.go:149.10,150.20 1 1
github.com/camerarecorder/mediamtx-camera-service-go/internal/mediamtx/health_monitor.go:153.2,155.12 2 1
github.com/camerarecorder/mediamtx-camera-service-go/internal/mediamtx/health_monitor.go:159.50,164.33 3 1
github.com/camerarecorder/mediamtx-camera-service-go/internal/mediamtx/health_monitor.go:164.33,170.3 1 1
github.com/camerarecorder/mediamtx-camera-service-go/internal/mediamtx/health_monitor.go:172.2,172.23 1 0
github.com/camerarecorder/mediamtx-camera-service-go/internal/mediamtx/health_monitor.go:176.42,181.2 3 1
github.com/camerarecorder/mediamtx-camera-service-go/internal/mediamtx/health_monitor.go:184.46,189.2 3 1
github.com/camerarecorder/mediamtx-camera-service-go/internal/mediamtx/health_monitor.go:192.41,202.31 6 1
github.com/camerarecorder/mediamtx-camera-service-go/internal/mediamtx/health_monitor.go:202.31,209.3 3 0
github.com/camerarecorder/mediamtx-camera-service-go/internal/mediamtx/health_monitor.go:210.2,213.58 2 1
github.com/camerarecorder/mediamtx-camera-service-go/internal/mediamtx/health_monitor.go:213.58,216.3 2 1
github.com/camerarecorder/mediamtx-camera-service-go/internal/mediamtx/health_monitor.go:220.41,239.42 8 1
github.com/camerarecorder/mediamtx-camera-service-go/internal/mediamtx/health_monitor.go:239.42,240.31 1 1
github.com/camerarecorder/mediamtx-camera-service-go/internal/mediamtx/health_monitor.go:240.31,258.4 6 1
github.com/camerarecorder/mediamtx-camera-service-go/internal/mediamtx/health_monitor.go:262.2,262.37 1 1
github.com/camerarecorder/mediamtx-camera-service-go/internal/mediamtx/health_monitor.go:262.37,269.3 3 1
github.com/camerarecorder/mediamtx-camera-service-go/internal/mediamtx/health_monitor.go:273.39,279.6 4 1
github.com/camerarecorder/mediamtx-camera-service-go/internal/mediamtx/health_monitor.go:279.6,280.10 1 1
github.com/camerarecorder/mediamtx-camera-service-go/internal/mediamtx/health_monitor.go:281.23,282.10 1 1
github.com/camerarecorder/mediamtx-camera-service-go/internal/mediamtx/health_monitor.go:283.21,284.10 1 1
github.com/camerarecorder/mediamtx-camera-service-go/internal/mediamtx/health_monitor.go:285.19,286.26 1 0
github.com/camerarecorder/mediamtx-camera-service-go/internal/mediamtx/health_monitor.go:292.46,298.33 4 0
github.com/camerarecorder/mediamtx-camera-service-go/internal/mediamtx/health_monitor.go:298.33,299.56 1 0
github.com/camerarecorder/mediamtx-camera-service-go/internal/mediamtx/health_monitor.go:299.56,301.4 1 0
github.com/camerarecorder/mediamtx-camera-service-go/internal/mediamtx/health_monitor.go:304.3,305.29 2 0
github.com/camerarecorder/mediamtx-camera-service-go/internal/mediamtx/health_monitor.go:305.29,308.4 2 0
github.com/camerarecorder/mediamtx-camera-service-go/internal/mediamtx/health_monitor.go:309.3,309.24 1 0
github.com/camerarecorder/mediamtx-camera-service-go/internal/mediamtx/health_monitor.go:313.2,323.16 7 0
github.com/camerarecorder/mediamtx-camera-service-go/internal/mediamtx/health_monitor.go:323.16,331.3 3 0
github.com/camerarecorder/mediamtx-camera-service-go/internal/mediamtx/health_monitor.go:331.8,338.3 3 0
github.com/camerarecorder/mediamtx-camera-service-go/internal/mediamtx/health_monitor.go:342.68,352.22 5 0
github.com/camerarecorder/mediamtx-camera-service-go/internal/mediamtx/health_monitor.go:352.22,354.3 1 0
github.com/camerarecorder/mediamtx-camera-service-go/internal/mediamtx/health_monitor.go:356.2,356.14 1 0
github.com/camerarecorder/mediamtx-camera-service-go/internal/mediamtx/health_monitor.go:360.66,362.23 1 0
github.com/camerarecorder/mediamtx-camera-service-go/internal/mediamtx/health_monitor.go:362.23,364.3 1 0
github.com/camerarecorder/mediamtx-camera-service-go/internal/mediamtx/health_monitor.go:367.2,367.39 1 0
github.com/camerarecorder/mediamtx-camera-service-go/internal/mediamtx/health_monitor.go:367.39,369.3 1 0
github.com/camerarecorder/mediamtx-camera-service-go/internal/mediamtx/health_monitor.go:372.2,372.26 1 0
github.com/camerarecorder/mediamtx-camera-service-go/internal/mediamtx/health_monitor.go:372.26,374.9 2 0
github.com/camerarecorder/mediamtx-camera-service-go/internal/mediamtx/health_monitor.go:374.9,376.57 1 0
github.com/camerarecorder/mediamtx-camera-service-go/internal/mediamtx/health_monitor.go:376.57,378.5 1 0
github.com/camerarecorder/mediamtx-camera-service-go/internal/mediamtx/health_monitor.go:382.2,382.13 1 0
github.com/camerarecorder/mediamtx-camera-service-go/internal/mediamtx/health_monitor.go:386.72,389.65 2 0
github.com/camerarecorder/mediamtx-camera-service-go/internal/mediamtx/health_monitor.go:389.65,391.24 1 0
github.com/camerarecorder/mediamtx-camera-service-go/internal/mediamtx/health_monitor.go:391.24,397.4 1 0
github.com/camerarecorder/mediamtx-camera-service-go/internal/mediamtx/health_monitor.go:400.3,401.17 2 0
github.com/camerarecorder/mediamtx-camera-service-go/internal/mediamtx/health_monitor.go:401.17,404.4 2 0
github.com/camerarecorder/mediamtx-camera-service-go/internal/mediamtx/health_monitor.go:406.3,410.35 3 0
github.com/camerarecorder/mediamtx-camera-service-go/internal/mediamtx/health_monitor.go:410.35,411.9 1 0
github.com/camerarecorder/mediamtx-camera-service-go/internal/mediamtx/health_monitor.go:415.3,424.10 3 0
github.com/camerarecorder/mediamtx-camera-service-go/internal/mediamtx/health_monitor.go:425.23,426.22 1 0
github.com/camerarecorder/mediamtx-camera-service-go/internal/mediamtx/health_monitor.go:427.28,428.12 1 0
github.com/camerarecorder/mediamtx-camera-service-go/internal/mediamtx/health_monitor.go:432.2,432.16 1 0
github.com/camerarecorder/mediamtx-camera-service-go/internal/mediamtx/health_monitor.go:436.61,466.42 4 1
github.com/camerarecorder/mediamtx-camera-service-go/internal/mediamtx/health_monitor.go:466.42,468.3 1 0
github.com/camerarecorder/mediamtx-camera-service-go/internal/mediamtx/health_monitor.go:470.2,470.16 1 1
github.com/camerarecorder/mediamtx-camera-service-go/internal/mediamtx/health_monitor.go:474.83,478.19 2 0
github.com/camerarecorder/mediamtx-camera-service-go/internal/mediamtx/health_monitor.go:478.19,480.3 1 0
github.com/camerarecorder/mediamtx-camera-service-go/internal/mediamtx/health_monitor.go:480.8,482.3 1 0
github.com/camerarecorder/mediamtx-camera-service-go/internal/mediamtx/health_monitor.go:485.2,485.23 1 0
github.com/camerarecorder/mediamtx-camera-service-go/internal/mediamtx/health_monitor.go:485.23,487.3 1 0
github.com/camerarecorder/mediamtx-camera-service-go/internal/mediamtx/health_monitor.go:487.8,489.3 1 0
github.com/camerarecorder/mediamtx-camera-service-go/internal/mediamtx/health_monitor.go:492.2,495.21 2 0
github.com/camerarecorder/mediamtx-camera-service-go/internal/mediamtx/health_monitor.go:495.21,497.3 1 0
github.com/camerarecorder/mediamtx-camera-service-go/internal/mediamtx/health_monitor.go:497.8,499.3 1 0
github.com/camerarecorder/mediamtx-camera-service-go/internal/mediamtx/health_monitor.go:501.2,501.24 1 0
github.com/camerarecorder/mediamtx-camera-service-go/internal/mediamtx/health_monitor.go:505.58,530.2 8 0
github.com/camerarecorder/mediamtx-camera-service-go/internal/mediamtx/health_monitor.go:535.73,539.18 2 0
github.com/camerarecorder/mediamtx-camera-service-go/internal/mediamtx/health_monitor.go:539.18,541.3 1 0
github.com/camerarecorder/mediamtx-camera-service-go/internal/mediamtx/health_monitor.go:542.2,546.16 4 0
github.com/camerarecorder/mediamtx-camera-service-go/internal/mediamtx/health_monitor.go:546.16,552.3 1 0
github.com/camerarecorder/mediamtx-camera-service-go/internal/mediamtx/health_monitor.go:555.2,559.8 1 0
github.com/camerarecorder/mediamtx-camera-service-go/internal/mediamtx/health_monitor.go:563.55,568.30 4 0
github.com/camerarecorder/mediamtx-camera-service-go/internal/mediamtx/health_monitor.go:568.30,570.3 1 0
github.com/camerarecorder/mediamtx-camera-service-go/internal/mediamtx/health_monitor.go:570.8,570.35 1 0
github.com/camerarecorder/mediamtx-camera-service-go/internal/mediamtx/health_monitor.go:570.35,572.3 1 0
github.com/camerarecorder/mediamtx-camera-service-go/internal/mediamtx/health_monitor.go:572.8,572.39 1 0
github.com/camerarecorder/mediamtx-camera-service-go/internal/mediamtx/health_monitor.go:572.39,574.3 1 0
github.com/camerarecorder/mediamtx-camera-service-go/internal/mediamtx/health_monitor.go:576.2,580.3 1 0
github.com/camerarecorder/mediamtx-camera-service-go/internal/mediamtx/path_integration.go:45.163,54.2 1 1
github.com/camerarecorder/mediamtx-camera-service-go/internal/mediamtx/path_integration.go:57.61,64.62 3 0
github.com/camerarecorder/mediamtx-camera-service-go/internal/mediamtx/path_integration.go:64.62,66.3 1 0
github.com/camerarecorder/mediamtx-camera-service-go/internal/mediamtx/path_integration.go:68.2,69.12 2 0
github.com/camerarecorder/mediamtx-camera-service-go/internal/mediamtx/path_integration.go:73.60,78.39 3 0
github.com/camerarecorder/mediamtx-camera-service-go/internal/mediamtx/path_integration.go:78.39,79.66 1 0
github.com/camerarecorder/mediamtx-camera-service-go/internal/mediamtx/path_integration.go:79.66,81.4 1 0
github.com/camerarecorder/mediamtx-camera-service-go/internal/mediamtx/path_integration.go:83.2,86.12 3 0
github.com/camerarecorder/mediamtx-camera-service-go/internal/mediamtx/path_integration.go:90.90,95.13 3 1
github.com/camerarecorder/mediamtx-camera-service-go/internal/mediamtx/path_integration.go:95.13,97.3 1 1
github.com/camerarecorder/mediamtx-camera-service-go/internal/mediamtx/path_integration.go:100.2,104.60 3 0
github.com/camerarecorder/mediamtx-camera-service-go/internal/mediamtx/path_integration.go:104.60,111.3 3 0
github.com/camerarecorder/mediamtx-camera-service-go/internal/mediamtx/path_integration.go:112.2,116.16 3 0
github.com/camerarecorder/mediamtx-camera-service-go/internal/mediamtx/path_integration.go:116.16,118.3 1 0
github.com/camerarecorder/mediamtx-camera-service-go/internal/mediamtx/path_integration.go:121.2,128.35 2 0
github.com/camerarecorder/mediamtx-camera-service-go/internal/mediamtx/path_integration.go:128.35,131.33 3 0
github.com/camerarecorder/mediamtx-camera-service-go/internal/mediamtx/path_integration.go:131.33,133.4 1 0
github.com/camerarecorder/mediamtx-camera-service-go/internal/mediamtx/path_integration.go:137.2,137.82 1 0
github.com/camerarecorder/mediamtx-camera-service-go/internal/mediamtx/path_integration.go:137.82,139.3 1 0
github.com/camerarecorder/mediamtx-camera-service-go/internal/mediamtx/path_integration.go:142.2,159.12 8 0
github.com/camerarecorder/mediamtx-camera-service-go/internal/mediamtx/path_integration.go:163.90,169.13 4 1
github.com/camerarecorder/mediamtx-camera-service-go/internal/mediamtx/path_integration.go:169.13,173.3 3 1
github.com/camerarecorder/mediamtx-camera-service-go/internal/mediamtx/path_integration.go:174.2,177.65 2 0
github.com/camerarecorder/mediamtx-camera-service-go/internal/mediamtx/path_integration.go:177.65,179.3 1 0
github.com/camerarecorder/mediamtx-camera-service-go/internal/mediamtx/path_integration.go:182.2,195.12 8 0
github.com/camerarecorder/mediamtx-camera-service-go/internal/mediamtx/path_integration.go:199.75,205.2 4 0
github.com/camerarecorder/mediamtx-camera-service-go/internal/mediamtx/path_integration.go:208.54,213.38 4 0
github.com/camerarecorder/mediamtx-camera-service-go/internal/mediamtx/path_integration.go:213.38,215.3 1 0
github.com/camerarecorder/mediamtx-camera-service-go/internal/mediamtx/path_integration.go:217.2,217.14 1 0
github.com/camerarecorder/mediamtx-camera-service-go/internal/mediamtx/path_integration.go:221.70,225.6 3 0
github.com/camerarecorder/mediamtx-camera-service-go/internal/mediamtx/path_integration.go:225.6,226.10 1 0
github.com/camerarecorder/mediamtx-camera-service-go/internal/mediamtx/path_integration.go:227.21,228.10 1 0
github.com/camerarecorder/mediamtx-camera-service-go/internal/mediamtx/path_integration.go:229.19,230.31 1 0
github.com/camerarecorder/mediamtx-camera-service-go/internal/mediamtx/path_integration.go:236.69,242.42 3 0
github.com/camerarecorder/mediamtx-camera-service-go/internal/mediamtx/path_integration.go:242.42,246.35 2 0
github.com/camerarecorder/mediamtx-camera-service-go/internal/mediamtx/path_integration.go:246.35,251.16 4 0
github.com/camerarecorder/mediamtx-camera-service-go/internal/mediamtx/path_integration.go:251.16,253.67 1 0
github.com/camerarecorder/mediamtx-camera-service-go/internal/mediamtx/path_integration.go:253.67,255.6 1 0
github.com/camerarecorder/mediamtx-camera-service-go/internal/mediamtx/path_integration.go:261.2,262.37 2 0
github.com/camerarecorder/mediamtx-camera-service-go/internal/mediamtx/path_integration.go:262.37,263.30 1 0
github.com/camerarecorder/mediamtx-camera-service-go/internal/mediamtx/path_integration.go:263.30,265.62 1 0
github.com/camerarecorder/mediamtx-camera-service-go/internal/mediamtx/path_integration.go:265.62,267.5 1 0
github.com/camerarecorder/mediamtx-camera-service-go/internal/mediamtx/path_integration.go:270.2,270.28 1 0
github.com/camerarecorder/mediamtx-camera-service-go/internal/mediamtx/path_integration.go:274.85,277.42 2 0
github.com/camerarecorder/mediamtx-camera-service-go/internal/mediamtx/path_integration.go:277.42,278.35 1 0
github.com/camerarecorder/mediamtx-camera-service-go/internal/mediamtx/path_integration.go:278.35,279.66 1 0
github.com/camerarecorder/mediamtx-camera-service-go/internal/mediamtx/path_integration.go:279.66,281.5 1 0
github.com/camerarecorder/mediamtx-camera-service-go/internal/mediamtx/path_integration.go:285.2,285.12 1 0
github.com/camerarecorder/mediamtx-camera-service-go/internal/mediamtx/path_integration.go:289.67,295.45 2 0
github.com/camerarecorder/mediamtx-camera-service-go/internal/mediamtx/path_integration.go:295.45,297.3 1 0
github.com/camerarecorder/mediamtx-camera-service-go/internal/mediamtx/path_integration.go:300.2,302.17 2 0
github.com/camerarecorder/mediamtx-camera-service-go/internal/mediamtx/path_integration.go:306.95,308.2 1 0
github.com/camerarecorder/mediamtx-camera-service-go/internal/mediamtx/path_integration.go:311.85,313.2 1 0
github.com/camerarecorder/mediamtx-camera-service-go/internal/mediamtx/path_manager.go:32.103,38.2 1 1
github.com/camerarecorder/mediamtx-camera-service-go/internal/mediamtx/path_manager.go:41.115,49.16 2 1
github.com/camerarecorder/mediamtx-camera-service-go/internal/mediamtx/path_manager.go:49.16,51.3 1 1
github.com/camerarecorder/mediamtx-camera-service-go/internal/mediamtx/path_manager.go:54.2,54.18 1 1
github.com/camerarecorder/mediamtx-camera-service-go/internal/mediamtx/path_manager.go:54.18,56.3 1 1
github.com/camerarecorder/mediamtx-camera-service-go/internal/mediamtx/path_manager.go:59.2,65.64 2 1
github.com/camerarecorder/mediamtx-camera-service-go/internal/mediamtx/path_manager.go:65.64,67.3 1 0
github.com/camerarecorder/mediamtx-camera-service-go/internal/mediamtx/path_manager.go:68.2,68.76 1 1
github.com/camerarecorder/mediamtx-camera-service-go/internal/mediamtx/path_manager.go:68.76,69.63 1 0
github.com/camerarecorder/mediamtx-camera-service-go/internal/mediamtx/path_manager.go:69.63,71.4 1 0
github.com/camerarecorder/mediamtx-camera-service-go/internal/mediamtx/path_manager.go:73.2,73.72 1 1
github.com/camerarecorder/mediamtx-camera-service-go/internal/mediamtx/path_manager.go:73.72,74.61 1 0
github.com/camerarecorder/mediamtx-camera-service-go/internal/mediamtx/path_manager.go:74.61,76.4 1 0
github.com/camerarecorder/mediamtx-camera-service-go/internal/mediamtx/path_manager.go:78.2,78.60 1 1
github.com/camerarecorder/mediamtx-camera-service-go/internal/mediamtx/path_manager.go:78.60,80.3 1 0
github.com/camerarecorder/mediamtx-camera-service-go/internal/mediamtx/path_manager.go:81.2,81.60 1 1
github.com/camerarecorder/mediamtx-camera-service-go/internal/mediamtx/path_manager.go:81.60,83.3 1 0
github.com/camerarecorder/mediamtx-camera-service-go/internal/mediamtx/path_manager.go:84.2,84.54 1 1
github.com/camerarecorder/mediamtx-camera-service-go/internal/mediamtx/path_manager.go:84.54,86.3 1 0
github.com/camerarecorder/mediamtx-camera-service-go/internal/mediamtx/path_manager.go:87.2,87.54 1 1
github.com/camerarecorder/mediamtx-camera-service-go/internal/mediamtx/path_manager.go:87.54,89.3 1 0
github.com/camerarecorder/mediamtx-camera-service-go/internal/mediamtx/path_manager.go:90.2,90.60 1 1
github.com/camerarecorder/mediamtx-camera-service-go/internal/mediamtx/path_manager.go:90.60,92.3 1 0
github.com/camerarecorder/mediamtx-camera-service-go/internal/mediamtx/path_manager.go:93.2,93.72 1 1
[...]
github.com/camerarecorder/mediamtx-camera-service-go/internal/mediamtx/snapshot_manager.go:412.8,412.95 1 1
github.com/camerarecorder/mediamtx-camera-service-go/internal/mediamtx/snapshot_manager.go:412.95,414.3 1 1
github.com/camerarecorder/mediamtx-camera-service-go/internal/mediamtx/snapshot_manager.go:414.8,416.3 1 0
github.com/camerarecorder/mediamtx-camera-service-go/internal/mediamtx/snapshot_manager.go:420.118,423.2 1 0
github.com/camerarecorder/mediamtx-camera-service-go/internal/mediamtx/snapshot_manager.go:426.77,432.2 4 1
github.com/camerarecorder/mediamtx-camera-service-go/internal/mediamtx/snapshot_manager.go:435.56,440.40 4 1
github.com/camerarecorder/mediamtx-camera-service-go/internal/mediamtx/snapshot_manager.go:440.40,442.3 1 1
github.com/camerarecorder/mediamtx-camera-service-go/internal/mediamtx/snapshot_manager.go:444.2,444.18 1 1
github.com/camerarecorder/mediamtx-camera-service-go/internal/mediamtx/snapshot_manager.go:448.89,453.13 4 1
github.com/camerarecorder/mediamtx-camera-service-go/internal/mediamtx/snapshot_manager.go:453.13,456.3 2 1
github.com/camerarecorder/mediamtx-camera-service-go/internal/mediamtx/snapshot_manager.go:459.2,463.53 3 0
github.com/camerarecorder/mediamtx-camera-service-go/internal/mediamtx/snapshot_manager.go:463.53,465.3 1 0
github.com/camerarecorder/mediamtx-camera-service-go/internal/mediamtx/snapshot_manager.go:467.2,472.12 2 0
github.com/camerarecorder/mediamtx-camera-service-go/internal/mediamtx/snapshot_manager.go:476.111,487.40 5 1
github.com/camerarecorder/mediamtx-camera-service-go/internal/mediamtx/snapshot_manager.go:487.40,489.3 1 1
github.com/camerarecorder/mediamtx-camera-service-go/internal/mediamtx/snapshot_manager.go:492.2,492.44 1 1
github.com/camerarecorder/mediamtx-camera-service-go/internal/mediamtx/snapshot_manager.go:492.44,494.3 1 0
github.com/camerarecorder/mediamtx-camera-service-go/internal/mediamtx/snapshot_manager.go:497.2,498.37 2 1
github.com/camerarecorder/mediamtx-camera-service-go/internal/mediamtx/snapshot_manager.go:498.37,500.44 1 1
github.com/camerarecorder/mediamtx-camera-service-go/internal/mediamtx/snapshot_manager.go:500.44,501.67 1 0
github.com/camerarecorder/mediamtx-camera-service-go/internal/mediamtx/snapshot_manager.go:501.67,503.13 2 0
github.com/camerarecorder/mediamtx-camera-service-go/internal/mediamtx/snapshot_manager.go:505.4,506.18 2 0
github.com/camerarecorder/mediamtx-camera-service-go/internal/mediamtx/snapshot_manager.go:511.2,511.34 1 1
github.com/camerarecorder/mediamtx-camera-service-go/internal/mediamtx/snapshot_manager.go:511.34,513.58 2 0
github.com/camerarecorder/mediamtx-camera-service-go/internal/mediamtx/snapshot_manager.go:513.58,515.67 2 0
github.com/camerarecorder/mediamtx-camera-service-go/internal/mediamtx/snapshot_manager.go:515.67,517.13 2 0
github.com/camerarecorder/mediamtx-camera-service-go/internal/mediamtx/snapshot_manager.go:519.4,520.18 2 0
github.com/camerarecorder/mediamtx-camera-service-go/internal/mediamtx/snapshot_manager.go:524.2,525.12 2 1
github.com/camerarecorder/mediamtx-camera-service-go/internal/mediamtx/snapshot_manager.go:529.125,540.36 5 1
github.com/camerarecorder/mediamtx-camera-service-go/internal/mediamtx/snapshot_manager.go:541.21,543.79 2 1
github.com/camerarecorder/mediamtx-camera-service-go/internal/mediamtx/snapshot_manager.go:544.13,546.97 2 0
github.com/camerarecorder/mediamtx-camera-service-go/internal/mediamtx/snapshot_manager.go:547.10,549.79 2 0
github.com/camerarecorder/mediamtx-camera-service-go/internal/mediamtx/snapshot_manager.go:553.2,553.36 1 1
github.com/camerarecorder/mediamtx-camera-service-go/internal/mediamtx/snapshot_manager.go:553.36,557.3 2 1
github.com/camerarecorder/mediamtx-camera-service-go/internal/mediamtx/snapshot_manager.go:560.2,562.16 2 1
github.com/camerarecorder/mediamtx-camera-service-go/internal/mediamtx/snapshot_manager.go:566.83,569.35 2 1
github.com/camerarecorder/mediamtx-camera-service-go/internal/mediamtx/snapshot_manager.go:569.35,571.3 1 1
github.com/camerarecorder/mediamtx-camera-service-go/internal/mediamtx/snapshot_manager.go:574.2,579.42 3 1
github.com/camerarecorder/mediamtx-camera-service-go/internal/mediamtx/snapshot_manager.go:583.70,585.2 1 0
github.com/camerarecorder/mediamtx-camera-service-go/internal/mediamtx/snapshot_manager.go:588.68,590.2 1 1
github.com/camerarecorder/mediamtx-camera-service-go/internal/mediamtx/snapshot_manager.go:593.79,602.2 2 1
github.com/camerarecorder/mediamtx-camera-service-go/internal/mediamtx/snapshot_manager.go:605.112,613.24 3 1
github.com/camerarecorder/mediamtx-camera-service-go/internal/mediamtx/snapshot_manager.go:613.24,615.3 1 0
github.com/camerarecorder/mediamtx-camera-service-go/internal/mediamtx/snapshot_manager.go:618.2,618.57 1 1
github.com/camerarecorder/mediamtx-camera-service-go/internal/mediamtx/snapshot_manager.go:618.57,626.3 2 0
github.com/camerarecorder/mediamtx-camera-service-go/internal/mediamtx/snapshot_manager.go:629.2,630.16 2 1
github.com/camerarecorder/mediamtx-camera-service-go/internal/mediamtx/snapshot_manager.go:630.16,633.3 2 0
github.com/camerarecorder/mediamtx-camera-service-go/internal/mediamtx/snapshot_manager.go:636.2,637.32 2 1
github.com/camerarecorder/mediamtx-camera-service-go/internal/mediamtx/snapshot_manager.go:637.32,638.20 1 1
github.com/camerarecorder/mediamtx-camera-service-go/internal/mediamtx/snapshot_manager.go:638.20,639.12 1 0
github.com/camerarecorder/mediamtx-camera-service-go/internal/mediamtx/snapshot_manager.go:642.3,646.17 3 1
github.com/camerarecorder/mediamtx-camera-service-go/internal/mediamtx/snapshot_manager.go:646.17,648.12 2 0
github.com/camerarecorder/mediamtx-camera-service-go/internal/mediamtx/snapshot_manager.go:652.3,664.22 3 1
github.com/camerarecorder/mediamtx-camera-service-go/internal/mediamtx/snapshot_manager.go:664.22,670.4 1 1
github.com/camerarecorder/mediamtx-camera-service-go/internal/mediamtx/snapshot_manager.go:672.3,672.38 1 1
github.com/camerarecorder/mediamtx-camera-service-go/internal/mediamtx/snapshot_manager.go:676.2,676.40 1 1
github.com/camerarecorder/mediamtx-camera-service-go/internal/mediamtx/snapshot_manager.go:676.40,678.3 1 1
github.com/camerarecorder/mediamtx-camera-service-go/internal/mediamtx/snapshot_manager.go:681.2,684.25 4 1
github.com/camerarecorder/mediamtx-camera-service-go/internal/mediamtx/snapshot_manager.go:684.25,686.3 1 1
github.com/camerarecorder/mediamtx-camera-service-go/internal/mediamtx/snapshot_manager.go:687.2,687.27 1 1
github.com/camerarecorder/mediamtx-camera-service-go/internal/mediamtx/snapshot_manager.go:687.27,689.3 1 0
github.com/camerarecorder/mediamtx-camera-service-go/internal/mediamtx/snapshot_manager.go:691.2,703.8 3 1
github.com/camerarecorder/mediamtx-camera-service-go/internal/mediamtx/snapshot_manager.go:707.113,725.16 6 1
github.com/camerarecorder/mediamtx-camera-service-go/internal/mediamtx/snapshot_manager.go:725.16,728.3 2 0
github.com/camerarecorder/mediamtx-camera-service-go/internal/mediamtx/snapshot_manager.go:732.2,747.17 6 1
github.com/camerarecorder/mediamtx-camera-service-go/internal/mediamtx/snapshot_manager.go:751.105,755.20 2 1
github.com/camerarecorder/mediamtx-camera-service-go/internal/mediamtx/snapshot_manager.go:755.20,757.3 1 1
github.com/camerarecorder/mediamtx-camera-service-go/internal/mediamtx/snapshot_manager.go:760.2,761.24 2 1
github.com/camerarecorder/mediamtx-camera-service-go/internal/mediamtx/snapshot_manager.go:761.24,763.3 1 0
github.com/camerarecorder/mediamtx-camera-service-go/internal/mediamtx/snapshot_manager.go:766.2,770.24 3 1
github.com/camerarecorder/mediamtx-camera-service-go/internal/mediamtx/snapshot_manager.go:770.24,772.3 1 1
github.com/camerarecorder/mediamtx-camera-service-go/internal/mediamtx/snapshot_manager.go:773.2,773.16 1 1
github.com/camerarecorder/mediamtx-camera-service-go/internal/mediamtx/snapshot_manager.go:773.16,775.3 1 0
github.com/camerarecorder/mediamtx-camera-service-go/internal/mediamtx/snapshot_manager.go:778.2,778.22 1 1
github.com/camerarecorder/mediamtx-camera-service-go/internal/mediamtx/snapshot_manager.go:778.22,780.3 1 0
github.com/camerarecorder/mediamtx-camera-service-go/internal/mediamtx/snapshot_manager.go:783.2,792.26 3 1
github.com/camerarecorder/mediamtx-camera-service-go/internal/mediamtx/snapshot_manager.go:796.91,800.20 2 1
github.com/camerarecorder/mediamtx-camera-service-go/internal/mediamtx/snapshot_manager.go:800.20,802.3 1 1
github.com/camerarecorder/mediamtx-camera-service-go/internal/mediamtx/snapshot_manager.go:805.2,806.24 2 1
github.com/camerarecorder/mediamtx-camera-service-go/internal/mediamtx/snapshot_manager.go:806.24,808.3 1 0
github.com/camerarecorder/mediamtx-camera-service-go/internal/mediamtx/snapshot_manager.go:811.2,814.53 2 1
github.com/camerarecorder/mediamtx-camera-service-go/internal/mediamtx/snapshot_manager.go:814.53,816.3 1 1
github.com/camerarecorder/mediamtx-camera-service-go/internal/mediamtx/snapshot_manager.go:819.2,820.16 2 1
github.com/camerarecorder/mediamtx-camera-service-go/internal/mediamtx/snapshot_manager.go:820.16,822.3 1 0
github.com/camerarecorder/mediamtx-camera-service-go/internal/mediamtx/snapshot_manager.go:824.2,824.22 1 1
github.com/camerarecorder/mediamtx-camera-service-go/internal/mediamtx/snapshot_manager.go:824.22,826.3 1 0
github.com/camerarecorder/mediamtx-camera-service-go/internal/mediamtx/snapshot_manager.go:829.2,829.44 1 1
github.com/camerarecorder/mediamtx-camera-service-go/internal/mediamtx/snapshot_manager.go:829.44,832.3 2 0
github.com/camerarecorder/mediamtx-camera-service-go/internal/mediamtx/snapshot_manager.go:834.2,835.12 2 1
github.com/camerarecorder/mediamtx-camera-service-go/internal/mediamtx/stream_manager.go:35.107,64.2 2 1
github.com/camerarecorder/mediamtx-camera-service-go/internal/mediamtx/stream_manager.go:67.104,69.2 1 1
github.com/camerarecorder/mediamtx-camera-service-go/internal/mediamtx/stream_manager.go:72.102,74.2 1 1
github.com/camerarecorder/mediamtx-camera-service-go/internal/mediamtx/stream_manager.go:77.103,79.2 1 1
github.com/camerarecorder/mediamtx-camera-service-go/internal/mediamtx/stream_manager.go:82.128,84.58 1 1
github.com/camerarecorder/mediamtx-camera-service-go/internal/mediamtx/stream_manager.go:84.58,86.3 1 0
github.com/camerarecorder/mediamtx-camera-service-go/internal/mediamtx/stream_manager.go:89.2,93.13 3 1
github.com/camerarecorder/mediamtx-camera-service-go/internal/mediamtx/stream_manager.go:93.13,95.3 1 0
github.com/camerarecorder/mediamtx-camera-service-go/internal/mediamtx/stream_manager.go:98.2,111.16 4 1
github.com/camerarecorder/mediamtx-camera-service-go/internal/mediamtx/stream_manager.go:111.16,113.3 1 0
github.com/camerarecorder/mediamtx-camera-service-go/internal/mediamtx/stream_manager.go:116.2,117.16 2 1
github.com/camerarecorder/mediamtx-camera-service-go/internal/mediamtx/stream_manager.go:117.16,119.110 1 1
github.com/camerarecorder/mediamtx-camera-service-go/internal/mediamtx/stream_manager.go:119.110,130.4 3 1
github.com/camerarecorder/mediamtx-camera-service-go/internal/mediamtx/stream_manager.go:131.3,131.97 1 0
github.com/camerarecorder/mediamtx-camera-service-go/internal/mediamtx/stream_manager.go:135.2,135.28 1 0
github.com/camerarecorder/mediamtx-camera-service-go/internal/mediamtx/stream_manager.go:135.28,150.3 3 0
github.com/camerarecorder/mediamtx-camera-service-go/internal/mediamtx/stream_manager.go:153.2,154.16 2 0
github.com/camerarecorder/mediamtx-camera-service-go/internal/mediamtx/stream_manager.go:154.16,156.3 1 0
github.com/camerarecorder/mediamtx-camera-service-go/internal/mediamtx/stream_manager.go:158.2,164.20 2 0
github.com/camerarecorder/mediamtx-camera-service-go/internal/mediamtx/stream_manager.go:168.70,169.22 1 1
github.com/camerarecorder/mediamtx-camera-service-go/internal/mediamtx/stream_manager.go:169.22,171.3 1 0
github.com/camerarecorder/mediamtx-camera-service-go/internal/mediamtx/stream_manager.go:174.2,174.99 1 1
github.com/camerarecorder/mediamtx-camera-service-go/internal/mediamtx/stream_manager.go:174.99,176.3 1 0
github.com/camerarecorder/mediamtx-camera-service-go/internal/mediamtx/stream_manager.go:178.2,178.12 1 1
github.com/camerarecorder/mediamtx-camera-service-go/internal/mediamtx/stream_manager.go:182.94,188.44 4 1
github.com/camerarecorder/mediamtx-camera-service-go/internal/mediamtx/stream_manager.go:188.44,191.3 2 1
github.com/camerarecorder/mediamtx-camera-service-go/internal/mediamtx/stream_manager.go:191.8,193.3 1 0
github.com/camerarecorder/mediamtx-camera-service-go/internal/mediamtx/stream_manager.go:196.2,199.19 3 1
github.com/camerarecorder/mediamtx-camera-service-go/internal/mediamtx/stream_manager.go:203.83,208.2 1 1
github.com/camerarecorder/mediamtx-camera-service-go/internal/mediamtx/stream_manager.go:211.98,218.16 2 1
github.com/camerarecorder/mediamtx-camera-service-go/internal/mediamtx/stream_manager.go:218.16,220.3 1 1
github.com/camerarecorder/mediamtx-camera-service-go/internal/mediamtx/stream_manager.go:223.2,223.45 1 1
github.com/camerarecorder/mediamtx-camera-service-go/internal/mediamtx/stream_manager.go:223.45,232.17 3 1
github.com/camerarecorder/mediamtx-camera-service-go/internal/mediamtx/stream_manager.go:232.17,234.4 1 0
github.com/camerarecorder/mediamtx-camera-service-go/internal/mediamtx/stream_manager.go:237.3,238.17 2 1
github.com/camerarecorder/mediamtx-camera-service-go/internal/mediamtx/stream_manager.go:238.17,240.111 1 1
github.com/camerarecorder/mediamtx-camera-service-go/internal/mediamtx/stream_manager.go:240.111,251.5 3 1
github.com/camerarecorder/mediamtx-camera-service-go/internal/mediamtx/stream_manager.go:252.4,252.92 1 0
github.com/camerarecorder/mediamtx-camera-service-go/internal/mediamtx/stream_manager.go:256.3,256.29 1 0
github.com/camerarecorder/mediamtx-camera-service-go/internal/mediamtx/stream_manager.go:256.29,267.4 3 0
github.com/camerarecorder/mediamtx-camera-service-go/internal/mediamtx/stream_manager.go:270.3,271.17 2 0
github.com/camerarecorder/mediamtx-camera-service-go/internal/mediamtx/stream_manager.go:271.17,273.4 1 0
github.com/camerarecorder/mediamtx-camera-service-go/internal/mediamtx/stream_manager.go:275.3,276.21 2 0
github.com/camerarecorder/mediamtx-camera-service-go/internal/mediamtx/stream_manager.go:277.8,280.17 2 1
github.com/camerarecorder/mediamtx-camera-service-go/internal/mediamtx/stream_manager.go:280.17,282.4 1 0
github.com/camerarecorder/mediamtx-camera-service-go/internal/mediamtx/stream_manager.go:285.3,286.17 2 1
github.com/camerarecorder/mediamtx-camera-service-go/internal/mediamtx/stream_manager.go:286.17,288.111 1 1
github.com/camerarecorder/mediamtx-camera-service-go/internal/mediamtx/stream_manager.go:288.111,299.5 3 1
github.com/camerarecorder/mediamtx-camera-service-go/internal/mediamtx/stream_manager.go:300.4,300.92 1 1
github.com/camerarecorder/mediamtx-camera-service-go/internal/mediamtx/stream_manager.go:304.3,304.29 1 0
github.com/camerarecorder/mediamtx-camera-service-go/internal/mediamtx/stream_manager.go:304.29,315.4 3 0
github.com/camerarecorder/mediamtx-camera-service-go/internal/mediamtx/stream_manager.go:318.3,319.17 2 0
github.com/camerarecorder/mediamtx-camera-service-go/internal/mediamtx/stream_manager.go:319.17,321.4 1 0
github.com/camerarecorder/mediamtx-camera-service-go/internal/mediamtx/stream_manager.go:323.3,324.21 2 0
github.com/camerarecorder/mediamtx-camera-service-go/internal/mediamtx/stream_manager.go:329.132,338.13 3 0
github.com/camerarecorder/mediamtx-camera-service-go/internal/mediamtx/stream_manager.go:338.13,340.3 1 0
github.com/camerarecorder/mediamtx-camera-service-go/internal/mediamtx/stream_manager.go:343.2,344.32 2 0
github.com/camerarecorder/mediamtx-camera-service-go/internal/mediamtx/stream_manager.go:344.32,346.3 1 0
github.com/camerarecorder/mediamtx-camera-service-go/internal/mediamtx/stream_manager.go:350.2,367.49 3 0
github.com/camerarecorder/mediamtx-camera-service-go/internal/mediamtx/stream_manager.go:371.77,375.16 3 1
github.com/camerarecorder/mediamtx-camera-service-go/internal/mediamtx/stream_manager.go:375.16,377.3 1 1
github.com/camerarecorder/mediamtx-camera-service-go/internal/mediamtx/stream_manager.go:379.2,380.12 2 0
github.com/camerarecorder/mediamtx-camera-service-go/internal/mediamtx/stream_manager.go:384.85,388.16 3 1
github.com/camerarecorder/mediamtx-camera-service-go/internal/mediamtx/stream_manager.go:388.16,390.3 1 1
github.com/camerarecorder/mediamtx-camera-service-go/internal/mediamtx/stream_manager.go:392.2,393.16 2 1
github.com/camerarecorder/mediamtx-camera-service-go/internal/mediamtx/stream_manager.go:393.16,395.3 1 0
github.com/camerarecorder/mediamtx-camera-service-go/internal/mediamtx/stream_manager.go:397.2,397.20 1 1
github.com/camerarecorder/mediamtx-camera-service-go/internal/mediamtx/stream_manager.go:401.78,405.16 3 1
github.com/camerarecorder/mediamtx-camera-service-go/internal/mediamtx/stream_manager.go:405.16,407.3 1 1
github.com/camerarecorder/mediamtx-camera-service-go/internal/mediamtx/stream_manager.go:409.2,410.16 2 1
github.com/camerarecorder/mediamtx-camera-service-go/internal/mediamtx/stream_manager.go:410.16,412.3 1 0
github.com/camerarecorder/mediamtx-camera-service-go/internal/mediamtx/stream_manager.go:414.2,415.21 2 1
github.com/camerarecorder/mediamtx-camera-service-go/internal/mediamtx/stream_manager.go:419.78,424.16 3 1
github.com/camerarecorder/mediamtx-camera-service-go/internal/mediamtx/stream_manager.go:424.16,426.3 1 1
github.com/camerarecorder/mediamtx-camera-service-go/internal/mediamtx/stream_manager.go:428.2,433.12 2 1
github.com/camerarecorder/mediamtx-camera-service-go/internal/mediamtx/stream_manager.go:437.90,441.16 3 1
github.com/camerarecorder/mediamtx-camera-service-go/internal/mediamtx/stream_manager.go:441.16,443.3 1 1
github.com/camerarecorder/mediamtx-camera-service-go/internal/mediamtx/stream_manager.go:446.2,446.18 1 1
github.com/camerarecorder/mediamtx-camera-service-go/internal/mediamtx/stream_manager.go:446.18,448.3 1 0
github.com/camerarecorder/mediamtx-camera-service-go/internal/mediamtx/stream_manager.go:449.2,449.25 1 1
github.com/camerarecorder/mediamtx-camera-service-go/internal/mediamtx/stream_manager.go:453.124,461.16 3 0
github.com/camerarecorder/mediamtx-camera-service-go/internal/mediamtx/stream_manager.go:461.16,463.3 1 0
github.com/camerarecorder/mediamtx-camera-service-go/internal/mediamtx/stream_manager.go:466.2,473.61 2 0
github.com/camerarecorder/mediamtx-camera-service-go/internal/mediamtx/stream_manager.go:473.61,475.3 1 0
github.com/camerarecorder/mediamtx-camera-service-go/internal/mediamtx/stream_manager.go:478.2,478.43 1 0
github.com/camerarecorder/mediamtx-camera-service-go/internal/mediamtx/stream_manager.go:478.43,479.30 1 0
github.com/camerarecorder/mediamtx-camera-service-go/internal/mediamtx/stream_manager.go:479.30,480.18 1 0
github.com/camerarecorder/mediamtx-camera-service-go/internal/mediamtx/stream_manager.go:480.18,483.5 2 0
github.com/camerarecorder/mediamtx-camera-service-go/internal/mediamtx/stream_manager.go:484.4,485.21 2 0
github.com/camerarecorder/mediamtx-camera-service-go/internal/mediamtx/stream_manager.go:489.2,489.61 1 0
github.com/camerarecorder/mediamtx-camera-service-go/internal/mediamtx/stream_manager.go:493.126,507.6 6 0
github.com/camerarecorder/mediamtx-camera-service-go/internal/mediamtx/stream_manager.go:507.6,508.10 1 0
github.com/camerarecorder/mediamtx-camera-service-go/internal/mediamtx/stream_manager.go:509.28,510.89 1 0
github.com/camerarecorder/mediamtx-camera-service-go/internal/mediamtx/stream_manager.go:511.19,513.18 2 0
github.com/camerarecorder/mediamtx-camera-service-go/internal/mediamtx/stream_manager.go:513.18,515.13 2 0
github.com/camerarecorder/mediamtx-camera-service-go/internal/mediamtx/stream_manager.go:517.4,517.13 1 0
github.com/camerarecorder/mediamtx-camera-service-go/internal/mediamtx/stream_manager.go:517.13,520.5 2 0
