src/camera_service/logging_config.py:19: error: Skipping analyzing "camera_service.config": module is installed, but missing library stubs or py.typed marker  [import-untyped]
src/camera_service/logging_config.py:171: error: Incompatible default for argument "development_mode" (default has type "None", argument has type "bool")  [assignment]
src/camera_service/logging_config.py:171: note: PEP 484 prohibits implicit Optional. Accordingly, mypy has changed its default to no_implicit_optional=True
src/camera_service/logging_config.py:171: note: Use https://github.com/hauntsaninja/no_implicit_optional to automatically upgrade your codebase
src/camera_service/logging_config.py:218: error: Incompatible types in assignment (expression has type "JsonFormatter", variable has type "ConsoleFormatter")  [assignment]
src/camera_service/logging_config.py:238: error: Incompatible types in assignment (expression has type "FileHandler", variable has type "RotatingFileHandler")  [assignment]
src/camera_service/logging_config.py:248: error: Incompatible types in assignment (expression has type "JsonFormatter", variable has type "ConsoleFormatter")  [assignment]
src/camera_service/config.py:9: error: Library stubs not installed for "yaml"  [import-untyped]
src/camera_service/config.py:9: note: Hint: "python3 -m pip install types-PyYAML"
src/camera_service/config.py:9: note: (or run "mypy --install-types" to install all missing stub packages)
src/camera_service/config.py:19: error: Library stubs not installed for "jsonschema"  [import-untyped]
src/camera_service/config.py:19: note: Hint: "python3 -m pip install types-jsonschema"
src/camera_service/config.py:123: note: By default the bodies of untyped functions are not checked, consider using --check-untyped-defs  [annotation-unchecked]
src/camera_service/config.py:124: note: By default the bodies of untyped functions are not checked, consider using --check-untyped-defs  [annotation-unchecked]
src/camera_service/config.py:125: note: By default the bodies of untyped functions are not checked, consider using --check-untyped-defs  [annotation-unchecked]
src/camera_service/config.py:126: note: By default the bodies of untyped functions are not checked, consider using --check-untyped-defs  [annotation-unchecked]
src/camera_service/config.py:130: error: Incompatible default for argument "config_path" (default has type "None", argument has type "str")  [assignment]
src/camera_service/config.py:130: note: PEP 484 prohibits implicit Optional. Accordingly, mypy has changed its default to no_implicit_optional=True
src/camera_service/config.py:130: note: Use https://github.com/hauntsaninja/no_implicit_optional to automatically upgrade your codebase
src/camera_service/config.py:912: error: Incompatible default for argument "config_path" (default has type "None", argument has type "str")  [assignment]
src/camera_service/config.py:912: note: PEP 484 prohibits implicit Optional. Accordingly, mypy has changed its default to no_implicit_optional=True
src/camera_service/config.py:912: note: Use https://github.com/hauntsaninja/no_implicit_optional to automatically upgrade your codebase
src/camera_service/service_manager.py:17: error: Skipping analyzing "mediamtx_wrapper.controller": module is installed, but missing library stubs or py.typed marker  [import-untyped]
src/camera_service/service_manager.py:18: error: Skipping analyzing "camera_discovery.hybrid_monitor": module is installed, but missing library stubs or py.typed marker  [import-untyped]
src/camera_service/service_manager.py:23: error: Skipping analyzing "websocket_server.server": module is installed, but missing library stubs or py.typed marker  [import-untyped]
src/camera_service/service_manager.py:843: error: "None" has no attribute "add_event_handler"  [attr-defined]
src/camera_service/service_manager.py:846: error: "None" has no attribute "start"  [attr-defined]
src/camera_discovery/hybrid_monitor.py:22: error: Cannot find implementation or library stub for module named "src.common.types"  [import-not-found]
src/camera_discovery/hybrid_monitor.py:22: note: See https://mypy.readthedocs.io/en/stable/running_mypy.html#missing-imports
src/camera_discovery/hybrid_monitor.py:26: error: Cannot find implementation or library stub for module named "pyudev"  [import-not-found]
src/camera_discovery/hybrid_monitor.py:60: error: Incompatible types in assignment (expression has type "None", variable has type "list[dict[str, Any]]")  [assignment]
src/camera_discovery/hybrid_monitor.py:61: error: Incompatible types in assignment (expression has type "None", variable has type "list[str]")  [assignment]
src/camera_discovery/hybrid_monitor.py:62: error: Incompatible types in assignment (expression has type "None", variable has type "list[str]")  [assignment]
src/camera_discovery/hybrid_monitor.py:66: error: Incompatible types in assignment (expression has type "None", variable has type "dict[str, Any]")  [assignment]
src/camera_discovery/hybrid_monitor.py:92: error: Incompatible types in assignment (expression has type "None", variable has type "list[dict[str, Any]]")  [assignment]
src/camera_discovery/hybrid_monitor.py:95: error: Incompatible types in assignment (expression has type "None", variable has type "dict[str, int]")  [assignment]
src/camera_discovery/hybrid_monitor.py:96: error: Incompatible types in assignment (expression has type "None", variable has type "dict[str, int]")  [assignment]
src/camera_discovery/hybrid_monitor.py:97: error: Incompatible types in assignment (expression has type "None", variable has type "dict[str, int]")  [assignment]
src/camera_discovery/hybrid_monitor.py:148: error: Incompatible default for argument "device_range" (default has type "None", argument has type "list[int]")  [assignment]
src/camera_discovery/hybrid_monitor.py:148: note: PEP 484 prohibits implicit Optional. Accordingly, mypy has changed its default to no_implicit_optional=True
src/camera_discovery/hybrid_monitor.py:148: note: Use https://github.com/hauntsaninja/no_implicit_optional to automatically upgrade your codebase
src/camera_discovery/hybrid_monitor.py:1148: error: Need type annotation for "rate_frequency" (hint: "rate_frequency: dict[<type>, <type>] = ...")  [var-annotated]
src/camera_discovery/hybrid_monitor.py:1854: error: Need type annotation for "formats" (hint: "formats: list[<type>] = ...")  [var-annotated]
src/camera_discovery/hybrid_monitor.py:1855: error: Need type annotation for "resolutions" (hint: "resolutions: set[<type>] = ...")  [var-annotated]
src/camera_service/main.py:23: error: Cannot find implementation or library stub for module named "importlib_metadata"  [import-not-found]
src/camera_service/main.py:23: error: Name "version" already defined (possibly by an import)  [no-redef]
src/camera_service/main.py:23: error: Name "PackageNotFoundError" already defined (possibly by an import)  [no-redef]
src/camera_service/main.py:43: note: By default the bodies of untyped functions are not checked, consider using --check-untyped-defs  [annotation-unchecked]
src/camera_service/main.py:44: note: By default the bodies of untyped functions are not checked, consider using --check-untyped-defs  [annotation-unchecked]
src/camera_service/main.py:77: error: Item "None" of "Logger | None" has no attribute "info"  [union-attr]
src/websocket_server/server.py:15: error: Module "websockets.server" has no attribute "WebSocketServerProtocol"; maybe "ServerProtocol"?  [attr-defined]
src/websocket_server/server.py:18: error: Skipping analyzing "camera_service.logging_config": module is installed, but missing library stubs or py.typed marker  [import-untyped]
src/websocket_server/server.py:165: error: Incompatible types in assignment (expression has type "Server", variable has type "None")  [assignment]
src/websocket_server/server.py:166: error: Argument 1 to "serve" has incompatible type "Callable[[Any, str], Coroutine[Any, Any, None]]"; expected "Callable[[ServerConnection], Awaitable[None]]"  [arg-type]
src/websocket_server/server.py:177: error: Argument "process_request" to "serve" has incompatible type "Callable[[str, Any], Coroutine[Any, Any, tuple[Any, ...] | None]]"; expected "Callable[[ServerConnection, Request], Awaitable[Response | None] | Response | None] | None"  [arg-type]
src/mediamtx_wrapper/controller.py:20: error: Skipping analyzing "camera_service.logging_config": module is installed, but missing library stubs or py.typed marker  [import-untyped]
src/mediamtx_wrapper/controller.py:1244: error: Value of type "object" is not indexable  [index]
src/mediamtx_wrapper/controller.py:1246: error: Value of type "object" is not indexable  [index]
src/mediamtx_wrapper/controller.py:1251: error: Unsupported right operand type for in ("object")  [operator]
src/mediamtx_wrapper/controller.py:1251: error: Value of type "object" is not indexable  [index]
src/mediamtx_wrapper/controller.py:1253: error: Value of type "object" is not indexable  [index]
src/mediamtx_wrapper/controller.py:1257: error: Unsupported right operand type for in ("object")  [operator]
src/mediamtx_wrapper/controller.py:1259: error: Value of type "object" is not indexable  [index]
src/mediamtx_wrapper/controller.py:1262: error: Value of type "object" is not indexable  [index]
src/mediamtx_wrapper/controller.py:1266: error: Unsupported right operand type for in ("object")  [operator]
src/mediamtx_wrapper/controller.py:1268: error: Value of type "object" is not indexable  [index]
src/mediamtx_wrapper/controller.py:1271: error: Value of type "object" is not indexable  [index]
src/mediamtx_wrapper/controller.py:1275: error: Unsupported right operand type for in ("object")  [operator]
src/mediamtx_wrapper/controller.py:1278: error: Value of type "object" is not indexable  [index]
src/mediamtx_wrapper/controller.py:1469: error: Incompatible types in assignment (expression has type "float", variable has type "int")  [assignment]
src/mediamtx_wrapper/controller.py:1498: error: Incompatible types in assignment (expression has type "float", variable has type "int")  [assignment]
src/mediamtx_wrapper/controller.py:1533: error: Incompatible types in assignment (expression has type "float", variable has type "int")  [assignment]
Found 54 errors in 7 files (checked 14 source files)
