/usr/lib/python3/dist-packages/pytest_asyncio/plugin.py:207: PytestDeprecationWarning: The configuration option "asyncio_default_fixture_loop_scope" is unset.
The event loop scope for asynchronous fixtures will default to the fixture caching scope. Future versions of pytest-asyncio will default the loop scope for asynchronous fixtures to function scope. Set the default fixture loop scope explicitly in order to avoid unexpected behavior in the future. Valid fixture loop scopes are: "function", "class", "module", "package", "session"

  warnings.warn(PytestDeprecationWarning(_DEFAULT_FIXTURE_LOOP_SCOPE_UNSET))
============================= test session starts ==============================
platform linux -- Python 3.13.3, pytest-8.3.5, pluggy-1.6.0
rootdir: /home/carlossprekelsen/CameraRecorder/mediamtx-camera-service
configfile: pytest.ini
plugins: cov-6.2.1, asyncio-0.25.1, typeguard-4.4.2
asyncio: mode=Mode.STRICT, asyncio_default_fixture_loop_scope=None
collected 18 items

tests/integration/test_security_api_keys.py ...............F..           [100%]

=================================== FAILURES ===================================
____________ TestAPIKeySecurity.test_api_key_permission_boundaries _____________
tests/integration/test_security_api_keys.py:375: in test_api_key_permission_boundaries
    assert operator_result.role == "operator"
E   AssertionError: assert 'viewer' == 'operator'
E     
E     - operator
E     + viewer
=========================== short test summary info ============================
FAILED tests/integration/test_security_api_keys.py::TestAPIKeySecurity::test_api_key_permission_boundaries
========================= 1 failed, 17 passed in 0.30s =========================
